[ 2016-02-11T10:45:07+08:00 ] ::1 /PHYMAN/index.php
INFO: [ app_init ] --START--
INFO: Run Behavior\BuildLiteBehavior [ RunTime:0.000213s ]
INFO: [ app_init ] --END-- [ RunTime:0.040934s ]
INFO: [ app_begin ] --START--
INFO: Run Behavior\ReadHtmlCacheBehavior [ RunTime:0.016139s ]
INFO: [ app_begin ] --END-- [ RunTime:0.017120s ]
NOTIC: [2048] Declaration of Home\Controller\IndexController::show() should be compatible with Think\Controller::show($content, $charset = '', $contentType = '', $prefix = '') D:\Coding\xampp\htdocs\dashboard\PHYMAN\Background\Home\Controller\IndexController.class.php 第 777 行.

[ 2016-02-11T10:54:51+08:00 ] ::1 /PHYMAN/index.php
INFO: [ app_init ] --START--
INFO: Run Behavior\BuildLiteBehavior [ RunTime:0.000181s ]
INFO: [ app_init ] --END-- [ RunTime:0.001638s ]
INFO: [ app_begin ] --START--
INFO: Run Behavior\ReadHtmlCacheBehavior [ RunTime:0.001280s ]
INFO: [ app_begin ] --END-- [ RunTime:0.002223s ]
NOTIC: [2048] Declaration of Home\Controller\IndexController::show() should be compatible with Think\Controller::show($content, $charset = '', $contentType = '', $prefix = '') D:\Coding\xampp\htdocs\dashboard\PHYMAN\Background\Home\Controller\IndexController.class.php 第 782 行.

[ 2016-02-11T11:02:28+08:00 ] ::1 /PHYMAN/index.php
INFO: [ app_init ] --START--
INFO: Run Behavior\BuildLiteBehavior [ RunTime:0.000183s ]
INFO: [ app_init ] --END-- [ RunTime:0.001911s ]
INFO: [ app_begin ] --START--
INFO: Run Behavior\ReadHtmlCacheBehavior [ RunTime:0.001210s ]
INFO: [ app_begin ] --END-- [ RunTime:0.002069s ]
NOTIC: [2048] Declaration of Home\Controller\IndexController::show() should be compatible with Think\Controller::show($content, $charset = '', $contentType = '', $prefix = '') D:\Coding\xampp\htdocs\dashboard\PHYMAN\Background\Home\Controller\IndexController.class.php 第 786 行.

[ 2016-02-11T11:04:04+08:00 ] ::1 /PHYMAN/index.php
INFO: [ app_init ] --START--
INFO: Run Behavior\BuildLiteBehavior [ RunTime:0.000184s ]
INFO: [ app_init ] --END-- [ RunTime:0.001907s ]
INFO: [ app_begin ] --START--
INFO: Run Behavior\ReadHtmlCacheBehavior [ RunTime:0.001319s ]
INFO: [ app_begin ] --END-- [ RunTime:0.002220s ]
NOTIC: [2048] Declaration of Home\Controller\IndexController::show() should be compatible with Think\Controller::show($content, $charset = '', $contentType = '', $prefix = '') D:\Coding\xampp\htdocs\dashboard\PHYMAN\Background\Home\Controller\IndexController.class.php 第 786 行.

[ 2016-02-11T11:04:31+08:00 ] ::1 /PHYMAN/index.php
INFO: [ app_init ] --START--
INFO: Run Behavior\BuildLiteBehavior [ RunTime:0.000182s ]
INFO: [ app_init ] --END-- [ RunTime:0.002038s ]
INFO: [ app_begin ] --START--
INFO: Run Behavior\ReadHtmlCacheBehavior [ RunTime:0.001440s ]
INFO: [ app_begin ] --END-- [ RunTime:0.002436s ]
NOTIC: [2048] Declaration of Home\Controller\IndexController::show() should be compatible with Think\Controller::show($content, $charset = '', $contentType = '', $prefix = '') D:\Coding\xampp\htdocs\dashboard\PHYMAN\Background\Home\Controller\IndexController.class.php 第 787 行.

[ 2016-02-11T11:05:16+08:00 ] ::1 /PHYMAN/index.php
INFO: [ app_init ] --START--
INFO: Run Behavior\BuildLiteBehavior [ RunTime:0.000182s ]
INFO: [ app_init ] --END-- [ RunTime:0.001794s ]
INFO: [ app_begin ] --START--
INFO: Run Behavior\ReadHtmlCacheBehavior [ RunTime:0.001470s ]
INFO: [ app_begin ] --END-- [ RunTime:0.002418s ]
NOTIC: [2048] Declaration of Home\Controller\IndexController::show() should be compatible with Think\Controller::show($content, $charset = '', $contentType = '', $prefix = '') D:\Coding\xampp\htdocs\dashboard\PHYMAN\Background\Home\Controller\IndexController.class.php 第 787 行.

[ 2016-02-11T11:05:37+08:00 ] ::1 /PHYMAN/index.php
INFO: [ app_init ] --START--
INFO: Run Behavior\BuildLiteBehavior [ RunTime:0.000181s ]
INFO: [ app_init ] --END-- [ RunTime:0.001677s ]
INFO: [ app_begin ] --START--
INFO: Run Behavior\ReadHtmlCacheBehavior [ RunTime:0.001181s ]
INFO: [ app_begin ] --END-- [ RunTime:0.002160s ]
NOTIC: [2048] Declaration of Home\Controller\IndexController::show() should be compatible with Think\Controller::show($content, $charset = '', $contentType = '', $prefix = '') D:\Coding\xampp\htdocs\dashboard\PHYMAN\Background\Home\Controller\IndexController.class.php 第 787 行.

[ 2016-02-11T11:34:18+08:00 ] ::1 /PHYMAN/index.php?c=Getvotexls
INFO: [ app_init ] --START--
INFO: Run Behavior\BuildLiteBehavior [ RunTime:0.000189s ]
INFO: [ app_init ] --END-- [ RunTime:0.001844s ]
INFO: [ app_begin ] --START--
INFO: Run Behavior\ReadHtmlCacheBehavior [ RunTime:0.001417s ]
INFO: [ app_begin ] --END-- [ RunTime:0.002453s ]
NOTIC: [8] Use of undefined constant Vendor - assumed 'Vendor' D:\Coding\xampp\htdocs\dashboard\PHYMAN\Background\Home\Controller\GetvotexlsController.class.php 第 11 行.
NOTIC: [8] Use of undefined constant Classes - assumed 'Classes' D:\Coding\xampp\htdocs\dashboard\PHYMAN\Background\Home\Controller\GetvotexlsController.class.php 第 11 行.
NOTIC: [8] Use of undefined constant Writer - assumed 'Writer' D:\Coding\xampp\htdocs\dashboard\PHYMAN\Background\Home\Controller\GetvotexlsController.class.php 第 11 行.
NOTIC: [8] Use of undefined constant Excel5 - assumed 'Excel5' D:\Coding\xampp\htdocs\dashboard\PHYMAN\Background\Home\Controller\GetvotexlsController.class.php 第 11 行.
NOTIC: [8] Use of undefined constant php - assumed 'php' D:\Coding\xampp\htdocs\dashboard\PHYMAN\Background\Home\Controller\GetvotexlsController.class.php 第 11 行.
NOTIC: [8] Use of undefined constant Vendor - assumed 'Vendor' D:\Coding\xampp\htdocs\dashboard\PHYMAN\Background\Home\Controller\GetvotexlsController.class.php 第 12 行.
NOTIC: [8] Use of undefined constant Classes - assumed 'Classes' D:\Coding\xampp\htdocs\dashboard\PHYMAN\Background\Home\Controller\GetvotexlsController.class.php 第 12 行.
NOTIC: [8] Use of undefined constant IOFactory - assumed 'IOFactory' D:\Coding\xampp\htdocs\dashboard\PHYMAN\Background\Home\Controller\GetvotexlsController.class.php 第 12 行.
NOTIC: [8] Use of undefined constant php - assumed 'php' D:\Coding\xampp\htdocs\dashboard\PHYMAN\Background\Home\Controller\GetvotexlsController.class.php 第 12 行.
INFO: [ view_parse ] --START--
INFO: [ template_filter ] --START--
INFO: Run Behavior\ContentReplaceBehavior [ RunTime:0.000392s ]
INFO: [ template_filter ] --END-- [ RunTime:0.001348s ]
INFO: Run Behavior\ParseTemplateBehavior [ RunTime:0.095399s ]
INFO: [ view_parse ] --END-- [ RunTime:0.096723s ]
INFO: [ view_filter ] --START--
INFO: Run Behavior\WriteHtmlCacheBehavior [ RunTime:0.008176s ]
INFO: [ view_filter ] --END-- [ RunTime:0.009142s ]
NOTIC: [8192] mysql_connect(): The mysql extension is deprecated and will be removed in the future: use mysqli or PDO instead D:\Coding\xampp\htdocs\dashboard\PHYMAN\ThinkPHP\Library\Think\Db\Driver\Mysql.class.php 第 52 行.
SQL: SHOW COLUMNS FROM `phyman_phyman_vote_user1` [ RunTime:0.044387s ]
ERR: 1146:Table 'phyman.phyman_phyman_vote_user1' doesn't exist
 [ SQL语句 ] : SHOW COLUMNS FROM `phyman_phyman_vote_user1`
SQL: SELECT `id`,`name`,`choose`,`option` FROM `phyman_phyman_vote_user1`  [ RunTime:0.002429s ]
ERR: 1146:Table 'phyman.phyman_phyman_vote_user1' doesn't exist
 [ SQL语句 ] : SELECT `id`,`name`,`choose`,`option` FROM `phyman_phyman_vote_user1` 
NOTIC: [2] Invalid argument supplied for foreach() D:\Coding\xampp\htdocs\dashboard\PHYMAN\Background\Home\Controller\GetvotexlsController.class.php 第 90 行.

[ 2016-02-11T11:34:24+08:00 ] ::1 /PHYMAN/index.php
INFO: [ app_init ] --START--
INFO: Run Behavior\BuildLiteBehavior [ RunTime:0.000202s ]
INFO: [ app_init ] --END-- [ RunTime:0.001957s ]
INFO: [ app_begin ] --START--
INFO: Run Behavior\ReadHtmlCacheBehavior [ RunTime:0.002650s ]
INFO: [ app_begin ] --END-- [ RunTime:0.004115s ]
NOTIC: [2048] Declaration of Home\Controller\IndexController::show() should be compatible with Think\Controller::show($content, $charset = '', $contentType = '', $prefix = '') D:\Coding\xampp\htdocs\dashboard\PHYMAN\Background\Home\Controller\IndexController.class.php 第 789 行.
ERR: Think\Controller:Getvotexls方法不存在！

[ 2016-02-11T11:34:50+08:00 ] ::1 /PHYMAN/index.php?c=Getvotexls
INFO: [ app_init ] --START--
INFO: Run Behavior\BuildLiteBehavior [ RunTime:0.000268s ]
INFO: [ app_init ] --END-- [ RunTime:0.002651s ]
INFO: [ app_begin ] --START--
INFO: Run Behavior\ReadHtmlCacheBehavior [ RunTime:0.001249s ]
INFO: [ app_begin ] --END-- [ RunTime:0.002193s ]
NOTIC: [8] Use of undefined constant Vendor - assumed 'Vendor' D:\Coding\xampp\htdocs\dashboard\PHYMAN\Background\Home\Controller\GetvotexlsController.class.php 第 11 行.
NOTIC: [8] Use of undefined constant Classes - assumed 'Classes' D:\Coding\xampp\htdocs\dashboard\PHYMAN\Background\Home\Controller\GetvotexlsController.class.php 第 11 行.
NOTIC: [8] Use of undefined constant Writer - assumed 'Writer' D:\Coding\xampp\htdocs\dashboard\PHYMAN\Background\Home\Controller\GetvotexlsController.class.php 第 11 行.
NOTIC: [8] Use of undefined constant Excel5 - assumed 'Excel5' D:\Coding\xampp\htdocs\dashboard\PHYMAN\Background\Home\Controller\GetvotexlsController.class.php 第 11 行.
NOTIC: [8] Use of undefined constant php - assumed 'php' D:\Coding\xampp\htdocs\dashboard\PHYMAN\Background\Home\Controller\GetvotexlsController.class.php 第 11 行.
NOTIC: [8] Use of undefined constant Vendor - assumed 'Vendor' D:\Coding\xampp\htdocs\dashboard\PHYMAN\Background\Home\Controller\GetvotexlsController.class.php 第 12 行.
NOTIC: [8] Use of undefined constant Classes - assumed 'Classes' D:\Coding\xampp\htdocs\dashboard\PHYMAN\Background\Home\Controller\GetvotexlsController.class.php 第 12 行.
NOTIC: [8] Use of undefined constant IOFactory - assumed 'IOFactory' D:\Coding\xampp\htdocs\dashboard\PHYMAN\Background\Home\Controller\GetvotexlsController.class.php 第 12 行.
NOTIC: [8] Use of undefined constant php - assumed 'php' D:\Coding\xampp\htdocs\dashboard\PHYMAN\Background\Home\Controller\GetvotexlsController.class.php 第 12 行.
INFO: [ view_parse ] --START--
INFO: [ template_filter ] --START--
INFO: Run Behavior\ContentReplaceBehavior [ RunTime:0.000412s ]
INFO: [ template_filter ] --END-- [ RunTime:0.001320s ]
INFO: Run Behavior\ParseTemplateBehavior [ RunTime:0.023094s ]
INFO: [ view_parse ] --END-- [ RunTime:0.024035s ]
INFO: [ view_filter ] --START--
INFO: Run Behavior\WriteHtmlCacheBehavior [ RunTime:0.001672s ]
INFO: [ view_filter ] --END-- [ RunTime:0.002648s ]
NOTIC: [8192] mysql_connect(): The mysql extension is deprecated and will be removed in the future: use mysqli or PDO instead D:\Coding\xampp\htdocs\dashboard\PHYMAN\ThinkPHP\Library\Think\Db\Driver\Mysql.class.php 第 52 行.
SQL: SHOW COLUMNS FROM `phyman_phyman_vote_user1` [ RunTime:0.015153s ]
ERR: 1146:Table 'phyman.phyman_phyman_vote_user1' doesn't exist
 [ SQL语句 ] : SHOW COLUMNS FROM `phyman_phyman_vote_user1`
SQL: SELECT `id`,`name`,`choose`,`option` FROM `phyman_phyman_vote_user1`  [ RunTime:0.000434s ]
ERR: 1146:Table 'phyman.phyman_phyman_vote_user1' doesn't exist
 [ SQL语句 ] : SELECT `id`,`name`,`choose`,`option` FROM `phyman_phyman_vote_user1` 
NOTIC: [2] Invalid argument supplied for foreach() D:\Coding\xampp\htdocs\dashboard\PHYMAN\Background\Home\Controller\GetvotexlsController.class.php 第 90 行.

[ 2016-02-11T11:35:50+08:00 ] ::1 /PHYMAN/index.php?c=Getvotexls
INFO: [ app_init ] --START--
INFO: Run Behavior\BuildLiteBehavior [ RunTime:0.000212s ]
INFO: [ app_init ] --END-- [ RunTime:0.002997s ]
INFO: [ app_begin ] --START--
INFO: Run Behavior\ReadHtmlCacheBehavior [ RunTime:0.001722s ]
INFO: [ app_begin ] --END-- [ RunTime:0.002975s ]
NOTIC: [8] Use of undefined constant Vendor - assumed 'Vendor' D:\Coding\xampp\htdocs\dashboard\PHYMAN\Background\Home\Controller\GetvotexlsController.class.php 第 11 行.
NOTIC: [8] Use of undefined constant Classes - assumed 'Classes' D:\Coding\xampp\htdocs\dashboard\PHYMAN\Background\Home\Controller\GetvotexlsController.class.php 第 11 行.
NOTIC: [8] Use of undefined constant Writer - assumed 'Writer' D:\Coding\xampp\htdocs\dashboard\PHYMAN\Background\Home\Controller\GetvotexlsController.class.php 第 11 行.
NOTIC: [8] Use of undefined constant Excel5 - assumed 'Excel5' D:\Coding\xampp\htdocs\dashboard\PHYMAN\Background\Home\Controller\GetvotexlsController.class.php 第 11 行.
NOTIC: [8] Use of undefined constant php - assumed 'php' D:\Coding\xampp\htdocs\dashboard\PHYMAN\Background\Home\Controller\GetvotexlsController.class.php 第 11 行.
NOTIC: [8] Use of undefined constant Vendor - assumed 'Vendor' D:\Coding\xampp\htdocs\dashboard\PHYMAN\Background\Home\Controller\GetvotexlsController.class.php 第 12 行.
NOTIC: [8] Use of undefined constant Classes - assumed 'Classes' D:\Coding\xampp\htdocs\dashboard\PHYMAN\Background\Home\Controller\GetvotexlsController.class.php 第 12 行.
NOTIC: [8] Use of undefined constant IOFactory - assumed 'IOFactory' D:\Coding\xampp\htdocs\dashboard\PHYMAN\Background\Home\Controller\GetvotexlsController.class.php 第 12 行.
NOTIC: [8] Use of undefined constant php - assumed 'php' D:\Coding\xampp\htdocs\dashboard\PHYMAN\Background\Home\Controller\GetvotexlsController.class.php 第 12 行.
INFO: [ view_parse ] --START--
INFO: [ template_filter ] --START--
INFO: Run Behavior\ContentReplaceBehavior [ RunTime:0.000390s ]
INFO: [ template_filter ] --END-- [ RunTime:0.001430s ]
INFO: Run Behavior\ParseTemplateBehavior [ RunTime:0.021687s ]
INFO: [ view_parse ] --END-- [ RunTime:0.022704s ]
INFO: [ view_filter ] --START--
INFO: Run Behavior\WriteHtmlCacheBehavior [ RunTime:0.001547s ]
INFO: [ view_filter ] --END-- [ RunTime:0.002515s ]
INFO: [ app_end ] --START--
INFO: Run Behavior\ShowPageTraceBehavior [ RunTime:0.015348s ]
INFO: [ app_end ] --END-- [ RunTime:0.016725s ]

[ 2016-02-11T11:35:53+08:00 ] ::1 /PHYMAN/index.php/Home/Index/index.html
INFO: [ app_init ] --START--
INFO: Run Behavior\BuildLiteBehavior [ RunTime:0.000244s ]
INFO: [ app_init ] --END-- [ RunTime:0.002418s ]
INFO: [ app_begin ] --START--
INFO: Run Behavior\ReadHtmlCacheBehavior [ RunTime:0.001416s ]
INFO: [ app_begin ] --END-- [ RunTime:0.002333s ]
NOTIC: [2048] Declaration of Home\Controller\IndexController::show() should be compatible with Think\Controller::show($content, $charset = '', $contentType = '', $prefix = '') D:\Coding\xampp\htdocs\dashboard\PHYMAN\Background\Home\Controller\IndexController.class.php 第 789 行.
ERR: Think\Controller:Getvotexls方法不存在！

[ 2016-02-11T11:41:41+08:00 ] ::1 /PHYMAN/index.php/?c=Articlelist
INFO: [ app_init ] --START--
INFO: Run Behavior\BuildLiteBehavior [ RunTime:0.000311s ]
INFO: [ app_init ] --END-- [ RunTime:0.002557s ]
INFO: [ app_begin ] --START--
INFO: Run Behavior\ReadHtmlCacheBehavior [ RunTime:0.001553s ]
INFO: [ app_begin ] --END-- [ RunTime:0.003269s ]

[ 2016-02-11T11:41:50+08:00 ] ::1 /PHYMAN/index.php?c=Articlelist
INFO: [ app_init ] --START--
INFO: Run Behavior\BuildLiteBehavior [ RunTime:0.000188s ]
INFO: [ app_init ] --END-- [ RunTime:0.001748s ]
INFO: [ app_begin ] --START--
INFO: Run Behavior\ReadHtmlCacheBehavior [ RunTime:0.001374s ]
INFO: [ app_begin ] --END-- [ RunTime:0.002378s ]

[ 2016-02-11T11:42:22+08:00 ] ::1 /PHYMAN/index.php?c=Articlelist
INFO: [ app_init ] --START--
INFO: Run Behavior\BuildLiteBehavior [ RunTime:0.000309s ]
INFO: [ app_init ] --END-- [ RunTime:0.002653s ]
INFO: [ app_begin ] --START--
INFO: Run Behavior\ReadHtmlCacheBehavior [ RunTime:0.001380s ]
INFO: [ app_begin ] --END-- [ RunTime:0.002272s ]
ERR: 模板不存在:./Background/Home/View/./View/Index/index.html.html

[ 2016-02-11T11:42:34+08:00 ] ::1 /PHYMAN/index.php?c=Articlelist
INFO: [ app_init ] --START--
INFO: Run Behavior\BuildLiteBehavior [ RunTime:0.000184s ]
INFO: [ app_init ] --END-- [ RunTime:0.002068s ]
INFO: [ app_begin ] --START--
INFO: Run Behavior\ReadHtmlCacheBehavior [ RunTime:0.001476s ]
INFO: [ app_begin ] --END-- [ RunTime:0.002473s ]
ERR: 模板不存在:./Background/Home/View/Index/index.html.html

[ 2016-02-11T11:42:47+08:00 ] ::1 /PHYMAN/index.php?c=Articlelist
INFO: [ app_init ] --START--
INFO: Run Behavior\BuildLiteBehavior [ RunTime:0.000236s ]
INFO: [ app_init ] --END-- [ RunTime:0.002101s ]
INFO: [ app_begin ] --START--
INFO: Run Behavior\ReadHtmlCacheBehavior [ RunTime:0.001408s ]
INFO: [ app_begin ] --END-- [ RunTime:0.002364s ]
INFO: [ view_parse ] --START--
INFO: [ template_filter ] --START--
INFO: Run Behavior\ContentReplaceBehavior [ RunTime:0.000514s ]
INFO: [ template_filter ] --END-- [ RunTime:0.001968s ]
INFO: Run Behavior\ParseTemplateBehavior [ RunTime:0.022404s ]
INFO: [ view_parse ] --END-- [ RunTime:0.023400s ]
INFO: [ view_filter ] --START--
INFO: Run Behavior\WriteHtmlCacheBehavior [ RunTime:0.001302s ]
INFO: [ view_filter ] --END-- [ RunTime:0.002242s ]

[ 2016-02-11T11:43:23+08:00 ] ::1 /PHYMAN/index.php?c=Getvotexls
INFO: [ app_init ] --START--
INFO: Run Behavior\BuildLiteBehavior [ RunTime:0.000325s ]
INFO: [ app_init ] --END-- [ RunTime:0.003221s ]
INFO: [ app_begin ] --START--
INFO: Run Behavior\ReadHtmlCacheBehavior [ RunTime:0.001419s ]
INFO: [ app_begin ] --END-- [ RunTime:0.002524s ]
NOTIC: [8] Use of undefined constant Vendor - assumed 'Vendor' D:\Coding\xampp\htdocs\dashboard\PHYMAN\Background\Home\Controller\GetvotexlsController.class.php 第 11 行.
NOTIC: [8] Use of undefined constant Classes - assumed 'Classes' D:\Coding\xampp\htdocs\dashboard\PHYMAN\Background\Home\Controller\GetvotexlsController.class.php 第 11 行.
NOTIC: [8] Use of undefined constant Writer - assumed 'Writer' D:\Coding\xampp\htdocs\dashboard\PHYMAN\Background\Home\Controller\GetvotexlsController.class.php 第 11 行.
NOTIC: [8] Use of undefined constant Excel5 - assumed 'Excel5' D:\Coding\xampp\htdocs\dashboard\PHYMAN\Background\Home\Controller\GetvotexlsController.class.php 第 11 行.
NOTIC: [8] Use of undefined constant php - assumed 'php' D:\Coding\xampp\htdocs\dashboard\PHYMAN\Background\Home\Controller\GetvotexlsController.class.php 第 11 行.
NOTIC: [8] Use of undefined constant Vendor - assumed 'Vendor' D:\Coding\xampp\htdocs\dashboard\PHYMAN\Background\Home\Controller\GetvotexlsController.class.php 第 12 行.
NOTIC: [8] Use of undefined constant Classes - assumed 'Classes' D:\Coding\xampp\htdocs\dashboard\PHYMAN\Background\Home\Controller\GetvotexlsController.class.php 第 12 行.
NOTIC: [8] Use of undefined constant IOFactory - assumed 'IOFactory' D:\Coding\xampp\htdocs\dashboard\PHYMAN\Background\Home\Controller\GetvotexlsController.class.php 第 12 行.
NOTIC: [8] Use of undefined constant php - assumed 'php' D:\Coding\xampp\htdocs\dashboard\PHYMAN\Background\Home\Controller\GetvotexlsController.class.php 第 12 行.
INFO: [ view_parse ] --START--
INFO: [ template_filter ] --START--
INFO: Run Behavior\ContentReplaceBehavior [ RunTime:0.000382s ]
INFO: [ template_filter ] --END-- [ RunTime:0.001385s ]
INFO: Run Behavior\ParseTemplateBehavior [ RunTime:0.023651s ]
INFO: [ view_parse ] --END-- [ RunTime:0.024604s ]
INFO: [ view_filter ] --START--
INFO: Run Behavior\WriteHtmlCacheBehavior [ RunTime:0.001351s ]
INFO: [ view_filter ] --END-- [ RunTime:0.002359s ]
INFO: [ app_end ] --START--
INFO: Run Behavior\ShowPageTraceBehavior [ RunTime:0.001515s ]
INFO: [ app_end ] --END-- [ RunTime:0.002495s ]

[ 2016-02-11T11:43:33+08:00 ] ::1 /PHYMAN/index.php/Home/Index/index.html
INFO: [ app_init ] --START--
INFO: Run Behavior\BuildLiteBehavior [ RunTime:0.000172s ]
INFO: [ app_init ] --END-- [ RunTime:0.001762s ]
INFO: [ app_begin ] --START--
INFO: Run Behavior\ReadHtmlCacheBehavior [ RunTime:0.001347s ]
INFO: [ app_begin ] --END-- [ RunTime:0.002234s ]
NOTIC: [2048] Declaration of Home\Controller\IndexController::show() should be compatible with Think\Controller::show($content, $charset = '', $contentType = '', $prefix = '') D:\Coding\xampp\htdocs\dashboard\PHYMAN\Background\Home\Controller\IndexController.class.php 第 789 行.
NOTIC: [8] Use of undefined constant Articlelist - assumed 'Articlelist' D:\Coding\xampp\htdocs\dashboard\PHYMAN\Background\Home\Controller\IndexController.class.php 第 334 行.

[ 2016-02-11T11:43:34+08:00 ] ::1 /PHYMAN/index.php/Home/Index/index.html
INFO: [ app_init ] --START--
INFO: Run Behavior\BuildLiteBehavior [ RunTime:0.000182s ]
INFO: [ app_init ] --END-- [ RunTime:0.001691s ]
INFO: [ app_begin ] --START--
INFO: Run Behavior\ReadHtmlCacheBehavior [ RunTime:0.001353s ]
INFO: [ app_begin ] --END-- [ RunTime:0.002332s ]
NOTIC: [2048] Declaration of Home\Controller\IndexController::show() should be compatible with Think\Controller::show($content, $charset = '', $contentType = '', $prefix = '') D:\Coding\xampp\htdocs\dashboard\PHYMAN\Background\Home\Controller\IndexController.class.php 第 789 行.
NOTIC: [8] Use of undefined constant Articlelist - assumed 'Articlelist' D:\Coding\xampp\htdocs\dashboard\PHYMAN\Background\Home\Controller\IndexController.class.php 第 334 行.

[ 2016-02-11T11:44:03+08:00 ] ::1 /PHYMAN/index.php/Home/Index/index.html
INFO: [ app_init ] --START--
INFO: Run Behavior\BuildLiteBehavior [ RunTime:0.000184s ]
INFO: [ app_init ] --END-- [ RunTime:0.002181s ]
INFO: [ app_begin ] --START--
INFO: Run Behavior\ReadHtmlCacheBehavior [ RunTime:0.001368s ]
INFO: [ app_begin ] --END-- [ RunTime:0.002305s ]
NOTIC: [2048] Declaration of Home\Controller\IndexController::show() should be compatible with Think\Controller::show($content, $charset = '', $contentType = '', $prefix = '') D:\Coding\xampp\htdocs\dashboard\PHYMAN\Background\Home\Controller\IndexController.class.php 第 789 行.
NOTIC: [8] Use of undefined constant Articlelist - assumed 'Articlelist' D:\Coding\xampp\htdocs\dashboard\PHYMAN\Background\Home\Controller\IndexController.class.php 第 334 行.

[ 2016-02-11T11:44:15+08:00 ] ::1 /PHYMAN/index.php/Home/Index/index.html
INFO: [ app_init ] --START--
INFO: Run Behavior\BuildLiteBehavior [ RunTime:0.000173s ]
INFO: [ app_init ] --END-- [ RunTime:0.001847s ]
INFO: [ app_begin ] --START--
INFO: Run Behavior\ReadHtmlCacheBehavior [ RunTime:0.001455s ]
INFO: [ app_begin ] --END-- [ RunTime:0.002417s ]
NOTIC: [2048] Declaration of Home\Controller\IndexController::show() should be compatible with Think\Controller::show($content, $charset = '', $contentType = '', $prefix = '') D:\Coding\xampp\htdocs\dashboard\PHYMAN\Background\Home\Controller\IndexController.class.php 第 789 行.
NOTIC: [8] Use of undefined constant Articlelist - assumed 'Articlelist' D:\Coding\xampp\htdocs\dashboard\PHYMAN\Background\Home\Controller\IndexController.class.php 第 334 行.

[ 2016-02-11T11:44:25+08:00 ] ::1 /PHYMAN/index.php?c=Articlelist
INFO: [ app_init ] --START--
INFO: Run Behavior\BuildLiteBehavior [ RunTime:0.000184s ]
INFO: [ app_init ] --END-- [ RunTime:0.001904s ]
INFO: [ app_begin ] --START--
INFO: Run Behavior\ReadHtmlCacheBehavior [ RunTime:0.001375s ]
INFO: [ app_begin ] --END-- [ RunTime:0.002391s ]
INFO: [ view_parse ] --START--
INFO: [ template_filter ] --START--
INFO: Run Behavior\ContentReplaceBehavior [ RunTime:0.000403s ]
INFO: [ template_filter ] --END-- [ RunTime:0.001361s ]
INFO: Run Behavior\ParseTemplateBehavior [ RunTime:0.022509s ]
INFO: [ view_parse ] --END-- [ RunTime:0.024369s ]
INFO: [ view_filter ] --START--
INFO: Run Behavior\WriteHtmlCacheBehavior [ RunTime:0.001548s ]
INFO: [ view_filter ] --END-- [ RunTime:0.002872s ]

[ 2016-02-11T11:45:07+08:00 ] ::1 /PHYMAN/index.php?c=Articlelist
INFO: [ app_init ] --START--
INFO: Run Behavior\BuildLiteBehavior [ RunTime:0.000212s ]
INFO: [ app_init ] --END-- [ RunTime:0.002037s ]
INFO: [ app_begin ] --START--
INFO: Run Behavior\ReadHtmlCacheBehavior [ RunTime:0.001413s ]
INFO: [ app_begin ] --END-- [ RunTime:0.002370s ]
INFO: [ view_parse ] --START--
INFO: [ template_filter ] --START--
INFO: Run Behavior\ContentReplaceBehavior [ RunTime:0.000383s ]
INFO: [ template_filter ] --END-- [ RunTime:0.001355s ]
INFO: Run Behavior\ParseTemplateBehavior [ RunTime:0.023144s ]
INFO: [ view_parse ] --END-- [ RunTime:0.024848s ]
INFO: [ view_filter ] --START--
INFO: Run Behavior\WriteHtmlCacheBehavior [ RunTime:0.001885s ]
INFO: [ view_filter ] --END-- [ RunTime:0.003153s ]
NOTIC: [8] Array to string conversion D:\Coding\xampp\htdocs\dashboard\PHYMAN\Background\Home\Controller\ArticlelistController.class.php 第 11 行.
NOTIC: [8] Array to string conversion D:\Coding\xampp\htdocs\dashboard\PHYMAN\Background\Home\Controller\ArticlelistController.class.php 第 12 行.

[ 2016-02-11T11:45:31+08:00 ] ::1 /PHYMAN/index.php?c=Articlelist
INFO: [ app_init ] --START--
INFO: Run Behavior\BuildLiteBehavior [ RunTime:0.000370s ]
INFO: [ app_init ] --END-- [ RunTime:0.002870s ]
INFO: [ app_begin ] --START--
INFO: Run Behavior\ReadHtmlCacheBehavior [ RunTime:0.001412s ]
INFO: [ app_begin ] --END-- [ RunTime:0.002423s ]
INFO: [ view_parse ] --START--
INFO: [ template_filter ] --START--
INFO: Run Behavior\ContentReplaceBehavior [ RunTime:0.000374s ]
INFO: [ template_filter ] --END-- [ RunTime:0.001393s ]
INFO: Run Behavior\ParseTemplateBehavior [ RunTime:0.023085s ]
INFO: [ view_parse ] --END-- [ RunTime:0.024031s ]
INFO: [ view_filter ] --START--
INFO: Run Behavior\WriteHtmlCacheBehavior [ RunTime:0.001222s ]
INFO: [ view_filter ] --END-- [ RunTime:0.002163s ]

[ 2016-02-11T11:46:42+08:00 ] ::1 /PHYMAN/index.php?c=Getvotexls
INFO: [ app_init ] --START--
INFO: Run Behavior\BuildLiteBehavior [ RunTime:0.000184s ]
INFO: [ app_init ] --END-- [ RunTime:0.002045s ]
INFO: [ app_begin ] --START--
INFO: Run Behavior\ReadHtmlCacheBehavior [ RunTime:0.001423s ]
INFO: [ app_begin ] --END-- [ RunTime:0.002426s ]
NOTIC: [8] Use of undefined constant Vendor - assumed 'Vendor' D:\Coding\xampp\htdocs\dashboard\PHYMAN\Background\Home\Controller\GetvotexlsController.class.php 第 11 行.
NOTIC: [8] Use of undefined constant Classes - assumed 'Classes' D:\Coding\xampp\htdocs\dashboard\PHYMAN\Background\Home\Controller\GetvotexlsController.class.php 第 11 行.
NOTIC: [8] Use of undefined constant Writer - assumed 'Writer' D:\Coding\xampp\htdocs\dashboard\PHYMAN\Background\Home\Controller\GetvotexlsController.class.php 第 11 行.
NOTIC: [8] Use of undefined constant Excel5 - assumed 'Excel5' D:\Coding\xampp\htdocs\dashboard\PHYMAN\Background\Home\Controller\GetvotexlsController.class.php 第 11 行.
NOTIC: [8] Use of undefined constant php - assumed 'php' D:\Coding\xampp\htdocs\dashboard\PHYMAN\Background\Home\Controller\GetvotexlsController.class.php 第 11 行.
NOTIC: [8] Use of undefined constant Vendor - assumed 'Vendor' D:\Coding\xampp\htdocs\dashboard\PHYMAN\Background\Home\Controller\GetvotexlsController.class.php 第 12 行.
NOTIC: [8] Use of undefined constant Classes - assumed 'Classes' D:\Coding\xampp\htdocs\dashboard\PHYMAN\Background\Home\Controller\GetvotexlsController.class.php 第 12 行.
NOTIC: [8] Use of undefined constant IOFactory - assumed 'IOFactory' D:\Coding\xampp\htdocs\dashboard\PHYMAN\Background\Home\Controller\GetvotexlsController.class.php 第 12 行.
NOTIC: [8] Use of undefined constant php - assumed 'php' D:\Coding\xampp\htdocs\dashboard\PHYMAN\Background\Home\Controller\GetvotexlsController.class.php 第 12 行.
INFO: [ view_parse ] --START--
INFO: [ template_filter ] --START--
INFO: Run Behavior\ContentReplaceBehavior [ RunTime:0.000633s ]
INFO: [ template_filter ] --END-- [ RunTime:0.001808s ]
INFO: Run Behavior\ParseTemplateBehavior [ RunTime:0.024898s ]
INFO: [ view_parse ] --END-- [ RunTime:0.026032s ]
INFO: [ view_filter ] --START--
INFO: Run Behavior\WriteHtmlCacheBehavior [ RunTime:0.001230s ]
INFO: [ view_filter ] --END-- [ RunTime:0.002192s ]
INFO: [ app_end ] --START--
INFO: Run Behavior\ShowPageTraceBehavior [ RunTime:0.001466s ]
INFO: [ app_end ] --END-- [ RunTime:0.002415s ]

[ 2016-02-11T11:46:43+08:00 ] ::1 /PHYMAN/index.php/Home/Index/index.html
INFO: [ app_init ] --START--
INFO: Run Behavior\BuildLiteBehavior [ RunTime:0.000264s ]
INFO: [ app_init ] --END-- [ RunTime:0.002369s ]
INFO: [ app_begin ] --START--
INFO: Run Behavior\ReadHtmlCacheBehavior [ RunTime:0.001340s ]
INFO: [ app_begin ] --END-- [ RunTime:0.002352s ]
NOTIC: [2048] Declaration of Home\Controller\IndexController::show() should be compatible with Think\Controller::show($content, $charset = '', $contentType = '', $prefix = '') D:\Coding\xampp\htdocs\dashboard\PHYMAN\Background\Home\Controller\IndexController.class.php 第 791 行.
INFO: [ view_parse ] --START--
INFO: [ template_filter ] --START--
INFO: Run Behavior\ContentReplaceBehavior [ RunTime:0.000358s ]
INFO: [ template_filter ] --END-- [ RunTime:0.001328s ]
INFO: Run Behavior\ParseTemplateBehavior [ RunTime:0.022792s ]
INFO: [ view_parse ] --END-- [ RunTime:0.023809s ]
INFO: [ view_filter ] --START--
INFO: Run Behavior\WriteHtmlCacheBehavior [ RunTime:0.001349s ]
INFO: [ view_filter ] --END-- [ RunTime:0.002339s ]

[ 2016-02-11T12:10:17+08:00 ] ::1 /PHYMAN/index.php
INFO: [ app_init ] --START--
INFO: Run Behavior\BuildLiteBehavior [ RunTime:0.000197s ]
INFO: [ app_init ] --END-- [ RunTime:0.001885s ]
INFO: [ app_begin ] --START--
INFO: Run Behavior\ReadHtmlCacheBehavior [ RunTime:0.001678s ]
INFO: [ app_begin ] --END-- [ RunTime:0.003306s ]

[ 2016-02-11T12:10:45+08:00 ] ::1 /PHYMAN/index.php
INFO: [ app_init ] --START--
INFO: Run Behavior\BuildLiteBehavior [ RunTime:0.000196s ]
INFO: [ app_init ] --END-- [ RunTime:0.001764s ]
INFO: [ app_begin ] --START--
INFO: Run Behavior\ReadHtmlCacheBehavior [ RunTime:0.001205s ]
INFO: [ app_begin ] --END-- [ RunTime:0.002253s ]

[ 2016-02-11T12:11:56+08:00 ] ::1 /PHYMAN/index.php
INFO: [ app_init ] --START--
INFO: Run Behavior\BuildLiteBehavior [ RunTime:0.000277s ]
INFO: [ app_init ] --END-- [ RunTime:0.002724s ]
INFO: [ app_begin ] --START--
INFO: Run Behavior\ReadHtmlCacheBehavior [ RunTime:0.001243s ]
INFO: [ app_begin ] --END-- [ RunTime:0.002468s ]

[ 2016-02-11T12:12:06+08:00 ] ::1 /PHYMAN/index.php
INFO: [ app_init ] --START--
INFO: Run Behavior\BuildLiteBehavior [ RunTime:0.000301s ]
INFO: [ app_init ] --END-- [ RunTime:0.003217s ]
INFO: [ app_begin ] --START--
INFO: Run Behavior\ReadHtmlCacheBehavior [ RunTime:0.001862s ]
INFO: [ app_begin ] --END-- [ RunTime:0.003418s ]

[ 2016-02-11T12:12:54+08:00 ] ::1 /PHYMAN/index.php
INFO: [ app_init ] --START--
INFO: Run Behavior\BuildLiteBehavior [ RunTime:0.000186s ]
INFO: [ app_init ] --END-- [ RunTime:0.001818s ]
INFO: [ app_begin ] --START--
INFO: Run Behavior\ReadHtmlCacheBehavior [ RunTime:0.001327s ]
INFO: [ app_begin ] --END-- [ RunTime:0.002728s ]

[ 2016-02-11T12:13:04+08:00 ] ::1 /PHYMAN/index.php
INFO: [ app_init ] --START--
INFO: Run Behavior\BuildLiteBehavior [ RunTime:0.000216s ]
INFO: [ app_init ] --END-- [ RunTime:0.002715s ]
INFO: [ app_begin ] --START--
INFO: Run Behavior\ReadHtmlCacheBehavior [ RunTime:0.001865s ]
INFO: [ app_begin ] --END-- [ RunTime:0.005095s ]

[ 2016-02-11T12:25:14+08:00 ] ::1 /PHYMAN/index.php
INFO: [ app_init ] --START--
INFO: Run Behavior\BuildLiteBehavior [ RunTime:0.000179s ]
INFO: [ app_init ] --END-- [ RunTime:0.001835s ]
INFO: [ app_begin ] --START--
INFO: Run Behavior\ReadHtmlCacheBehavior [ RunTime:0.001456s ]
INFO: [ app_begin ] --END-- [ RunTime:0.002339s ]

[ 2016-02-11T12:25:16+08:00 ] ::1 /PHYMAN/index.php
INFO: [ app_init ] --START--
INFO: Run Behavior\BuildLiteBehavior [ RunTime:0.000480s ]
INFO: [ app_init ] --END-- [ RunTime:0.002729s ]
INFO: [ app_begin ] --START--
INFO: Run Behavior\ReadHtmlCacheBehavior [ RunTime:0.001719s ]
INFO: [ app_begin ] --END-- [ RunTime:0.003212s ]

[ 2016-02-11T13:03:00+08:00 ] ::1 /PHYMAN/index.php
INFO: [ app_init ] --START--
INFO: Run Behavior\BuildLiteBehavior [ RunTime:0.000185s ]
INFO: [ app_init ] --END-- [ RunTime:0.002119s ]
INFO: [ app_begin ] --START--
INFO: Run Behavior\ReadHtmlCacheBehavior [ RunTime:0.001386s ]
INFO: [ app_begin ] --END-- [ RunTime:0.002356s ]

[ 2016-02-11T13:03:01+08:00 ] ::1 /PHYMAN/index.php
INFO: [ app_init ] --START--
INFO: Run Behavior\BuildLiteBehavior [ RunTime:0.000543s ]
INFO: [ app_init ] --END-- [ RunTime:0.002687s ]
INFO: [ app_begin ] --START--
INFO: Run Behavior\ReadHtmlCacheBehavior [ RunTime:0.001201s ]
INFO: [ app_begin ] --END-- [ RunTime:0.002185s ]

[ 2016-02-11T13:03:06+08:00 ] ::1 /PHYMAN/index.php
INFO: [ app_init ] --START--
INFO: Run Behavior\BuildLiteBehavior [ RunTime:0.000185s ]
INFO: [ app_init ] --END-- [ RunTime:0.001795s ]
INFO: [ app_begin ] --START--
INFO: Run Behavior\ReadHtmlCacheBehavior [ RunTime:0.001501s ]
INFO: [ app_begin ] --END-- [ RunTime:0.002806s ]

[ 2016-02-11T13:03:21+08:00 ] ::1 /PHYMAN/index.php
INFO: [ app_init ] --START--
INFO: Run Behavior\BuildLiteBehavior [ RunTime:0.000320s ]
INFO: [ app_init ] --END-- [ RunTime:0.002595s ]
INFO: [ app_begin ] --START--
INFO: Run Behavior\ReadHtmlCacheBehavior [ RunTime:0.001331s ]
INFO: [ app_begin ] --END-- [ RunTime:0.002307s ]

[ 2016-02-11T13:03:46+08:00 ] ::1 /PHYMAN/index.php
INFO: [ app_init ] --START--
INFO: Run Behavior\BuildLiteBehavior [ RunTime:0.000187s ]
INFO: [ app_init ] --END-- [ RunTime:0.002016s ]
INFO: [ app_begin ] --START--
INFO: Run Behavior\ReadHtmlCacheBehavior [ RunTime:0.001522s ]
INFO: [ app_begin ] --END-- [ RunTime:0.002822s ]

[ 2016-02-11T13:04:54+08:00 ] ::1 /PHYMAN/index.php
INFO: [ app_init ] --START--
INFO: Run Behavior\BuildLiteBehavior [ RunTime:0.000193s ]
INFO: [ app_init ] --END-- [ RunTime:0.001941s ]
INFO: [ app_begin ] --START--
INFO: Run Behavior\ReadHtmlCacheBehavior [ RunTime:0.001113s ]
INFO: [ app_begin ] --END-- [ RunTime:0.002074s ]

[ 2016-02-11T13:05:47+08:00 ] ::1 /PHYMAN/index.php
INFO: [ app_init ] --START--
INFO: Run Behavior\BuildLiteBehavior [ RunTime:0.000174s ]
INFO: [ app_init ] --END-- [ RunTime:0.001994s ]
INFO: [ app_begin ] --START--
INFO: Run Behavior\ReadHtmlCacheBehavior [ RunTime:0.001265s ]
INFO: [ app_begin ] --END-- [ RunTime:0.002242s ]

[ 2016-02-11T13:06:23+08:00 ] ::1 /PHYMAN/index.php
INFO: [ app_init ] --START--
INFO: Run Behavior\BuildLiteBehavior [ RunTime:0.000263s ]
INFO: [ app_init ] --END-- [ RunTime:0.002402s ]
INFO: [ app_begin ] --START--
INFO: Run Behavior\ReadHtmlCacheBehavior [ RunTime:0.001350s ]
INFO: [ app_begin ] --END-- [ RunTime:0.002321s ]

[ 2016-02-11T13:06:58+08:00 ] ::1 /PHYMAN/index.php
INFO: [ app_init ] --START--
INFO: Run Behavior\BuildLiteBehavior [ RunTime:0.000212s ]
INFO: [ app_init ] --END-- [ RunTime:0.001998s ]
INFO: [ app_begin ] --START--
INFO: Run Behavior\ReadHtmlCacheBehavior [ RunTime:0.001329s ]
INFO: [ app_begin ] --END-- [ RunTime:0.002446s ]
NOTIC: [2] json_decode() expects parameter 1 to be string, array given D:\Coding\xampp\htdocs\dashboard\PHYMAN\Background\Home\Controller\LoginController.class.php 第 12 行.
NOTIC: [8] Trying to get property of non-object D:\Coding\xampp\htdocs\dashboard\PHYMAN\Background\Home\Controller\LoginController.class.php 第 14 行.
NOTIC: [8] Trying to get property of non-object D:\Coding\xampp\htdocs\dashboard\PHYMAN\Background\Home\Controller\LoginController.class.php 第 15 行.
NOTIC: [8192] mysql_connect(): The mysql extension is deprecated and will be removed in the future: use mysqli or PDO instead D:\Coding\xampp\htdocs\dashboard\PHYMAN\ThinkPHP\Library\Think\Db\Driver\Mysql.class.php 第 52 行.
SQL: select psw,authority from phyman_user where id= [ RunTime:0.013536s ]
ERR: 1064:You have an error in your SQL syntax; check the manual that corresponds to your MariaDB server version for the right syntax to use near '' at line 1
 [ SQL语句 ] : select psw,authority from phyman_user where id=

[ 2016-02-11T13:11:58+08:00 ] ::1 /PHYMAN/index.php
INFO: [ app_init ] --START--
INFO: Run Behavior\BuildLiteBehavior [ RunTime:0.000270s ]
INFO: [ app_init ] --END-- [ RunTime:0.002828s ]
INFO: [ app_begin ] --START--
INFO: Run Behavior\ReadHtmlCacheBehavior [ RunTime:0.002350s ]
INFO: [ app_begin ] --END-- [ RunTime:0.004055s ]
ERR: 无法加载控制器:Index

[ 2016-02-11T13:12:21+08:00 ] ::1 /PHYMAN/index.php
INFO: [ app_init ] --START--
INFO: Run Behavior\BuildLiteBehavior [ RunTime:0.000337s ]
INFO: [ app_init ] --END-- [ RunTime:0.003114s ]
INFO: [ app_begin ] --START--
INFO: Run Behavior\ReadHtmlCacheBehavior [ RunTime:0.002108s ]
INFO: [ app_begin ] --END-- [ RunTime:0.003811s ]
ERR: 无法加载控制器:Index

[ 2016-02-11T13:12:31+08:00 ] ::1 /PHYMAN/index.php
INFO: [ app_init ] --START--
INFO: Run Behavior\BuildLiteBehavior [ RunTime:0.000310s ]
INFO: [ app_init ] --END-- [ RunTime:0.005815s ]
INFO: [ app_begin ] --START--
INFO: Run Behavior\ReadHtmlCacheBehavior [ RunTime:0.005380s ]
INFO: [ app_begin ] --END-- [ RunTime:0.007092s ]

[ 2016-02-11T13:29:53+08:00 ] ::1 /PHYMAN/index.php
INFO: [ app_init ] --START--
INFO: Run Behavior\BuildLiteBehavior [ RunTime:0.000172s ]
INFO: [ app_init ] --END-- [ RunTime:0.001808s ]
INFO: [ app_begin ] --START--
INFO: Run Behavior\ReadHtmlCacheBehavior [ RunTime:0.001390s ]
INFO: [ app_begin ] --END-- [ RunTime:0.002351s ]

[ 2016-02-11T13:32:04+08:00 ] ::1 /PHYMAN/index.php
INFO: [ app_init ] --START--
INFO: Run Behavior\BuildLiteBehavior [ RunTime:0.000182s ]
INFO: [ app_init ] --END-- [ RunTime:0.001757s ]
INFO: [ app_begin ] --START--
INFO: Run Behavior\ReadHtmlCacheBehavior [ RunTime:0.001296s ]
INFO: [ app_begin ] --END-- [ RunTime:0.002192s ]
NOTIC: [2] Missing argument 2 for Home\Controller\IndexController::getfunction(), called in D:\Coding\xampp\htdocs\dashboard\PHYMAN\Background\Home\Controller\IndexController.class.php on line 10 and defined D:\Coding\xampp\htdocs\dashboard\PHYMAN\Background\Home\Controller\IndexController.class.php 第 41 行.
NOTIC: [8] Undefined variable: json D:\Coding\xampp\htdocs\dashboard\PHYMAN\Background\Home\Controller\IndexController.class.php 第 43 行.

[ 2016-02-11T13:32:08+08:00 ] ::1 /PHYMAN/index.php
INFO: [ app_init ] --START--
INFO: Run Behavior\BuildLiteBehavior [ RunTime:0.000190s ]
INFO: [ app_init ] --END-- [ RunTime:0.001771s ]
INFO: [ app_begin ] --START--
INFO: Run Behavior\ReadHtmlCacheBehavior [ RunTime:0.001175s ]
INFO: [ app_begin ] --END-- [ RunTime:0.002138s ]
NOTIC: [2] Missing argument 2 for Home\Controller\IndexController::getfunction(), called in D:\Coding\xampp\htdocs\dashboard\PHYMAN\Background\Home\Controller\IndexController.class.php on line 10 and defined D:\Coding\xampp\htdocs\dashboard\PHYMAN\Background\Home\Controller\IndexController.class.php 第 41 行.
NOTIC: [8] Undefined variable: json D:\Coding\xampp\htdocs\dashboard\PHYMAN\Background\Home\Controller\IndexController.class.php 第 43 行.

[ 2016-02-11T13:34:49+08:00 ] ::1 /PHYMAN/index.php
INFO: [ app_init ] --START--
INFO: Run Behavior\BuildLiteBehavior [ RunTime:0.000211s ]
INFO: [ app_init ] --END-- [ RunTime:0.002059s ]
INFO: [ app_begin ] --START--
INFO: Run Behavior\ReadHtmlCacheBehavior [ RunTime:0.001568s ]
INFO: [ app_begin ] --END-- [ RunTime:0.003096s ]

[ 2016-02-11T13:35:35+08:00 ] ::1 /PHYMAN/index.php
INFO: [ app_init ] --START--
INFO: Run Behavior\BuildLiteBehavior [ RunTime:0.000183s ]
INFO: [ app_init ] --END-- [ RunTime:0.001789s ]
INFO: [ app_begin ] --START--
INFO: Run Behavior\ReadHtmlCacheBehavior [ RunTime:0.001217s ]
INFO: [ app_begin ] --END-- [ RunTime:0.002174s ]

[ 2016-02-11T13:35:54+08:00 ] ::1 /PHYMAN/index.php
INFO: [ app_init ] --START--
INFO: Run Behavior\BuildLiteBehavior [ RunTime:0.000262s ]
INFO: [ app_init ] --END-- [ RunTime:0.002129s ]
INFO: [ app_begin ] --START--
INFO: Run Behavior\ReadHtmlCacheBehavior [ RunTime:0.001522s ]
INFO: [ app_begin ] --END-- [ RunTime:0.002644s ]

