[ 2016-01-29T11:30:31+08:00 ] ::1 /PHYMAN/
INFO: [ app_init ] --START--
INFO: Run Behavior\BuildLiteBehavior [ RunTime:0.000381s ]
INFO: [ app_init ] --END-- [ RunTime:0.002400s ]
INFO: [ app_begin ] --START--
INFO: Run Behavior\ReadHtmlCacheBehavior [ RunTime:0.016249s ]
INFO: [ app_begin ] --END-- [ RunTime:0.017331s ]
NOTIC: [8] Undefined variable: res D:\Coding\xampp\htdocs\dashboard\PHYMAN\Background\Home\Controller\IndexController.class.php 第 63 行.
INFO: [ app_end ] --START--
INFO: Run Behavior\ShowPageTraceBehavior [ RunTime:0.017792s ]
INFO: [ app_end ] --END-- [ RunTime:0.018905s ]

[ 2016-01-29T11:43:22+08:00 ] ::1 /PHYMAN/
INFO: [ app_init ] --START--
INFO: Run Behavior\BuildLiteBehavior [ RunTime:0.000164s ]
INFO: [ app_init ] --END-- [ RunTime:0.001711s ]
INFO: [ app_begin ] --START--
INFO: Run Behavior\ReadHtmlCacheBehavior [ RunTime:0.001524s ]
INFO: [ app_begin ] --END-- [ RunTime:0.002475s ]
NOTIC: [8192] mysql_connect(): The mysql extension is deprecated and will be removed in the future: use mysqli or PDO instead D:\Coding\xampp\htdocs\dashboard\PHYMAN\ThinkPHP\Library\Think\Db\Driver\Mysql.class.php 第 52 行.
SQL: SHOW COLUMNS FROM `phyman_authority` [ RunTime:0.079785s ]
SQL: SELECT * FROM `phyman_authority`  [ RunTime:0.038275s ]
NOTIC: [8] Undefined variable: res D:\Coding\xampp\htdocs\dashboard\PHYMAN\Background\Home\Controller\IndexController.class.php 第 101 行.
INFO: [ app_end ] --START--
INFO: Run Behavior\ShowPageTraceBehavior [ RunTime:0.003204s ]
INFO: [ app_end ] --END-- [ RunTime:0.005402s ]

[ 2016-01-29T14:28:59+08:00 ] ::1 /PHYMAN/
INFO: [ app_init ] --START--
INFO: Run Behavior\BuildLiteBehavior [ RunTime:0.000565s ]
INFO: [ app_init ] --END-- [ RunTime:0.032004s ]
INFO: [ app_begin ] --START--
INFO: Run Behavior\ReadHtmlCacheBehavior [ RunTime:0.015680s ]
INFO: [ app_begin ] --END-- [ RunTime:0.016925s ]
NOTIC: [8192] mysql_connect(): The mysql extension is deprecated and will be removed in the future: use mysqli or PDO instead D:\Coding\xampp\htdocs\dashboard\PHYMAN\ThinkPHP\Library\Think\Db\Driver\Mysql.class.php 第 52 行.
SQL: SHOW COLUMNS FROM `phyman_authority` [ RunTime:0.005160s ]
SQL: SELECT * FROM `phyman_authority`  [ RunTime:0.000706s ]
NOTIC: [2] Illegal string offset 'id' D:\Coding\xampp\htdocs\dashboard\PHYMAN\Background\Home\Controller\IndexController.class.php 第 85 行.
NOTIC: [8] Undefined variable: res D:\Coding\xampp\htdocs\dashboard\PHYMAN\Background\Home\Controller\IndexController.class.php 第 101 行.
INFO: [ app_end ] --START--
INFO: Run Behavior\ShowPageTraceBehavior [ RunTime:0.026333s ]
INFO: [ app_end ] --END-- [ RunTime:0.027882s ]

[ 2016-01-29T14:29:18+08:00 ] ::1 /PHYMAN/
INFO: [ app_init ] --START--
INFO: Run Behavior\BuildLiteBehavior [ RunTime:0.000182s ]
INFO: [ app_init ] --END-- [ RunTime:0.001722s ]
INFO: [ app_begin ] --START--
INFO: Run Behavior\ReadHtmlCacheBehavior [ RunTime:0.001642s ]
INFO: [ app_begin ] --END-- [ RunTime:0.002570s ]
NOTIC: [8192] mysql_connect(): The mysql extension is deprecated and will be removed in the future: use mysqli or PDO instead D:\Coding\xampp\htdocs\dashboard\PHYMAN\ThinkPHP\Library\Think\Db\Driver\Mysql.class.php 第 52 行.
SQL: SHOW COLUMNS FROM `phyman_authority` [ RunTime:0.023753s ]
SQL: SELECT * FROM `phyman_authority`  [ RunTime:0.000453s ]
NOTIC: [2] Illegal string offset 'id' D:\Coding\xampp\htdocs\dashboard\PHYMAN\Background\Home\Controller\IndexController.class.php 第 85 行.
NOTIC: [8] Undefined variable: res D:\Coding\xampp\htdocs\dashboard\PHYMAN\Background\Home\Controller\IndexController.class.php 第 101 行.
INFO: [ app_end ] --START--
INFO: Run Behavior\ShowPageTraceBehavior [ RunTime:0.001866s ]
INFO: [ app_end ] --END-- [ RunTime:0.002958s ]

[ 2016-01-29T14:29:20+08:00 ] ::1 /PHYMAN/
INFO: [ app_init ] --START--
INFO: Run Behavior\BuildLiteBehavior [ RunTime:0.000174s ]
INFO: [ app_init ] --END-- [ RunTime:0.001600s ]
INFO: [ app_begin ] --START--
INFO: Run Behavior\ReadHtmlCacheBehavior [ RunTime:0.001368s ]
INFO: [ app_begin ] --END-- [ RunTime:0.002253s ]
NOTIC: [8192] mysql_connect(): The mysql extension is deprecated and will be removed in the future: use mysqli or PDO instead D:\Coding\xampp\htdocs\dashboard\PHYMAN\ThinkPHP\Library\Think\Db\Driver\Mysql.class.php 第 52 行.
SQL: SHOW COLUMNS FROM `phyman_authority` [ RunTime:0.003471s ]
SQL: SELECT * FROM `phyman_authority`  [ RunTime:0.000551s ]
NOTIC: [2] Illegal string offset 'id' D:\Coding\xampp\htdocs\dashboard\PHYMAN\Background\Home\Controller\IndexController.class.php 第 85 行.
NOTIC: [8] Undefined variable: res D:\Coding\xampp\htdocs\dashboard\PHYMAN\Background\Home\Controller\IndexController.class.php 第 101 行.
INFO: [ app_end ] --START--
INFO: Run Behavior\ShowPageTraceBehavior [ RunTime:0.001544s ]
INFO: [ app_end ] --END-- [ RunTime:0.002501s ]

[ 2016-01-29T14:29:26+08:00 ] ::1 /PHYMAN/
INFO: [ app_init ] --START--
INFO: Run Behavior\BuildLiteBehavior [ RunTime:0.000195s ]
INFO: [ app_init ] --END-- [ RunTime:0.001880s ]
INFO: [ app_begin ] --START--
INFO: Run Behavior\ReadHtmlCacheBehavior [ RunTime:0.001409s ]
INFO: [ app_begin ] --END-- [ RunTime:0.002355s ]
NOTIC: [8192] mysql_connect(): The mysql extension is deprecated and will be removed in the future: use mysqli or PDO instead D:\Coding\xampp\htdocs\dashboard\PHYMAN\ThinkPHP\Library\Think\Db\Driver\Mysql.class.php 第 52 行.
SQL: SHOW COLUMNS FROM `phyman_authority` [ RunTime:0.003897s ]
SQL: SELECT * FROM `phyman_authority`  [ RunTime:0.000505s ]
NOTIC: [8] Undefined variable: res D:\Coding\xampp\htdocs\dashboard\PHYMAN\Background\Home\Controller\IndexController.class.php 第 101 行.
INFO: [ app_end ] --START--
INFO: Run Behavior\ShowPageTraceBehavior [ RunTime:0.001535s ]
INFO: [ app_end ] --END-- [ RunTime:0.002526s ]

[ 2016-01-29T14:30:47+08:00 ] ::1 /PHYMAN/
INFO: [ app_init ] --START--
INFO: Run Behavior\BuildLiteBehavior [ RunTime:0.000177s ]
INFO: [ app_init ] --END-- [ RunTime:0.001759s ]
INFO: [ app_begin ] --START--
INFO: Run Behavior\ReadHtmlCacheBehavior [ RunTime:0.001374s ]
INFO: [ app_begin ] --END-- [ RunTime:0.002361s ]
NOTIC: [8192] mysql_connect(): The mysql extension is deprecated and will be removed in the future: use mysqli or PDO instead D:\Coding\xampp\htdocs\dashboard\PHYMAN\ThinkPHP\Library\Think\Db\Driver\Mysql.class.php 第 52 行.
SQL: SHOW COLUMNS FROM `phyman_authority` [ RunTime:0.021678s ]
SQL: SELECT * FROM `phyman_authority`  [ RunTime:0.000465s ]
NOTIC: [2] Illegal string offset 'id' D:\Coding\xampp\htdocs\dashboard\PHYMAN\Background\Home\Controller\IndexController.class.php 第 69 行.
NOTIC: [2] Illegal string offset 'id' D:\Coding\xampp\htdocs\dashboard\PHYMAN\Background\Home\Controller\IndexController.class.php 第 86 行.
NOTIC: [8] Undefined variable: res D:\Coding\xampp\htdocs\dashboard\PHYMAN\Background\Home\Controller\IndexController.class.php 第 102 行.
INFO: [ app_end ] --START--
INFO: Run Behavior\ShowPageTraceBehavior [ RunTime:0.001538s ]
INFO: [ app_end ] --END-- [ RunTime:0.002467s ]

[ 2016-01-29T14:30:49+08:00 ] ::1 /PHYMAN/
INFO: [ app_init ] --START--
INFO: Run Behavior\BuildLiteBehavior [ RunTime:0.000177s ]
INFO: [ app_init ] --END-- [ RunTime:0.001714s ]
INFO: [ app_begin ] --START--
INFO: Run Behavior\ReadHtmlCacheBehavior [ RunTime:0.001238s ]
INFO: [ app_begin ] --END-- [ RunTime:0.002164s ]
NOTIC: [8192] mysql_connect(): The mysql extension is deprecated and will be removed in the future: use mysqli or PDO instead D:\Coding\xampp\htdocs\dashboard\PHYMAN\ThinkPHP\Library\Think\Db\Driver\Mysql.class.php 第 52 行.
SQL: SHOW COLUMNS FROM `phyman_authority` [ RunTime:0.004571s ]
SQL: SELECT * FROM `phyman_authority`  [ RunTime:0.000543s ]
NOTIC: [2] Illegal string offset 'id' D:\Coding\xampp\htdocs\dashboard\PHYMAN\Background\Home\Controller\IndexController.class.php 第 69 行.
NOTIC: [2] Illegal string offset 'id' D:\Coding\xampp\htdocs\dashboard\PHYMAN\Background\Home\Controller\IndexController.class.php 第 86 行.
NOTIC: [8] Undefined variable: res D:\Coding\xampp\htdocs\dashboard\PHYMAN\Background\Home\Controller\IndexController.class.php 第 102 行.
INFO: [ app_end ] --START--
INFO: Run Behavior\ShowPageTraceBehavior [ RunTime:0.001407s ]
INFO: [ app_end ] --END-- [ RunTime:0.002401s ]

[ 2016-01-29T14:31:06+08:00 ] ::1 /PHYMAN/
INFO: [ app_init ] --START--
INFO: Run Behavior\BuildLiteBehavior [ RunTime:0.000179s ]
INFO: [ app_init ] --END-- [ RunTime:0.001760s ]
INFO: [ app_begin ] --START--
INFO: Run Behavior\ReadHtmlCacheBehavior [ RunTime:0.001392s ]
INFO: [ app_begin ] --END-- [ RunTime:0.002333s ]
NOTIC: [8192] mysql_connect(): The mysql extension is deprecated and will be removed in the future: use mysqli or PDO instead D:\Coding\xampp\htdocs\dashboard\PHYMAN\ThinkPHP\Library\Think\Db\Driver\Mysql.class.php 第 52 行.
SQL: SHOW COLUMNS FROM `phyman_authority` [ RunTime:0.024957s ]
SQL: SELECT * FROM `phyman_authority`  [ RunTime:0.000438s ]
NOTIC: [2] Illegal string offset 'id' D:\Coding\xampp\htdocs\dashboard\PHYMAN\Background\Home\Controller\IndexController.class.php 第 69 行.
NOTIC: [2] Illegal string offset 'id' D:\Coding\xampp\htdocs\dashboard\PHYMAN\Background\Home\Controller\IndexController.class.php 第 86 行.
NOTIC: [8] Undefined variable: res D:\Coding\xampp\htdocs\dashboard\PHYMAN\Background\Home\Controller\IndexController.class.php 第 102 行.
INFO: [ app_end ] --START--
INFO: Run Behavior\ShowPageTraceBehavior [ RunTime:0.001957s ]
INFO: [ app_end ] --END-- [ RunTime:0.002901s ]

[ 2016-01-29T14:31:25+08:00 ] ::1 /PHYMAN/
INFO: [ app_init ] --START--
INFO: Run Behavior\BuildLiteBehavior [ RunTime:0.000179s ]
INFO: [ app_init ] --END-- [ RunTime:0.001766s ]
INFO: [ app_begin ] --START--
INFO: Run Behavior\ReadHtmlCacheBehavior [ RunTime:0.001351s ]
INFO: [ app_begin ] --END-- [ RunTime:0.002282s ]
NOTIC: [8192] mysql_connect(): The mysql extension is deprecated and will be removed in the future: use mysqli or PDO instead D:\Coding\xampp\htdocs\dashboard\PHYMAN\ThinkPHP\Library\Think\Db\Driver\Mysql.class.php 第 52 行.
SQL: SHOW COLUMNS FROM `phyman_authority` [ RunTime:0.004681s ]
SQL: SELECT * FROM `phyman_authority`  [ RunTime:0.000571s ]
NOTIC: [2] Illegal string offset 'id' D:\Coding\xampp\htdocs\dashboard\PHYMAN\Background\Home\Controller\IndexController.class.php 第 69 行.
NOTIC: [2] Illegal string offset 'id' D:\Coding\xampp\htdocs\dashboard\PHYMAN\Background\Home\Controller\IndexController.class.php 第 86 行.
NOTIC: [8] Undefined variable: res D:\Coding\xampp\htdocs\dashboard\PHYMAN\Background\Home\Controller\IndexController.class.php 第 102 行.
INFO: [ app_end ] --START--
INFO: Run Behavior\ShowPageTraceBehavior [ RunTime:0.001574s ]
INFO: [ app_end ] --END-- [ RunTime:0.002483s ]

[ 2016-01-29T14:31:54+08:00 ] ::1 /PHYMAN/
INFO: [ app_init ] --START--
INFO: Run Behavior\BuildLiteBehavior [ RunTime:0.000322s ]
INFO: [ app_init ] --END-- [ RunTime:0.002412s ]
INFO: [ app_begin ] --START--
INFO: Run Behavior\ReadHtmlCacheBehavior [ RunTime:0.001204s ]
INFO: [ app_begin ] --END-- [ RunTime:0.002077s ]
NOTIC: [8192] mysql_connect(): The mysql extension is deprecated and will be removed in the future: use mysqli or PDO instead D:\Coding\xampp\htdocs\dashboard\PHYMAN\ThinkPHP\Library\Think\Db\Driver\Mysql.class.php 第 52 行.
SQL: SHOW COLUMNS FROM `phyman_authority` [ RunTime:0.016199s ]
SQL: SELECT * FROM `phyman_authority`  [ RunTime:0.000594s ]
NOTIC: [2] Illegal string offset 'id' D:\Coding\xampp\htdocs\dashboard\PHYMAN\Background\Home\Controller\IndexController.class.php 第 70 行.
NOTIC: [2] Illegal string offset 'id' D:\Coding\xampp\htdocs\dashboard\PHYMAN\Background\Home\Controller\IndexController.class.php 第 88 行.
NOTIC: [8] Undefined variable: res D:\Coding\xampp\htdocs\dashboard\PHYMAN\Background\Home\Controller\IndexController.class.php 第 104 行.
INFO: [ app_end ] --START--
INFO: Run Behavior\ShowPageTraceBehavior [ RunTime:0.001606s ]
INFO: [ app_end ] --END-- [ RunTime:0.002489s ]

[ 2016-01-29T14:34:16+08:00 ] ::1 /PHYMAN/
INFO: [ app_init ] --START--
INFO: Run Behavior\BuildLiteBehavior [ RunTime:0.000173s ]
INFO: [ app_init ] --END-- [ RunTime:0.002172s ]
INFO: [ app_begin ] --START--
INFO: Run Behavior\ReadHtmlCacheBehavior [ RunTime:0.001418s ]
INFO: [ app_begin ] --END-- [ RunTime:0.002347s ]
NOTIC: [8192] mysql_connect(): The mysql extension is deprecated and will be removed in the future: use mysqli or PDO instead D:\Coding\xampp\htdocs\dashboard\PHYMAN\ThinkPHP\Library\Think\Db\Driver\Mysql.class.php 第 52 行.
SQL: SHOW COLUMNS FROM `phyman_authority` [ RunTime:0.005123s ]
SQL: SELECT * FROM `phyman_authority`  [ RunTime:0.000574s ]

[ 2016-01-29T14:34:31+08:00 ] ::1 /PHYMAN/
INFO: [ app_init ] --START--
INFO: Run Behavior\BuildLiteBehavior [ RunTime:0.000171s ]
INFO: [ app_init ] --END-- [ RunTime:0.001631s ]
INFO: [ app_begin ] --START--
INFO: Run Behavior\ReadHtmlCacheBehavior [ RunTime:0.001509s ]
INFO: [ app_begin ] --END-- [ RunTime:0.003285s ]
NOTIC: [8192] mysql_connect(): The mysql extension is deprecated and will be removed in the future: use mysqli or PDO instead D:\Coding\xampp\htdocs\dashboard\PHYMAN\ThinkPHP\Library\Think\Db\Driver\Mysql.class.php 第 52 行.
SQL: SHOW COLUMNS FROM `phyman_authority` [ RunTime:0.003724s ]
SQL: SELECT * FROM `phyman_authority`  [ RunTime:0.000524s ]
NOTIC: [2] Illegal string offset 'id' D:\Coding\xampp\htdocs\dashboard\PHYMAN\Background\Home\Controller\IndexController.class.php 第 91 行.
NOTIC: [8] Undefined variable: res D:\Coding\xampp\htdocs\dashboard\PHYMAN\Background\Home\Controller\IndexController.class.php 第 107 行.
INFO: [ app_end ] --START--
INFO: Run Behavior\ShowPageTraceBehavior [ RunTime:0.001663s ]
INFO: [ app_end ] --END-- [ RunTime:0.002633s ]

[ 2016-01-29T14:36:05+08:00 ] ::1 /PHYMAN/
INFO: [ app_init ] --START--
INFO: Run Behavior\BuildLiteBehavior [ RunTime:0.000175s ]
INFO: [ app_init ] --END-- [ RunTime:0.001743s ]
INFO: [ app_begin ] --START--
INFO: Run Behavior\ReadHtmlCacheBehavior [ RunTime:0.001526s ]
INFO: [ app_begin ] --END-- [ RunTime:0.002581s ]
NOTIC: [8192] mysql_connect(): The mysql extension is deprecated and will be removed in the future: use mysqli or PDO instead D:\Coding\xampp\htdocs\dashboard\PHYMAN\ThinkPHP\Library\Think\Db\Driver\Mysql.class.php 第 52 行.
SQL: SHOW COLUMNS FROM `phyman_authority` [ RunTime:0.023878s ]
SQL: SELECT * FROM `phyman_authority`  [ RunTime:0.000479s ]

[ 2016-01-29T14:39:10+08:00 ] ::1 /PHYMAN/
INFO: [ app_init ] --START--
INFO: Run Behavior\BuildLiteBehavior [ RunTime:0.000175s ]
INFO: [ app_init ] --END-- [ RunTime:0.002118s ]
INFO: [ app_begin ] --START--
INFO: Run Behavior\ReadHtmlCacheBehavior [ RunTime:0.001334s ]
INFO: [ app_begin ] --END-- [ RunTime:0.002300s ]
NOTIC: [8192] mysql_connect(): The mysql extension is deprecated and will be removed in the future: use mysqli or PDO instead D:\Coding\xampp\htdocs\dashboard\PHYMAN\ThinkPHP\Library\Think\Db\Driver\Mysql.class.php 第 52 行.
SQL: SHOW COLUMNS FROM `phyman_authority` [ RunTime:0.003563s ]
SQL: SELECT * FROM `phyman_authority`  [ RunTime:0.000439s ]

[ 2016-01-29T14:39:34+08:00 ] ::1 /PHYMAN/
INFO: [ app_init ] --START--
INFO: Run Behavior\BuildLiteBehavior [ RunTime:0.000269s ]
INFO: [ app_init ] --END-- [ RunTime:0.001984s ]
INFO: [ app_begin ] --START--
INFO: Run Behavior\ReadHtmlCacheBehavior [ RunTime:0.003791s ]
INFO: [ app_begin ] --END-- [ RunTime:0.006071s ]
NOTIC: [8192] mysql_connect(): The mysql extension is deprecated and will be removed in the future: use mysqli or PDO instead D:\Coding\xampp\htdocs\dashboard\PHYMAN\ThinkPHP\Library\Think\Db\Driver\Mysql.class.php 第 52 行.
SQL: SHOW COLUMNS FROM `phyman_authority` [ RunTime:0.036330s ]
SQL: SELECT * FROM `phyman_authority`  [ RunTime:0.000440s ]
NOTIC: [8] Undefined variable: res D:\Coding\xampp\htdocs\dashboard\PHYMAN\Background\Home\Controller\IndexController.class.php 第 107 行.
INFO: [ app_end ] --START--
INFO: Run Behavior\ShowPageTraceBehavior [ RunTime:0.002368s ]
INFO: [ app_end ] --END-- [ RunTime:0.003954s ]

[ 2016-01-29T14:39:45+08:00 ] ::1 /PHYMAN/
INFO: [ app_init ] --START--
INFO: Run Behavior\BuildLiteBehavior [ RunTime:0.000186s ]
INFO: [ app_init ] --END-- [ RunTime:0.001780s ]
INFO: [ app_begin ] --START--
INFO: Run Behavior\ReadHtmlCacheBehavior [ RunTime:0.001299s ]
INFO: [ app_begin ] --END-- [ RunTime:0.002203s ]
NOTIC: [8192] mysql_connect(): The mysql extension is deprecated and will be removed in the future: use mysqli or PDO instead D:\Coding\xampp\htdocs\dashboard\PHYMAN\ThinkPHP\Library\Think\Db\Driver\Mysql.class.php 第 52 行.
SQL: SHOW COLUMNS FROM `phyman_authority` [ RunTime:0.004075s ]
SQL: SELECT * FROM `phyman_authority`  [ RunTime:0.000693s ]
NOTIC: [8] Undefined variable: res D:\Coding\xampp\htdocs\dashboard\PHYMAN\Background\Home\Controller\IndexController.class.php 第 107 行.
INFO: [ app_end ] --START--
INFO: Run Behavior\ShowPageTraceBehavior [ RunTime:0.001460s ]
INFO: [ app_end ] --END-- [ RunTime:0.002372s ]

[ 2016-01-29T14:42:05+08:00 ] ::1 /PHYMAN/
INFO: [ app_init ] --START--
INFO: Run Behavior\BuildLiteBehavior [ RunTime:0.000175s ]
INFO: [ app_init ] --END-- [ RunTime:0.001770s ]
INFO: [ app_begin ] --START--
INFO: Run Behavior\ReadHtmlCacheBehavior [ RunTime:0.001350s ]
INFO: [ app_begin ] --END-- [ RunTime:0.002265s ]
NOTIC: [8192] mysql_connect(): The mysql extension is deprecated and will be removed in the future: use mysqli or PDO instead D:\Coding\xampp\htdocs\dashboard\PHYMAN\ThinkPHP\Library\Think\Db\Driver\Mysql.class.php 第 52 行.
SQL: SHOW COLUMNS FROM `phyman_authority` [ RunTime:0.003858s ]
SQL: SELECT * FROM `phyman_authority`  [ RunTime:0.000536s ]
NOTIC: [2] json_decode() expects parameter 1 to be string, object given D:\Coding\xampp\htdocs\dashboard\PHYMAN\Background\Home\Controller\IndexController.class.php 第 68 行.
NOTIC: [8] Trying to get property of non-object D:\Coding\xampp\htdocs\dashboard\PHYMAN\Background\Home\Controller\IndexController.class.php 第 73 行.
NOTIC: [8] Undefined variable: res D:\Coding\xampp\htdocs\dashboard\PHYMAN\Background\Home\Controller\IndexController.class.php 第 107 行.
INFO: [ app_end ] --START--
INFO: Run Behavior\ShowPageTraceBehavior [ RunTime:0.001409s ]
INFO: [ app_end ] --END-- [ RunTime:0.002226s ]

[ 2016-01-29T14:42:48+08:00 ] ::1 /PHYMAN/
INFO: [ app_init ] --START--
INFO: Run Behavior\BuildLiteBehavior [ RunTime:0.000346s ]
INFO: [ app_init ] --END-- [ RunTime:0.002746s ]
INFO: [ app_begin ] --START--
INFO: Run Behavior\ReadHtmlCacheBehavior [ RunTime:0.001543s ]
INFO: [ app_begin ] --END-- [ RunTime:0.002484s ]
NOTIC: [8192] mysql_connect(): The mysql extension is deprecated and will be removed in the future: use mysqli or PDO instead D:\Coding\xampp\htdocs\dashboard\PHYMAN\ThinkPHP\Library\Think\Db\Driver\Mysql.class.php 第 52 行.
SQL: SHOW COLUMNS FROM `phyman_authority` [ RunTime:0.003683s ]
SQL: SELECT * FROM `phyman_authority`  [ RunTime:0.000490s ]
NOTIC: [2] json_decode() expects parameter 1 to be string, object given D:\Coding\xampp\htdocs\dashboard\PHYMAN\Background\Home\Controller\IndexController.class.php 第 68 行.
NOTIC: [8] Trying to get property of non-object D:\Coding\xampp\htdocs\dashboard\PHYMAN\Background\Home\Controller\IndexController.class.php 第 73 行.
NOTIC: [8] Undefined variable: res D:\Coding\xampp\htdocs\dashboard\PHYMAN\Background\Home\Controller\IndexController.class.php 第 107 行.
INFO: [ app_end ] --START--
INFO: Run Behavior\ShowPageTraceBehavior [ RunTime:0.002323s ]
INFO: [ app_end ] --END-- [ RunTime:0.003224s ]

[ 2016-01-29T14:43:37+08:00 ] ::1 /PHYMAN/
INFO: [ app_init ] --START--
INFO: Run Behavior\BuildLiteBehavior [ RunTime:0.000279s ]
INFO: [ app_init ] --END-- [ RunTime:0.002428s ]
INFO: [ app_begin ] --START--
INFO: Run Behavior\ReadHtmlCacheBehavior [ RunTime:0.001782s ]
INFO: [ app_begin ] --END-- [ RunTime:0.003000s ]
NOTIC: [8192] mysql_connect(): The mysql extension is deprecated and will be removed in the future: use mysqli or PDO instead D:\Coding\xampp\htdocs\dashboard\PHYMAN\ThinkPHP\Library\Think\Db\Driver\Mysql.class.php 第 52 行.
SQL: SHOW COLUMNS FROM `phyman_authority` [ RunTime:0.019084s ]
SQL: SELECT * FROM `phyman_authority`  [ RunTime:0.000472s ]
NOTIC: [2] json_decode() expects parameter 1 to be string, object given D:\Coding\xampp\htdocs\dashboard\PHYMAN\Background\Home\Controller\IndexController.class.php 第 68 行.
NOTIC: [8] Trying to get property of non-object D:\Coding\xampp\htdocs\dashboard\PHYMAN\Background\Home\Controller\IndexController.class.php 第 73 行.
NOTIC: [8] Undefined variable: res D:\Coding\xampp\htdocs\dashboard\PHYMAN\Background\Home\Controller\IndexController.class.php 第 107 行.
INFO: [ app_end ] --START--
INFO: Run Behavior\ShowPageTraceBehavior [ RunTime:0.001478s ]
INFO: [ app_end ] --END-- [ RunTime:0.002378s ]

[ 2016-01-29T14:44:26+08:00 ] ::1 /PHYMAN/
INFO: [ app_init ] --START--
INFO: Run Behavior\BuildLiteBehavior [ RunTime:0.000254s ]
INFO: [ app_init ] --END-- [ RunTime:0.002587s ]
INFO: [ app_begin ] --START--
INFO: Run Behavior\ReadHtmlCacheBehavior [ RunTime:0.001392s ]
INFO: [ app_begin ] --END-- [ RunTime:0.002394s ]
NOTIC: [8192] mysql_connect(): The mysql extension is deprecated and will be removed in the future: use mysqli or PDO instead D:\Coding\xampp\htdocs\dashboard\PHYMAN\ThinkPHP\Library\Think\Db\Driver\Mysql.class.php 第 52 行.
SQL: SHOW COLUMNS FROM `phyman_authority` [ RunTime:0.004342s ]
SQL: SELECT * FROM `phyman_authority`  [ RunTime:0.000809s ]
NOTIC: [2] json_decode() expects parameter 1 to be string, object given D:\Coding\xampp\htdocs\dashboard\PHYMAN\Background\Home\Controller\IndexController.class.php 第 68 行.
NOTIC: [8] Trying to get property of non-object D:\Coding\xampp\htdocs\dashboard\PHYMAN\Background\Home\Controller\IndexController.class.php 第 73 行.
NOTIC: [8] Undefined variable: res D:\Coding\xampp\htdocs\dashboard\PHYMAN\Background\Home\Controller\IndexController.class.php 第 107 行.
INFO: [ app_end ] --START--
INFO: Run Behavior\ShowPageTraceBehavior [ RunTime:0.001546s ]
INFO: [ app_end ] --END-- [ RunTime:0.002431s ]

[ 2016-01-29T14:45:31+08:00 ] ::1 /PHYMAN/
INFO: [ app_init ] --START--
INFO: Run Behavior\BuildLiteBehavior [ RunTime:0.000188s ]
INFO: [ app_init ] --END-- [ RunTime:0.002091s ]
INFO: [ app_begin ] --START--
INFO: Run Behavior\ReadHtmlCacheBehavior [ RunTime:0.001593s ]
INFO: [ app_begin ] --END-- [ RunTime:0.002504s ]
NOTIC: [8192] mysql_connect(): The mysql extension is deprecated and will be removed in the future: use mysqli or PDO instead D:\Coding\xampp\htdocs\dashboard\PHYMAN\ThinkPHP\Library\Think\Db\Driver\Mysql.class.php 第 52 行.
SQL: SHOW COLUMNS FROM `phyman_authority` [ RunTime:0.063666s ]
SQL: SELECT * FROM `phyman_authority`  [ RunTime:0.000478s ]
NOTIC: [2] json_decode() expects parameter 1 to be string, object given D:\Coding\xampp\htdocs\dashboard\PHYMAN\Background\Home\Controller\IndexController.class.php 第 69 行.
NOTIC: [8] Trying to get property of non-object D:\Coding\xampp\htdocs\dashboard\PHYMAN\Background\Home\Controller\IndexController.class.php 第 74 行.
NOTIC: [8] Undefined variable: res D:\Coding\xampp\htdocs\dashboard\PHYMAN\Background\Home\Controller\IndexController.class.php 第 108 行.
INFO: [ app_end ] --START--
INFO: Run Behavior\ShowPageTraceBehavior [ RunTime:0.001542s ]
INFO: [ app_end ] --END-- [ RunTime:0.002470s ]

[ 2016-01-29T14:45:39+08:00 ] ::1 /PHYMAN/
INFO: [ app_init ] --START--
INFO: Run Behavior\BuildLiteBehavior [ RunTime:0.000872s ]
INFO: [ app_init ] --END-- [ RunTime:0.003904s ]
INFO: [ app_begin ] --START--
INFO: Run Behavior\ReadHtmlCacheBehavior [ RunTime:0.001311s ]
INFO: [ app_begin ] --END-- [ RunTime:0.002191s ]
NOTIC: [8192] mysql_connect(): The mysql extension is deprecated and will be removed in the future: use mysqli or PDO instead D:\Coding\xampp\htdocs\dashboard\PHYMAN\ThinkPHP\Library\Think\Db\Driver\Mysql.class.php 第 52 行.
SQL: SHOW COLUMNS FROM `phyman_authority` [ RunTime:0.004427s ]
SQL: SELECT * FROM `phyman_authority`  [ RunTime:0.000424s ]
NOTIC: [2] json_decode() expects parameter 1 to be string, object given D:\Coding\xampp\htdocs\dashboard\PHYMAN\Background\Home\Controller\IndexController.class.php 第 69 行.
NOTIC: [8] Trying to get property of non-object D:\Coding\xampp\htdocs\dashboard\PHYMAN\Background\Home\Controller\IndexController.class.php 第 74 行.
NOTIC: [8] Undefined variable: res D:\Coding\xampp\htdocs\dashboard\PHYMAN\Background\Home\Controller\IndexController.class.php 第 108 行.
INFO: [ app_end ] --START--
INFO: Run Behavior\ShowPageTraceBehavior [ RunTime:0.001505s ]
INFO: [ app_end ] --END-- [ RunTime:0.002381s ]

[ 2016-01-29T14:46:53+08:00 ] ::1 /PHYMAN/
INFO: [ app_init ] --START--
INFO: Run Behavior\BuildLiteBehavior [ RunTime:0.000170s ]
INFO: [ app_init ] --END-- [ RunTime:0.001630s ]
INFO: [ app_begin ] --START--
INFO: Run Behavior\ReadHtmlCacheBehavior [ RunTime:0.001783s ]
INFO: [ app_begin ] --END-- [ RunTime:0.003155s ]
NOTIC: [8192] mysql_connect(): The mysql extension is deprecated and will be removed in the future: use mysqli or PDO instead D:\Coding\xampp\htdocs\dashboard\PHYMAN\ThinkPHP\Library\Think\Db\Driver\Mysql.class.php 第 52 行.
SQL: SHOW COLUMNS FROM `phyman_authority` [ RunTime:0.003595s ]
SQL: SELECT * FROM `phyman_authority`  [ RunTime:0.000501s ]
NOTIC: [2] json_decode() expects parameter 1 to be string, object given D:\Coding\xampp\htdocs\dashboard\PHYMAN\Background\Home\Controller\IndexController.class.php 第 69 行.
NOTIC: [8] Trying to get property of non-object D:\Coding\xampp\htdocs\dashboard\PHYMAN\Background\Home\Controller\IndexController.class.php 第 74 行.
NOTIC: [8] Undefined variable: res D:\Coding\xampp\htdocs\dashboard\PHYMAN\Background\Home\Controller\IndexController.class.php 第 108 行.
INFO: [ app_end ] --START--
INFO: Run Behavior\ShowPageTraceBehavior [ RunTime:0.001586s ]
INFO: [ app_end ] --END-- [ RunTime:0.002485s ]

[ 2016-01-29T15:01:38+08:00 ] ::1 /PHYMAN/
INFO: [ app_init ] --START--
INFO: Run Behavior\BuildLiteBehavior [ RunTime:0.000173s ]
INFO: [ app_init ] --END-- [ RunTime:0.002015s ]
INFO: [ app_begin ] --START--
INFO: Run Behavior\ReadHtmlCacheBehavior [ RunTime:0.001376s ]
INFO: [ app_begin ] --END-- [ RunTime:0.002377s ]
NOTIC: [2048] Declaration of Home\Controller\IndexController::show() should be compatible with Think\Controller::show($content, $charset = '', $contentType = '', $prefix = '') D:\Coding\xampp\htdocs\dashboard\PHYMAN\Background\Home\Controller\IndexController.class.php 第 164 行.
NOTIC: [8192] mysql_connect(): The mysql extension is deprecated and will be removed in the future: use mysqli or PDO instead D:\Coding\xampp\htdocs\dashboard\PHYMAN\ThinkPHP\Library\Think\Db\Driver\Mysql.class.php 第 52 行.
SQL: SHOW COLUMNS FROM `phyman_authority` [ RunTime:0.014754s ]
NOTIC: [8] Undefined variable: USER D:\Coding\xampp\htdocs\dashboard\PHYMAN\Background\Home\Controller\IndexController.class.php 第 15 行.

[ 2016-01-29T15:01:54+08:00 ] ::1 /PHYMAN/
INFO: [ app_init ] --START--
INFO: Run Behavior\BuildLiteBehavior [ RunTime:0.000183s ]
INFO: [ app_init ] --END-- [ RunTime:0.001764s ]
INFO: [ app_begin ] --START--
INFO: Run Behavior\ReadHtmlCacheBehavior [ RunTime:0.001369s ]
INFO: [ app_begin ] --END-- [ RunTime:0.002195s ]
NOTIC: [2048] Declaration of Home\Controller\IndexController::show() should be compatible with Think\Controller::show($content, $charset = '', $contentType = '', $prefix = '') D:\Coding\xampp\htdocs\dashboard\PHYMAN\Background\Home\Controller\IndexController.class.php 第 164 行.
NOTIC: [8192] mysql_connect(): The mysql extension is deprecated and will be removed in the future: use mysqli or PDO instead D:\Coding\xampp\htdocs\dashboard\PHYMAN\ThinkPHP\Library\Think\Db\Driver\Mysql.class.php 第 52 行.
SQL: SHOW COLUMNS FROM `phyman_authority` [ RunTime:0.003838s ]
NOTIC: [8] Undefined variable: USER D:\Coding\xampp\htdocs\dashboard\PHYMAN\Background\Home\Controller\IndexController.class.php 第 15 行.

[ 2016-01-29T15:02:13+08:00 ] ::1 /PHYMAN/
INFO: [ app_init ] --START--
INFO: Run Behavior\BuildLiteBehavior [ RunTime:0.000174s ]
INFO: [ app_init ] --END-- [ RunTime:0.001879s ]
INFO: [ app_begin ] --START--
INFO: Run Behavior\ReadHtmlCacheBehavior [ RunTime:0.001338s ]
INFO: [ app_begin ] --END-- [ RunTime:0.002239s ]
NOTIC: [2048] Declaration of Home\Controller\IndexController::show() should be compatible with Think\Controller::show($content, $charset = '', $contentType = '', $prefix = '') D:\Coding\xampp\htdocs\dashboard\PHYMAN\Background\Home\Controller\IndexController.class.php 第 164 行.
NOTIC: [8192] mysql_connect(): The mysql extension is deprecated and will be removed in the future: use mysqli or PDO instead D:\Coding\xampp\htdocs\dashboard\PHYMAN\ThinkPHP\Library\Think\Db\Driver\Mysql.class.php 第 52 行.
SQL: SHOW COLUMNS FROM `phyman_user` [ RunTime:0.109149s ]
NOTIC: [8] Undefined variable: USER D:\Coding\xampp\htdocs\dashboard\PHYMAN\Background\Home\Controller\IndexController.class.php 第 15 行.

[ 2016-01-29T15:04:03+08:00 ] ::1 /PHYMAN/
INFO: [ app_init ] --START--
INFO: Run Behavior\BuildLiteBehavior [ RunTime:0.000238s ]
INFO: [ app_init ] --END-- [ RunTime:0.002209s ]
INFO: [ app_begin ] --START--
INFO: Run Behavior\ReadHtmlCacheBehavior [ RunTime:0.001394s ]
INFO: [ app_begin ] --END-- [ RunTime:0.002258s ]
NOTIC: [2048] Declaration of Home\Controller\IndexController::show() should be compatible with Think\Controller::show($content, $charset = '', $contentType = '', $prefix = '') D:\Coding\xampp\htdocs\dashboard\PHYMAN\Background\Home\Controller\IndexController.class.php 第 164 行.
NOTIC: [8192] mysql_connect(): The mysql extension is deprecated and will be removed in the future: use mysqli or PDO instead D:\Coding\xampp\htdocs\dashboard\PHYMAN\ThinkPHP\Library\Think\Db\Driver\Mysql.class.php 第 52 行.
SQL: SHOW COLUMNS FROM `phyman_user` [ RunTime:0.031983s ]
NOTIC: [8] Undefined variable: USER D:\Coding\xampp\htdocs\dashboard\PHYMAN\Background\Home\Controller\IndexController.class.php 第 15 行.

[ 2016-01-29T15:04:20+08:00 ] ::1 /PHYMAN/
INFO: [ app_init ] --START--
INFO: Run Behavior\BuildLiteBehavior [ RunTime:0.000188s ]
INFO: [ app_init ] --END-- [ RunTime:0.001780s ]
INFO: [ app_begin ] --START--
INFO: Run Behavior\ReadHtmlCacheBehavior [ RunTime:0.001606s ]
INFO: [ app_begin ] --END-- [ RunTime:0.002589s ]
NOTIC: [2048] Declaration of Home\Controller\IndexController::show() should be compatible with Think\Controller::show($content, $charset = '', $contentType = '', $prefix = '') D:\Coding\xampp\htdocs\dashboard\PHYMAN\Background\Home\Controller\IndexController.class.php 第 164 行.
NOTIC: [8192] mysql_connect(): The mysql extension is deprecated and will be removed in the future: use mysqli or PDO instead D:\Coding\xampp\htdocs\dashboard\PHYMAN\ThinkPHP\Library\Think\Db\Driver\Mysql.class.php 第 52 行.
SQL: SHOW COLUMNS FROM `phyman_user` [ RunTime:0.003741s ]
NOTIC: [8] Undefined variable: USER D:\Coding\xampp\htdocs\dashboard\PHYMAN\Background\Home\Controller\IndexController.class.php 第 15 行.

[ 2016-01-29T15:09:14+08:00 ] ::1 /PHYMAN/
INFO: [ app_init ] --START--
INFO: Run Behavior\BuildLiteBehavior [ RunTime:0.000177s ]
INFO: [ app_init ] --END-- [ RunTime:0.001816s ]
INFO: [ app_begin ] --START--
INFO: Run Behavior\ReadHtmlCacheBehavior [ RunTime:0.001736s ]
INFO: [ app_begin ] --END-- [ RunTime:0.003028s ]
NOTIC: [2048] Declaration of Home\Controller\IndexController::show() should be compatible with Think\Controller::show($content, $charset = '', $contentType = '', $prefix = '') D:\Coding\xampp\htdocs\dashboard\PHYMAN\Background\Home\Controller\IndexController.class.php 第 165 行.
NOTIC: [8192] mysql_connect(): The mysql extension is deprecated and will be removed in the future: use mysqli or PDO instead D:\Coding\xampp\htdocs\dashboard\PHYMAN\ThinkPHP\Library\Think\Db\Driver\Mysql.class.php 第 52 行.
SQL: select psw from phyman_user where id=201522040840 [ RunTime:0.000478s ]
INFO: [ app_end ] --START--
INFO: Run Behavior\ShowPageTraceBehavior [ RunTime:0.001771s ]
INFO: [ app_end ] --END-- [ RunTime:0.002677s ]

[ 2016-01-29T15:09:46+08:00 ] ::1 /PHYMAN/
INFO: [ app_init ] --START--
INFO: Run Behavior\BuildLiteBehavior [ RunTime:0.000184s ]
INFO: [ app_init ] --END-- [ RunTime:0.001904s ]
INFO: [ app_begin ] --START--
INFO: Run Behavior\ReadHtmlCacheBehavior [ RunTime:0.001461s ]
INFO: [ app_begin ] --END-- [ RunTime:0.002499s ]
NOTIC: [2048] Declaration of Home\Controller\IndexController::show() should be compatible with Think\Controller::show($content, $charset = '', $contentType = '', $prefix = '') D:\Coding\xampp\htdocs\dashboard\PHYMAN\Background\Home\Controller\IndexController.class.php 第 166 行.
NOTIC: [8192] mysql_connect(): The mysql extension is deprecated and will be removed in the future: use mysqli or PDO instead D:\Coding\xampp\htdocs\dashboard\PHYMAN\ThinkPHP\Library\Think\Db\Driver\Mysql.class.php 第 52 行.
SQL: select psw from phyman_user where id=201522040840 [ RunTime:0.000559s ]
NOTIC: [8] Undefined index: psw D:\Coding\xampp\htdocs\dashboard\PHYMAN\Background\Home\Controller\IndexController.class.php 第 17 行.
INFO: [ app_end ] --START--
INFO: Run Behavior\ShowPageTraceBehavior [ RunTime:0.001680s ]
INFO: [ app_end ] --END-- [ RunTime:0.002742s ]

[ 2016-01-29T15:09:47+08:00 ] ::1 /PHYMAN/
INFO: [ app_init ] --START--
INFO: Run Behavior\BuildLiteBehavior [ RunTime:0.000176s ]
INFO: [ app_init ] --END-- [ RunTime:0.001890s ]
INFO: [ app_begin ] --START--
INFO: Run Behavior\ReadHtmlCacheBehavior [ RunTime:0.001334s ]
INFO: [ app_begin ] --END-- [ RunTime:0.002262s ]
NOTIC: [2048] Declaration of Home\Controller\IndexController::show() should be compatible with Think\Controller::show($content, $charset = '', $contentType = '', $prefix = '') D:\Coding\xampp\htdocs\dashboard\PHYMAN\Background\Home\Controller\IndexController.class.php 第 166 行.
NOTIC: [8192] mysql_connect(): The mysql extension is deprecated and will be removed in the future: use mysqli or PDO instead D:\Coding\xampp\htdocs\dashboard\PHYMAN\ThinkPHP\Library\Think\Db\Driver\Mysql.class.php 第 52 行.
SQL: select psw from phyman_user where id=201522040840 [ RunTime:0.000523s ]
NOTIC: [8] Undefined index: psw D:\Coding\xampp\htdocs\dashboard\PHYMAN\Background\Home\Controller\IndexController.class.php 第 17 行.
INFO: [ app_end ] --START--
INFO: Run Behavior\ShowPageTraceBehavior [ RunTime:0.001717s ]
INFO: [ app_end ] --END-- [ RunTime:0.002781s ]

[ 2016-01-29T15:10:05+08:00 ] ::1 /PHYMAN/
INFO: [ app_init ] --START--
INFO: Run Behavior\BuildLiteBehavior [ RunTime:0.000182s ]
INFO: [ app_init ] --END-- [ RunTime:0.001739s ]
INFO: [ app_begin ] --START--
INFO: Run Behavior\ReadHtmlCacheBehavior [ RunTime:0.002204s ]
INFO: [ app_begin ] --END-- [ RunTime:0.003761s ]
NOTIC: [2048] Declaration of Home\Controller\IndexController::show() should be compatible with Think\Controller::show($content, $charset = '', $contentType = '', $prefix = '') D:\Coding\xampp\htdocs\dashboard\PHYMAN\Background\Home\Controller\IndexController.class.php 第 166 行.
NOTIC: [8192] mysql_connect(): The mysql extension is deprecated and will be removed in the future: use mysqli or PDO instead D:\Coding\xampp\htdocs\dashboard\PHYMAN\ThinkPHP\Library\Think\Db\Driver\Mysql.class.php 第 52 行.
SQL: select psw from phyman_user where id=201522040840 [ RunTime:0.000503s ]
INFO: [ app_end ] --START--
INFO: Run Behavior\ShowPageTraceBehavior [ RunTime:0.001556s ]
INFO: [ app_end ] --END-- [ RunTime:0.002462s ]

[ 2016-01-29T15:11:58+08:00 ] ::1 /PHYMAN/
INFO: [ app_init ] --START--
INFO: Run Behavior\BuildLiteBehavior [ RunTime:0.000319s ]
INFO: [ app_init ] --END-- [ RunTime:0.002718s ]
INFO: [ app_begin ] --START--
INFO: Run Behavior\ReadHtmlCacheBehavior [ RunTime:0.001709s ]
INFO: [ app_begin ] --END-- [ RunTime:0.002701s ]
NOTIC: [2048] Declaration of Home\Controller\IndexController::show() should be compatible with Think\Controller::show($content, $charset = '', $contentType = '', $prefix = '') D:\Coding\xampp\htdocs\dashboard\PHYMAN\Background\Home\Controller\IndexController.class.php 第 169 行.
NOTIC: [8192] mysql_connect(): The mysql extension is deprecated and will be removed in the future: use mysqli or PDO instead D:\Coding\xampp\htdocs\dashboard\PHYMAN\ThinkPHP\Library\Think\Db\Driver\Mysql.class.php 第 52 行.
SQL: select psw from phyman_user where id=201522040840 [ RunTime:0.000506s ]
INFO: [ app_end ] --START--
INFO: Run Behavior\ShowPageTraceBehavior [ RunTime:0.001658s ]
INFO: [ app_end ] --END-- [ RunTime:0.002770s ]

[ 2016-01-29T15:16:44+08:00 ] ::1 /PHYMAN/
INFO: [ app_init ] --START--
INFO: Run Behavior\BuildLiteBehavior [ RunTime:0.000311s ]
INFO: [ app_init ] --END-- [ RunTime:0.002907s ]
INFO: [ app_begin ] --START--
INFO: Run Behavior\ReadHtmlCacheBehavior [ RunTime:0.001366s ]
INFO: [ app_begin ] --END-- [ RunTime:0.002237s ]
NOTIC: [2048] Declaration of Home\Controller\IndexController::show() should be compatible with Think\Controller::show($content, $charset = '', $contentType = '', $prefix = '') D:\Coding\xampp\htdocs\dashboard\PHYMAN\Background\Home\Controller\IndexController.class.php 第 169 行.
NOTIC: [8192] mysql_connect(): The mysql extension is deprecated and will be removed in the future: use mysqli or PDO instead D:\Coding\xampp\htdocs\dashboard\PHYMAN\ThinkPHP\Library\Think\Db\Driver\Mysql.class.php 第 52 行.
SQL: select psw from phyman_user where id=201522040841 [ RunTime:0.000819s ]
NOTIC: [8] Undefined offset: 0 D:\Coding\xampp\htdocs\dashboard\PHYMAN\Background\Home\Controller\IndexController.class.php 第 16 行.
NOTIC: [8] Undefined offset: 0 D:\Coding\xampp\htdocs\dashboard\PHYMAN\Background\Home\Controller\IndexController.class.php 第 20 行.
INFO: [ app_end ] --START--
INFO: Run Behavior\ShowPageTraceBehavior [ RunTime:0.001699s ]
INFO: [ app_end ] --END-- [ RunTime:0.002612s ]

[ 2016-01-29T15:31:28+08:00 ] ::1 /PHYMAN/
INFO: [ app_init ] --START--
INFO: Run Behavior\BuildLiteBehavior [ RunTime:0.000184s ]
INFO: [ app_init ] --END-- [ RunTime:0.001794s ]
INFO: [ app_begin ] --START--
INFO: Run Behavior\ReadHtmlCacheBehavior [ RunTime:0.001512s ]
INFO: [ app_begin ] --END-- [ RunTime:0.002414s ]
NOTIC: [2048] Declaration of Home\Controller\IndexController::show() should be compatible with Think\Controller::show($content, $charset = '', $contentType = '', $prefix = '') D:\Coding\xampp\htdocs\dashboard\PHYMAN\Background\Home\Controller\IndexController.class.php 第 177 行.
NOTIC: [8192] mysql_connect(): The mysql extension is deprecated and will be removed in the future: use mysqli or PDO instead D:\Coding\xampp\htdocs\dashboard\PHYMAN\ThinkPHP\Library\Think\Db\Driver\Mysql.class.php 第 52 行.
SQL: select psw from phyman_user where id=201522040841 [ RunTime:0.000897s ]
SQL: select id from phyman_authority where id=201522040841 [ RunTime:0.149090s ]
NOTIC: [8] Undefined offset: 0 D:\Coding\xampp\htdocs\dashboard\PHYMAN\Background\Home\Controller\IndexController.class.php 第 16 行.
NOTIC: [8] Undefined offset: 0 D:\Coding\xampp\htdocs\dashboard\PHYMAN\Background\Home\Controller\IndexController.class.php 第 21 行.
NOTIC: [8] Undefined offset: 0 D:\Coding\xampp\htdocs\dashboard\PHYMAN\Background\Home\Controller\IndexController.class.php 第 28 行.
INFO: [ app_end ] --START--
INFO: Run Behavior\ShowPageTraceBehavior [ RunTime:0.003508s ]
INFO: [ app_end ] --END-- [ RunTime:0.005782s ]

[ 2016-01-29T15:31:54+08:00 ] ::1 /PHYMAN/
INFO: [ app_init ] --START--
INFO: Run Behavior\BuildLiteBehavior [ RunTime:0.000173s ]
INFO: [ app_init ] --END-- [ RunTime:0.001706s ]
INFO: [ app_begin ] --START--
INFO: Run Behavior\ReadHtmlCacheBehavior [ RunTime:0.001178s ]
INFO: [ app_begin ] --END-- [ RunTime:0.002019s ]
NOTIC: [2048] Declaration of Home\Controller\IndexController::show() should be compatible with Think\Controller::show($content, $charset = '', $contentType = '', $prefix = '') D:\Coding\xampp\htdocs\dashboard\PHYMAN\Background\Home\Controller\IndexController.class.php 第 177 行.
NOTIC: [8192] mysql_connect(): The mysql extension is deprecated and will be removed in the future: use mysqli or PDO instead D:\Coding\xampp\htdocs\dashboard\PHYMAN\ThinkPHP\Library\Think\Db\Driver\Mysql.class.php 第 52 行.
SQL: select psw from phyman_user where id=201522040841 [ RunTime:0.000489s ]
SQL: select id from phyman_authority where id=201522040841 [ RunTime:0.000416s ]
NOTIC: [8] Undefined offset: 0 D:\Coding\xampp\htdocs\dashboard\PHYMAN\Background\Home\Controller\IndexController.class.php 第 17 行.
NOTIC: [8] Undefined offset: 0 D:\Coding\xampp\htdocs\dashboard\PHYMAN\Background\Home\Controller\IndexController.class.php 第 21 行.
NOTIC: [8] Undefined offset: 0 D:\Coding\xampp\htdocs\dashboard\PHYMAN\Background\Home\Controller\IndexController.class.php 第 28 行.
INFO: [ app_end ] --START--
INFO: Run Behavior\ShowPageTraceBehavior [ RunTime:0.001564s ]
INFO: [ app_end ] --END-- [ RunTime:0.002462s ]

[ 2016-01-29T15:33:09+08:00 ] ::1 /PHYMAN/
INFO: [ app_init ] --START--
INFO: Run Behavior\BuildLiteBehavior [ RunTime:0.000201s ]
INFO: [ app_init ] --END-- [ RunTime:0.002079s ]
INFO: [ app_begin ] --START--
INFO: Run Behavior\ReadHtmlCacheBehavior [ RunTime:0.001334s ]
INFO: [ app_begin ] --END-- [ RunTime:0.002193s ]
NOTIC: [2048] Declaration of Home\Controller\IndexController::show() should be compatible with Think\Controller::show($content, $charset = '', $contentType = '', $prefix = '') D:\Coding\xampp\htdocs\dashboard\PHYMAN\Background\Home\Controller\IndexController.class.php 第 177 行.
NOTIC: [8192] mysql_connect(): The mysql extension is deprecated and will be removed in the future: use mysqli or PDO instead D:\Coding\xampp\htdocs\dashboard\PHYMAN\ThinkPHP\Library\Think\Db\Driver\Mysql.class.php 第 52 行.
SQL: select psw,authority from phyman_user where id=201522040840 [ RunTime:0.000572s ]
INFO: [ app_end ] --START--
INFO: Run Behavior\ShowPageTraceBehavior [ RunTime:0.001593s ]
INFO: [ app_end ] --END-- [ RunTime:0.002475s ]

[ 2016-01-29T16:00:37+08:00 ] ::1 /PHYMAN/
INFO: [ app_init ] --START--
INFO: Run Behavior\BuildLiteBehavior [ RunTime:0.000176s ]
INFO: [ app_init ] --END-- [ RunTime:0.030371s ]
INFO: [ app_begin ] --START--
INFO: Run Behavior\ReadHtmlCacheBehavior [ RunTime:0.027445s ]
INFO: [ app_begin ] --END-- [ RunTime:0.028426s ]
NOTIC: [2048] Declaration of Home\Controller\IndexController::show() should be compatible with Think\Controller::show($content, $charset = '', $contentType = '', $prefix = '') D:\Coding\xampp\htdocs\dashboard\PHYMAN\Background\Home\Controller\IndexController.class.php 第 177 行.
NOTIC: [8192] mysql_connect(): The mysql extension is deprecated and will be removed in the future: use mysqli or PDO instead D:\Coding\xampp\htdocs\dashboard\PHYMAN\ThinkPHP\Library\Think\Db\Driver\Mysql.class.php 第 52 行.
SQL: select psw,authority from phyman_user where id=201522040840 [ RunTime:0.001114s ]
INFO: [ app_end ] --START--
INFO: Run Behavior\ShowPageTraceBehavior [ RunTime:0.021351s ]
INFO: [ app_end ] --END-- [ RunTime:0.022716s ]

[ 2016-01-29T16:00:59+08:00 ] ::1 /PHYMAN/
INFO: [ app_init ] --START--
INFO: Run Behavior\BuildLiteBehavior [ RunTime:0.000174s ]
INFO: [ app_init ] --END-- [ RunTime:0.001724s ]
INFO: [ app_begin ] --START--
INFO: Run Behavior\ReadHtmlCacheBehavior [ RunTime:0.001271s ]
INFO: [ app_begin ] --END-- [ RunTime:0.002842s ]
NOTIC: [2048] Declaration of Home\Controller\IndexController::show() should be compatible with Think\Controller::show($content, $charset = '', $contentType = '', $prefix = '') D:\Coding\xampp\htdocs\dashboard\PHYMAN\Background\Home\Controller\IndexController.class.php 第 225 行.
NOTIC: [8] Undefined variable: jwt D:\Coding\xampp\htdocs\dashboard\PHYMAN\Background\Home\Controller\IndexController.class.php 第 12 行.
NOTIC: [8] Undefined variable: key D:\Coding\xampp\htdocs\dashboard\PHYMAN\Background\Home\Controller\IndexController.class.php 第 12 行.
ERR: Key may not be empty

[ 2016-01-29T16:01:39+08:00 ] ::1 /PHYMAN/
INFO: [ app_init ] --START--
INFO: Run Behavior\BuildLiteBehavior [ RunTime:0.000174s ]
INFO: [ app_init ] --END-- [ RunTime:0.002192s ]
INFO: [ app_begin ] --START--
INFO: Run Behavior\ReadHtmlCacheBehavior [ RunTime:0.001349s ]
INFO: [ app_begin ] --END-- [ RunTime:0.002242s ]
NOTIC: [2048] Declaration of Home\Controller\IndexController::show() should be compatible with Think\Controller::show($content, $charset = '', $contentType = '', $prefix = '') D:\Coding\xampp\htdocs\dashboard\PHYMAN\Background\Home\Controller\IndexController.class.php 第 227 行.
NOTIC: [8] Undefined variable: jwt D:\Coding\xampp\htdocs\dashboard\PHYMAN\Background\Home\Controller\IndexController.class.php 第 12 行.
NOTIC: [8] Undefined variable: key D:\Coding\xampp\htdocs\dashboard\PHYMAN\Background\Home\Controller\IndexController.class.php 第 12 行.
ERR: Key may not be empty

[ 2016-01-29T16:01:41+08:00 ] ::1 /PHYMAN/
INFO: [ app_init ] --START--
INFO: Run Behavior\BuildLiteBehavior [ RunTime:0.000319s ]
INFO: [ app_init ] --END-- [ RunTime:0.002944s ]
INFO: [ app_begin ] --START--
INFO: Run Behavior\ReadHtmlCacheBehavior [ RunTime:0.001336s ]
INFO: [ app_begin ] --END-- [ RunTime:0.002184s ]
NOTIC: [2048] Declaration of Home\Controller\IndexController::show() should be compatible with Think\Controller::show($content, $charset = '', $contentType = '', $prefix = '') D:\Coding\xampp\htdocs\dashboard\PHYMAN\Background\Home\Controller\IndexController.class.php 第 227 行.
NOTIC: [8] Undefined variable: jwt D:\Coding\xampp\htdocs\dashboard\PHYMAN\Background\Home\Controller\IndexController.class.php 第 12 行.
NOTIC: [8] Undefined variable: key D:\Coding\xampp\htdocs\dashboard\PHYMAN\Background\Home\Controller\IndexController.class.php 第 12 行.
ERR: Key may not be empty

[ 2016-01-29T16:03:28+08:00 ] ::1 /PHYMAN/
INFO: [ app_init ] --START--
INFO: Run Behavior\BuildLiteBehavior [ RunTime:0.000261s ]
INFO: [ app_init ] --END-- [ RunTime:0.002057s ]
INFO: [ app_begin ] --START--
INFO: Run Behavior\ReadHtmlCacheBehavior [ RunTime:0.001264s ]
INFO: [ app_begin ] --END-- [ RunTime:0.002295s ]
NOTIC: [2048] Declaration of Home\Controller\IndexController::show() should be compatible with Think\Controller::show($content, $charset = '', $contentType = '', $prefix = '') D:\Coding\xampp\htdocs\dashboard\PHYMAN\Background\Home\Controller\IndexController.class.php 第 248 行.
INFO: [ app_end ] --START--
INFO: Run Behavior\ShowPageTraceBehavior [ RunTime:0.001578s ]
INFO: [ app_end ] --END-- [ RunTime:0.002760s ]

[ 2016-01-29T16:03:47+08:00 ] ::1 /PHYMAN/
INFO: [ app_init ] --START--
INFO: Run Behavior\BuildLiteBehavior [ RunTime:0.000159s ]
INFO: [ app_init ] --END-- [ RunTime:0.001702s ]
INFO: [ app_begin ] --START--
INFO: Run Behavior\ReadHtmlCacheBehavior [ RunTime:0.001403s ]
INFO: [ app_begin ] --END-- [ RunTime:0.002311s ]
NOTIC: [2048] Declaration of Home\Controller\IndexController::show() should be compatible with Think\Controller::show($content, $charset = '', $contentType = '', $prefix = '') D:\Coding\xampp\htdocs\dashboard\PHYMAN\Background\Home\Controller\IndexController.class.php 第 248 行.
INFO: [ app_end ] --START--
INFO: Run Behavior\ShowPageTraceBehavior [ RunTime:0.001557s ]
INFO: [ app_end ] --END-- [ RunTime:0.002626s ]

[ 2016-01-29T16:07:13+08:00 ] ::1 /PHYMAN/
INFO: [ app_init ] --START--
INFO: Run Behavior\BuildLiteBehavior [ RunTime:0.000176s ]
INFO: [ app_init ] --END-- [ RunTime:0.001892s ]
INFO: [ app_begin ] --START--
INFO: Run Behavior\ReadHtmlCacheBehavior [ RunTime:0.001200s ]
INFO: [ app_begin ] --END-- [ RunTime:0.002089s ]
NOTIC: [2048] Declaration of Home\Controller\IndexController::show() should be compatible with Think\Controller::show($content, $charset = '', $contentType = '', $prefix = '') D:\Coding\xampp\htdocs\dashboard\PHYMAN\Background\Home\Controller\IndexController.class.php 第 266 行.
NOTIC: [8192] mysql_connect(): The mysql extension is deprecated and will be removed in the future: use mysqli or PDO instead D:\Coding\xampp\htdocs\dashboard\PHYMAN\ThinkPHP\Library\Think\Db\Driver\Mysql.class.php 第 52 行.
SQL: select psw,authority from phyman_user where id=201522040840 [ RunTime:0.000660s ]
INFO: [ app_end ] --START--
INFO: Run Behavior\ShowPageTraceBehavior [ RunTime:0.001932s ]
INFO: [ app_end ] --END-- [ RunTime:0.003207s ]

[ 2016-01-29T16:20:46+08:00 ] ::1 /PHYMAN/
INFO: [ app_init ] --START--
INFO: Run Behavior\BuildLiteBehavior [ RunTime:0.000175s ]
INFO: [ app_init ] --END-- [ RunTime:0.002207s ]
INFO: [ app_begin ] --START--
INFO: Run Behavior\ReadHtmlCacheBehavior [ RunTime:0.001572s ]
INFO: [ app_begin ] --END-- [ RunTime:0.002520s ]
NOTIC: [2048] Declaration of Home\Controller\IndexController::show() should be compatible with Think\Controller::show($content, $charset = '', $contentType = '', $prefix = '') D:\Coding\xampp\htdocs\dashboard\PHYMAN\Background\Home\Controller\IndexController.class.php 第 267 行.
NOTIC: [8192] mysql_connect(): The mysql extension is deprecated and will be removed in the future: use mysqli or PDO instead D:\Coding\xampp\htdocs\dashboard\PHYMAN\ThinkPHP\Library\Think\Db\Driver\Mysql.class.php 第 52 行.
SQL: select psw,authority from phyman_user where id=201522040840 [ RunTime:0.001244s ]
INFO: [ app_end ] --START--
INFO: Run Behavior\ShowPageTraceBehavior [ RunTime:0.007116s ]
INFO: [ app_end ] --END-- [ RunTime:0.008766s ]

[ 2016-01-29T16:21:03+08:00 ] ::1 /PHYMAN/
INFO: [ app_init ] --START--
INFO: Run Behavior\BuildLiteBehavior [ RunTime:0.000201s ]
INFO: [ app_init ] --END-- [ RunTime:0.002193s ]
INFO: [ app_begin ] --START--
INFO: Run Behavior\ReadHtmlCacheBehavior [ RunTime:0.001447s ]
INFO: [ app_begin ] --END-- [ RunTime:0.002412s ]
NOTIC: [2048] Declaration of Home\Controller\IndexController::show() should be compatible with Think\Controller::show($content, $charset = '', $contentType = '', $prefix = '') D:\Coding\xampp\htdocs\dashboard\PHYMAN\Background\Home\Controller\IndexController.class.php 第 267 行.
NOTIC: [8192] mysql_connect(): The mysql extension is deprecated and will be removed in the future: use mysqli or PDO instead D:\Coding\xampp\htdocs\dashboard\PHYMAN\ThinkPHP\Library\Think\Db\Driver\Mysql.class.php 第 52 行.
SQL: select psw,authority from phyman_user where id=201522040840 [ RunTime:0.000496s ]
INFO: [ app_end ] --START--
INFO: Run Behavior\ShowPageTraceBehavior [ RunTime:0.001569s ]
INFO: [ app_end ] --END-- [ RunTime:0.002478s ]

[ 2016-01-29T16:45:54+08:00 ] ::1 /PHYMAN/
INFO: [ app_init ] --START--
INFO: Run Behavior\BuildLiteBehavior [ RunTime:0.000172s ]
INFO: [ app_init ] --END-- [ RunTime:0.001630s ]
INFO: [ app_begin ] --START--
INFO: Run Behavior\ReadHtmlCacheBehavior [ RunTime:0.001322s ]
INFO: [ app_begin ] --END-- [ RunTime:0.002216s ]
NOTIC: [2048] Declaration of Home\Controller\IndexController::show() should be compatible with Think\Controller::show($content, $charset = '', $contentType = '', $prefix = '') D:\Coding\xampp\htdocs\dashboard\PHYMAN\Background\Home\Controller\IndexController.class.php 第 321 行.
NOTIC: [8] Undefined variable: arr D:\Coding\xampp\htdocs\dashboard\PHYMAN\Background\Home\Controller\IndexController.class.php 第 14 行.
NOTIC: [8] Trying to get property of non-object D:\Coding\xampp\htdocs\dashboard\PHYMAN\Background\Home\Controller\IndexController.class.php 第 14 行.
NOTIC: [8] Undefined variable: arr D:\Coding\xampp\htdocs\dashboard\PHYMAN\Background\Home\Controller\IndexController.class.php 第 16 行.
NOTIC: [8] Trying to get property of non-object D:\Coding\xampp\htdocs\dashboard\PHYMAN\Background\Home\Controller\IndexController.class.php 第 16 行.
NOTIC: [8] Undefined variable: arr D:\Coding\xampp\htdocs\dashboard\PHYMAN\Background\Home\Controller\IndexController.class.php 第 20 行.
NOTIC: [8] Trying to get property of non-object D:\Coding\xampp\htdocs\dashboard\PHYMAN\Background\Home\Controller\IndexController.class.php 第 20 行.
NOTIC: [8] Use of undefined constant username - assumed 'username' D:\Coding\xampp\htdocs\dashboard\PHYMAN\Background\Home\Controller\IndexController.class.php 第 25 行.
NOTIC: [8192] mysql_connect(): The mysql extension is deprecated and will be removed in the future: use mysqli or PDO instead D:\Coding\xampp\htdocs\dashboard\PHYMAN\ThinkPHP\Library\Think\Db\Driver\Mysql.class.php 第 52 行.
SQL: select * from phyman_user where id=username [ RunTime:0.010994s ]
ERR: 1054:Unknown column 'username' in 'where clause'
 [ SQL语句 ] : select * from phyman_user where id=username
SQL: insert into phyman_user(id,name,sex,psw,authority,img,grade,mailbox) values (
                201522040841,'邓迪夫','男','123456',1,'',5,'www.baidu.com' [ RunTime:0.011388s ]
ERR: 1064:You have an error in your SQL syntax; check the manual that corresponds to your MariaDB server version for the right syntax to use near '' at line 2
 [ SQL语句 ] : insert into phyman_user(id,name,sex,psw,authority,img,grade,mailbox) values (
                201522040841,'邓迪夫','男','123456',1,'',5,'www.baidu.com'
NOTIC: [8] Undefined variable: key D:\Coding\xampp\htdocs\dashboard\PHYMAN\Background\Home\Controller\IndexController.class.php 第 56 行.
NOTIC: [8] Undefined variable: key D:\Coding\xampp\htdocs\dashboard\PHYMAN\Background\Home\Controller\IndexController.class.php 第 60 行.
ERR: Key may not be empty

[ 2016-01-29T16:46:47+08:00 ] ::1 /PHYMAN/
INFO: [ app_init ] --START--
INFO: Run Behavior\BuildLiteBehavior [ RunTime:0.000222s ]
INFO: [ app_init ] --END-- [ RunTime:0.002348s ]
INFO: [ app_begin ] --START--
INFO: Run Behavior\ReadHtmlCacheBehavior [ RunTime:0.001404s ]
INFO: [ app_begin ] --END-- [ RunTime:0.002346s ]
NOTIC: [2048] Declaration of Home\Controller\IndexController::show() should be compatible with Think\Controller::show($content, $charset = '', $contentType = '', $prefix = '') D:\Coding\xampp\htdocs\dashboard\PHYMAN\Background\Home\Controller\IndexController.class.php 第 321 行.
NOTIC: [8] Undefined variable: arr D:\Coding\xampp\htdocs\dashboard\PHYMAN\Background\Home\Controller\IndexController.class.php 第 14 行.
NOTIC: [8] Trying to get property of non-object D:\Coding\xampp\htdocs\dashboard\PHYMAN\Background\Home\Controller\IndexController.class.php 第 14 行.
NOTIC: [8] Undefined variable: arr D:\Coding\xampp\htdocs\dashboard\PHYMAN\Background\Home\Controller\IndexController.class.php 第 16 行.
NOTIC: [8] Trying to get property of non-object D:\Coding\xampp\htdocs\dashboard\PHYMAN\Background\Home\Controller\IndexController.class.php 第 16 行.
NOTIC: [8] Undefined variable: arr D:\Coding\xampp\htdocs\dashboard\PHYMAN\Background\Home\Controller\IndexController.class.php 第 20 行.
NOTIC: [8] Trying to get property of non-object D:\Coding\xampp\htdocs\dashboard\PHYMAN\Background\Home\Controller\IndexController.class.php 第 20 行.
NOTIC: [8] Use of undefined constant username - assumed 'username' D:\Coding\xampp\htdocs\dashboard\PHYMAN\Background\Home\Controller\IndexController.class.php 第 25 行.
NOTIC: [8192] mysql_connect(): The mysql extension is deprecated and will be removed in the future: use mysqli or PDO instead D:\Coding\xampp\htdocs\dashboard\PHYMAN\ThinkPHP\Library\Think\Db\Driver\Mysql.class.php 第 52 行.
SQL: select * from phyman_user where id=username [ RunTime:0.000390s ]
ERR: 1054:Unknown column 'username' in 'where clause'
 [ SQL语句 ] : select * from phyman_user where id=username
SQL: insert into phyman_user(id,name,sex,psw,authority,img,grade,mailbox) values (
                201522040841,'邓迪夫','男','123456',1,'',5,'www.baidu.com' [ RunTime:0.000301s ]
ERR: 1064:You have an error in your SQL syntax; check the manual that corresponds to your MariaDB server version for the right syntax to use near '' at line 2
 [ SQL语句 ] : insert into phyman_user(id,name,sex,psw,authority,img,grade,mailbox) values (
                201522040841,'邓迪夫','男','123456',1,'',5,'www.baidu.com'
INFO: [ app_end ] --START--
INFO: Run Behavior\ShowPageTraceBehavior [ RunTime:0.001725s ]
INFO: [ app_end ] --END-- [ RunTime:0.002645s ]

[ 2016-01-29T16:53:03+08:00 ] ::1 /PHYMAN/
INFO: [ app_init ] --START--
INFO: Run Behavior\BuildLiteBehavior [ RunTime:0.000298s ]
INFO: [ app_init ] --END-- [ RunTime:0.003020s ]
INFO: [ app_begin ] --START--
INFO: Run Behavior\ReadHtmlCacheBehavior [ RunTime:0.001288s ]
INFO: [ app_begin ] --END-- [ RunTime:0.002203s ]
NOTIC: [2048] Declaration of Home\Controller\IndexController::show() should be compatible with Think\Controller::show($content, $charset = '', $contentType = '', $prefix = '') D:\Coding\xampp\htdocs\dashboard\PHYMAN\Background\Home\Controller\IndexController.class.php 第 322 行.
NOTIC: [8] Undefined variable: arr D:\Coding\xampp\htdocs\dashboard\PHYMAN\Background\Home\Controller\IndexController.class.php 第 14 行.
NOTIC: [8] Trying to get property of non-object D:\Coding\xampp\htdocs\dashboard\PHYMAN\Background\Home\Controller\IndexController.class.php 第 14 行.
NOTIC: [8] Undefined variable: arr D:\Coding\xampp\htdocs\dashboard\PHYMAN\Background\Home\Controller\IndexController.class.php 第 16 行.
NOTIC: [8] Trying to get property of non-object D:\Coding\xampp\htdocs\dashboard\PHYMAN\Background\Home\Controller\IndexController.class.php 第 16 行.
NOTIC: [8] Undefined variable: arr D:\Coding\xampp\htdocs\dashboard\PHYMAN\Background\Home\Controller\IndexController.class.php 第 20 行.
NOTIC: [8] Trying to get property of non-object D:\Coding\xampp\htdocs\dashboard\PHYMAN\Background\Home\Controller\IndexController.class.php 第 20 行.
NOTIC: [8] Use of undefined constant username - assumed 'username' D:\Coding\xampp\htdocs\dashboard\PHYMAN\Background\Home\Controller\IndexController.class.php 第 25 行.
NOTIC: [8192] mysql_connect(): The mysql extension is deprecated and will be removed in the future: use mysqli or PDO instead D:\Coding\xampp\htdocs\dashboard\PHYMAN\ThinkPHP\Library\Think\Db\Driver\Mysql.class.php 第 52 行.
SQL: select * from phyman_user where id=username [ RunTime:0.000411s ]
ERR: 1054:Unknown column 'username' in 'where clause'
 [ SQL语句 ] : select * from phyman_user where id=username
SQL: insert into phyman_user values ('201522040841','邓迪夫','男','123456','1','','5','www.baidu.com') [ RunTime:0.050968s ]
NOTIC: [2] mysql_num_rows() expects parameter 1 to be resource, boolean given D:\Coding\xampp\htdocs\dashboard\PHYMAN\ThinkPHP\Library\Think\Db\Driver\Mysql.class.php 第 102 行.
INFO: [ app_end ] --START--
INFO: Run Behavior\ShowPageTraceBehavior [ RunTime:0.001741s ]
INFO: [ app_end ] --END-- [ RunTime:0.002653s ]

[ 2016-01-29T17:12:12+08:00 ] ::1 /PHYMAN/
INFO: [ app_init ] --START--
INFO: Run Behavior\BuildLiteBehavior [ RunTime:0.000175s ]
INFO: [ app_init ] --END-- [ RunTime:0.001950s ]
INFO: [ app_begin ] --START--
INFO: Run Behavior\ReadHtmlCacheBehavior [ RunTime:0.001529s ]
INFO: [ app_begin ] --END-- [ RunTime:0.002437s ]
NOTIC: [2048] Declaration of Home\Controller\IndexController::show() should be compatible with Think\Controller::show($content, $charset = '', $contentType = '', $prefix = '') D:\Coding\xampp\htdocs\dashboard\PHYMAN\Background\Home\Controller\IndexController.class.php 第 323 行.
NOTIC: [8] Undefined variable: arr D:\Coding\xampp\htdocs\dashboard\PHYMAN\Background\Home\Controller\IndexController.class.php 第 14 行.
NOTIC: [8] Trying to get property of non-object D:\Coding\xampp\htdocs\dashboard\PHYMAN\Background\Home\Controller\IndexController.class.php 第 14 行.
NOTIC: [8] Undefined variable: arr D:\Coding\xampp\htdocs\dashboard\PHYMAN\Background\Home\Controller\IndexController.class.php 第 16 行.
NOTIC: [8] Trying to get property of non-object D:\Coding\xampp\htdocs\dashboard\PHYMAN\Background\Home\Controller\IndexController.class.php 第 16 行.
NOTIC: [8] Undefined variable: arr D:\Coding\xampp\htdocs\dashboard\PHYMAN\Background\Home\Controller\IndexController.class.php 第 20 行.
NOTIC: [8] Trying to get property of non-object D:\Coding\xampp\htdocs\dashboard\PHYMAN\Background\Home\Controller\IndexController.class.php 第 20 行.
NOTIC: [8] Use of undefined constant username - assumed 'username' D:\Coding\xampp\htdocs\dashboard\PHYMAN\Background\Home\Controller\IndexController.class.php 第 26 行.
NOTIC: [8192] mysql_connect(): The mysql extension is deprecated and will be removed in the future: use mysqli or PDO instead D:\Coding\xampp\htdocs\dashboard\PHYMAN\ThinkPHP\Library\Think\Db\Driver\Mysql.class.php 第 52 行.
SQL: select * from phyman_user where id=username [ RunTime:0.000494s ]
ERR: 1054:Unknown column 'username' in 'where clause'
 [ SQL语句 ] : select * from phyman_user where id=username
SQL: insert into phyman_user values ('201522040841','邓迪夫','男','c56d0e9a7ccec67b4ea131655038d604','1','','5','www.baidu.com') [ RunTime:0.051319s ]
NOTIC: [2] mysql_num_rows() expects parameter 1 to be resource, boolean given D:\Coding\xampp\htdocs\dashboard\PHYMAN\ThinkPHP\Library\Think\Db\Driver\Mysql.class.php 第 102 行.
INFO: [ app_end ] --START--
INFO: Run Behavior\ShowPageTraceBehavior [ RunTime:0.001630s ]
INFO: [ app_end ] --END-- [ RunTime:0.002535s ]

[ 2016-01-29T17:14:47+08:00 ] ::1 /PHYMAN/
INFO: [ app_init ] --START--
INFO: Run Behavior\BuildLiteBehavior [ RunTime:0.000170s ]
INFO: [ app_init ] --END-- [ RunTime:0.001612s ]
INFO: [ app_begin ] --START--
INFO: Run Behavior\ReadHtmlCacheBehavior [ RunTime:0.001343s ]
INFO: [ app_begin ] --END-- [ RunTime:0.002656s ]
NOTIC: [2048] Declaration of Home\Controller\IndexController::show() should be compatible with Think\Controller::show($content, $charset = '', $contentType = '', $prefix = '') D:\Coding\xampp\htdocs\dashboard\PHYMAN\Background\Home\Controller\IndexController.class.php 第 323 行.
NOTIC: [8] Undefined variable: arr D:\Coding\xampp\htdocs\dashboard\PHYMAN\Background\Home\Controller\IndexController.class.php 第 14 行.
NOTIC: [8] Trying to get property of non-object D:\Coding\xampp\htdocs\dashboard\PHYMAN\Background\Home\Controller\IndexController.class.php 第 14 行.
NOTIC: [8] Undefined variable: arr D:\Coding\xampp\htdocs\dashboard\PHYMAN\Background\Home\Controller\IndexController.class.php 第 16 行.
NOTIC: [8] Trying to get property of non-object D:\Coding\xampp\htdocs\dashboard\PHYMAN\Background\Home\Controller\IndexController.class.php 第 16 行.
NOTIC: [8] Undefined variable: arr D:\Coding\xampp\htdocs\dashboard\PHYMAN\Background\Home\Controller\IndexController.class.php 第 20 行.
NOTIC: [8] Trying to get property of non-object D:\Coding\xampp\htdocs\dashboard\PHYMAN\Background\Home\Controller\IndexController.class.php 第 20 行.
NOTIC: [8] Use of undefined constant username - assumed 'username' D:\Coding\xampp\htdocs\dashboard\PHYMAN\Background\Home\Controller\IndexController.class.php 第 26 行.
NOTIC: [8192] mysql_connect(): The mysql extension is deprecated and will be removed in the future: use mysqli or PDO instead D:\Coding\xampp\htdocs\dashboard\PHYMAN\ThinkPHP\Library\Think\Db\Driver\Mysql.class.php 第 52 行.
SQL: select * from phyman_user where id=username [ RunTime:0.000498s ]
ERR: 1054:Unknown column 'username' in 'where clause'
 [ SQL语句 ] : select * from phyman_user where id=username
SQL: insert into phyman_user values ('201522040840','林小艺','女','7363a0d0604902af7b70b271a0b96480','1','','5','www.google.com') [ RunTime:0.030659s ]
NOTIC: [2] mysql_num_rows() expects parameter 1 to be resource, boolean given D:\Coding\xampp\htdocs\dashboard\PHYMAN\ThinkPHP\Library\Think\Db\Driver\Mysql.class.php 第 102 行.
INFO: [ app_end ] --START--
INFO: Run Behavior\ShowPageTraceBehavior [ RunTime:0.001477s ]
INFO: [ app_end ] --END-- [ RunTime:0.002555s ]

[ 2016-01-29T17:17:48+08:00 ] ::1 /PHYMAN/
INFO: [ app_init ] --START--
INFO: Run Behavior\BuildLiteBehavior [ RunTime:0.000171s ]
INFO: [ app_init ] --END-- [ RunTime:0.001899s ]
INFO: [ app_begin ] --START--
INFO: Run Behavior\ReadHtmlCacheBehavior [ RunTime:0.001388s ]
INFO: [ app_begin ] --END-- [ RunTime:0.002284s ]
NOTIC: [2048] Declaration of Home\Controller\IndexController::show() should be compatible with Think\Controller::show($content, $charset = '', $contentType = '', $prefix = '') D:\Coding\xampp\htdocs\dashboard\PHYMAN\Background\Home\Controller\IndexController.class.php 第 361 行.
NOTIC: [8192] mysql_connect(): The mysql extension is deprecated and will be removed in the future: use mysqli or PDO instead D:\Coding\xampp\htdocs\dashboard\PHYMAN\ThinkPHP\Library\Think\Db\Driver\Mysql.class.php 第 52 行.
SQL: select psw,authority from phyman_user where id=201522040840 [ RunTime:0.000589s ]
NOTIC: [8] Undefined variable: key D:\Coding\xampp\htdocs\dashboard\PHYMAN\Background\Home\Controller\IndexController.class.php 第 43 行.
NOTIC: [8] Undefined variable: key D:\Coding\xampp\htdocs\dashboard\PHYMAN\Background\Home\Controller\IndexController.class.php 第 100 行.
ERR: Key may not be empty

[ 2016-01-29T17:18:05+08:00 ] ::1 /PHYMAN/
INFO: [ app_init ] --START--
INFO: Run Behavior\BuildLiteBehavior [ RunTime:0.000170s ]
INFO: [ app_init ] --END-- [ RunTime:0.001706s ]
INFO: [ app_begin ] --START--
INFO: Run Behavior\ReadHtmlCacheBehavior [ RunTime:0.001539s ]
INFO: [ app_begin ] --END-- [ RunTime:0.002423s ]
NOTIC: [2048] Declaration of Home\Controller\IndexController::show() should be compatible with Think\Controller::show($content, $charset = '', $contentType = '', $prefix = '') D:\Coding\xampp\htdocs\dashboard\PHYMAN\Background\Home\Controller\IndexController.class.php 第 362 行.
NOTIC: [8192] mysql_connect(): The mysql extension is deprecated and will be removed in the future: use mysqli or PDO instead D:\Coding\xampp\htdocs\dashboard\PHYMAN\ThinkPHP\Library\Think\Db\Driver\Mysql.class.php 第 52 行.
SQL: select psw,authority from phyman_user where id=201522040840 [ RunTime:0.000506s ]
INFO: [ app_end ] --START--
INFO: Run Behavior\ShowPageTraceBehavior [ RunTime:0.001530s ]
INFO: [ app_end ] --END-- [ RunTime:0.002477s ]

