[ 2016-03-29T23:04:09+08:00 ] ::1 /PHYMAN/index.php/?c=Test&a=newNoti
INFO: [ app_init ] --START--
INFO: Run Behavior\BuildLiteBehavior [ RunTime:0.000183s ]
INFO: [ app_init ] --END-- [ RunTime:0.013581s ]
INFO: [ app_begin ] --START--
INFO: Run Behavior\ReadHtmlCacheBehavior [ RunTime:0.017099s ]
INFO: [ app_begin ] --END-- [ RunTime:0.018061s ]
ERR: 无法加载控制器:Test

[ 2016-03-29T23:04:27+08:00 ] ::1 /PHYMAN/index.php/?c=Testfunction&a=newNoti
INFO: [ app_init ] --START--
INFO: Run Behavior\BuildLiteBehavior [ RunTime:0.000225s ]
INFO: [ app_init ] --END-- [ RunTime:0.001910s ]
INFO: [ app_begin ] --START--
INFO: Run Behavior\ReadHtmlCacheBehavior [ RunTime:0.001553s ]
INFO: [ app_begin ] --END-- [ RunTime:0.002807s ]
NOTIC: [2048] Declaration of Home\Controller\TestfunctionController::show() should be compatible with Think\Controller::show($content, $charset = '', $contentType = '', $prefix = '') D:\Coding\xampp\htdocs\dashboard\PHYMAN\Background\Home\Controller\TestfunctionController.class.php 第 1062 行.
INFO: [ app_end ] --START--
INFO: Run Behavior\ShowPageTraceBehavior [ RunTime:0.021215s ]
INFO: [ app_end ] --END-- [ RunTime:0.025101s ]

[ 2016-03-29T23:04:37+08:00 ] ::1 /PHYMAN/index.php/?c=Testfunction&a=newNoti
INFO: [ app_init ] --START--
INFO: Run Behavior\BuildLiteBehavior [ RunTime:0.000305s ]
INFO: [ app_init ] --END-- [ RunTime:0.002786s ]
INFO: [ app_begin ] --START--
INFO: Run Behavior\ReadHtmlCacheBehavior [ RunTime:0.001580s ]
INFO: [ app_begin ] --END-- [ RunTime:0.002975s ]
NOTIC: [2048] Declaration of Home\Controller\TestfunctionController::show() should be compatible with Think\Controller::show($content, $charset = '', $contentType = '', $prefix = '') D:\Coding\xampp\htdocs\dashboard\PHYMAN\Background\Home\Controller\TestfunctionController.class.php 第 1062 行.
INFO: [ app_end ] --START--
INFO: Run Behavior\ShowPageTraceBehavior [ RunTime:0.001482s ]
INFO: [ app_end ] --END-- [ RunTime:0.002519s ]

[ 2016-03-29T23:10:56+08:00 ] ::1 /PHYMAN/index.php
INFO: [ app_init ] --START--
INFO: Run Behavior\BuildLiteBehavior [ RunTime:0.000191s ]
INFO: [ app_init ] --END-- [ RunTime:0.002356s ]
INFO: [ app_begin ] --START--
INFO: Run Behavior\ReadHtmlCacheBehavior [ RunTime:0.002067s ]
INFO: [ app_begin ] --END-- [ RunTime:0.003522s ]
INFO: [ view_parse ] --START--
INFO: [ template_filter ] --START--
INFO: Run Behavior\ContentReplaceBehavior [ RunTime:0.000629s ]
INFO: [ template_filter ] --END-- [ RunTime:0.002606s ]
INFO: Run Behavior\ParseTemplateBehavior [ RunTime:0.097886s ]
INFO: [ view_parse ] --END-- [ RunTime:0.099614s ]
INFO: [ view_filter ] --START--
INFO: Run Behavior\WriteHtmlCacheBehavior [ RunTime:0.016610s ]
INFO: [ view_filter ] --END-- [ RunTime:0.017593s ]
INFO: [ app_end ] --START--
INFO: Run Behavior\ShowPageTraceBehavior [ RunTime:0.002627s ]
INFO: [ app_end ] --END-- [ RunTime:0.003972s ]

[ 2016-03-29T23:11:31+08:00 ] ::1 /PHYMAN/
INFO: [ app_init ] --START--
INFO: Run Behavior\BuildLiteBehavior [ RunTime:0.000345s ]
INFO: [ app_init ] --END-- [ RunTime:0.002433s ]
INFO: [ app_begin ] --START--
INFO: Run Behavior\ReadHtmlCacheBehavior [ RunTime:0.001426s ]
INFO: [ app_begin ] --END-- [ RunTime:0.002433s ]
INFO: [ view_parse ] --START--
INFO: [ template_filter ] --START--
INFO: Run Behavior\ContentReplaceBehavior [ RunTime:0.000392s ]
INFO: [ template_filter ] --END-- [ RunTime:0.001902s ]
INFO: Run Behavior\ParseTemplateBehavior [ RunTime:0.089937s ]
INFO: [ view_parse ] --END-- [ RunTime:0.090923s ]
INFO: [ view_filter ] --START--
INFO: Run Behavior\WriteHtmlCacheBehavior [ RunTime:0.001857s ]
INFO: [ view_filter ] --END-- [ RunTime:0.002868s ]
INFO: [ app_end ] --START--
INFO: Run Behavior\ShowPageTraceBehavior [ RunTime:0.001663s ]
INFO: [ app_end ] --END-- [ RunTime:0.003066s ]

[ 2016-03-29T23:14:35+08:00 ] ::1 /PHYMAN/index.php
INFO: [ app_init ] --START--
INFO: Run Behavior\BuildLiteBehavior [ RunTime:0.000198s ]
INFO: [ app_init ] --END-- [ RunTime:0.002206s ]
INFO: [ app_begin ] --START--
INFO: Run Behavior\ReadHtmlCacheBehavior [ RunTime:0.001466s ]
INFO: [ app_begin ] --END-- [ RunTime:0.002549s ]
INFO: [ view_parse ] --START--
INFO: [ template_filter ] --START--
INFO: Run Behavior\ContentReplaceBehavior [ RunTime:0.000407s ]
INFO: [ template_filter ] --END-- [ RunTime:0.001648s ]
INFO: Run Behavior\ParseTemplateBehavior [ RunTime:0.025151s ]
INFO: [ view_parse ] --END-- [ RunTime:0.026180s ]
INFO: [ view_filter ] --START--
INFO: Run Behavior\WriteHtmlCacheBehavior [ RunTime:0.001697s ]
INFO: [ view_filter ] --END-- [ RunTime:0.002889s ]
INFO: [ app_end ] --START--
INFO: Run Behavior\ShowPageTraceBehavior [ RunTime:0.002027s ]
INFO: [ app_end ] --END-- [ RunTime:0.003987s ]

[ 2016-03-29T23:15:03+08:00 ] ::1 /PHYMAN/index.php/?c=Testfunction&a=newNoti
INFO: [ app_init ] --START--
INFO: Run Behavior\BuildLiteBehavior [ RunTime:0.000212s ]
INFO: [ app_init ] --END-- [ RunTime:0.002329s ]
INFO: [ app_begin ] --START--
INFO: Run Behavior\ReadHtmlCacheBehavior [ RunTime:0.001852s ]
INFO: [ app_begin ] --END-- [ RunTime:0.003221s ]
NOTIC: [2048] Declaration of Home\Controller\TestfunctionController::show() should be compatible with Think\Controller::show($content, $charset = '', $contentType = '', $prefix = '') D:\Coding\xampp\htdocs\dashboard\PHYMAN\Background\Home\Controller\TestfunctionController.class.php 第 1063 行.
INFO: [ app_end ] --START--
INFO: Run Behavior\ShowPageTraceBehavior [ RunTime:0.001660s ]
INFO: [ app_end ] --END-- [ RunTime:0.002689s ]

[ 2016-03-29T23:15:19+08:00 ] ::1 /PHYMAN/index.php/?c=Testfunction&a=newNoti
INFO: [ app_init ] --START--
INFO: Run Behavior\BuildLiteBehavior [ RunTime:0.000247s ]
INFO: [ app_init ] --END-- [ RunTime:0.002534s ]
INFO: [ app_begin ] --START--
INFO: Run Behavior\ReadHtmlCacheBehavior [ RunTime:0.001565s ]
INFO: [ app_begin ] --END-- [ RunTime:0.003029s ]
NOTIC: [2048] Declaration of Home\Controller\TestfunctionController::show() should be compatible with Think\Controller::show($content, $charset = '', $contentType = '', $prefix = '') D:\Coding\xampp\htdocs\dashboard\PHYMAN\Background\Home\Controller\TestfunctionController.class.php 第 1063 行.
INFO: [ app_end ] --START--
INFO: Run Behavior\ShowPageTraceBehavior [ RunTime:0.001511s ]
INFO: [ app_end ] --END-- [ RunTime:0.002576s ]

[ 2016-03-29T23:21:25+08:00 ] ::1 /PHYMAN/index.php/?c=Testfunction&a=newNoti
INFO: [ app_init ] --START--
INFO: Run Behavior\BuildLiteBehavior [ RunTime:0.000189s ]
INFO: [ app_init ] --END-- [ RunTime:0.001763s ]
INFO: [ app_begin ] --START--
INFO: Run Behavior\ReadHtmlCacheBehavior [ RunTime:0.001865s ]
INFO: [ app_begin ] --END-- [ RunTime:0.003667s ]
NOTIC: [2048] Declaration of Home\Controller\TestfunctionController::show() should be compatible with Think\Controller::show($content, $charset = '', $contentType = '', $prefix = '') D:\Coding\xampp\htdocs\dashboard\PHYMAN\Background\Home\Controller\TestfunctionController.class.php 第 1063 行.
INFO: [ app_end ] --START--
INFO: Run Behavior\ShowPageTraceBehavior [ RunTime:0.007742s ]
INFO: [ app_end ] --END-- [ RunTime:0.012671s ]

[ 2016-03-29T23:22:17+08:00 ] ::1 /PHYMAN/index.php/?c=Testfunction&a=newNoti
INFO: [ app_init ] --START--
INFO: Run Behavior\BuildLiteBehavior [ RunTime:0.000208s ]
INFO: [ app_init ] --END-- [ RunTime:0.001826s ]
INFO: [ app_begin ] --START--
INFO: Run Behavior\ReadHtmlCacheBehavior [ RunTime:0.001181s ]
INFO: [ app_begin ] --END-- [ RunTime:0.002163s ]
NOTIC: [2048] Declaration of Home\Controller\TestfunctionController::show() should be compatible with Think\Controller::show($content, $charset = '', $contentType = '', $prefix = '') D:\Coding\xampp\htdocs\dashboard\PHYMAN\Background\Home\Controller\TestfunctionController.class.php 第 1063 行.
INFO: [ app_end ] --START--
INFO: Run Behavior\ShowPageTraceBehavior [ RunTime:0.002795s ]
INFO: [ app_end ] --END-- [ RunTime:0.004874s ]

[ 2016-03-29T23:22:18+08:00 ] ::1 /PHYMAN/index.php/?c=Testfunction&a=newNoti
INFO: [ app_init ] --START--
INFO: Run Behavior\BuildLiteBehavior [ RunTime:0.000221s ]
INFO: [ app_init ] --END-- [ RunTime:0.001879s ]
INFO: [ app_begin ] --START--
INFO: Run Behavior\ReadHtmlCacheBehavior [ RunTime:0.002308s ]
INFO: [ app_begin ] --END-- [ RunTime:0.003412s ]
NOTIC: [2048] Declaration of Home\Controller\TestfunctionController::show() should be compatible with Think\Controller::show($content, $charset = '', $contentType = '', $prefix = '') D:\Coding\xampp\htdocs\dashboard\PHYMAN\Background\Home\Controller\TestfunctionController.class.php 第 1063 行.
INFO: [ app_end ] --START--
INFO: Run Behavior\ShowPageTraceBehavior [ RunTime:0.001438s ]
INFO: [ app_end ] --END-- [ RunTime:0.002340s ]

[ 2016-03-29T23:24:59+08:00 ] ::1 /PHYMAN/index.php
INFO: [ app_init ] --START--
INFO: Run Behavior\BuildLiteBehavior [ RunTime:0.000226s ]
INFO: [ app_init ] --END-- [ RunTime:0.002801s ]
INFO: [ app_begin ] --START--
INFO: Run Behavior\ReadHtmlCacheBehavior [ RunTime:0.001726s ]
INFO: [ app_begin ] --END-- [ RunTime:0.002859s ]
INFO: [ view_parse ] --START--
INFO: [ template_filter ] --START--
INFO: Run Behavior\ContentReplaceBehavior [ RunTime:0.000396s ]
INFO: [ template_filter ] --END-- [ RunTime:0.001405s ]
INFO: Run Behavior\ParseTemplateBehavior [ RunTime:0.025508s ]
INFO: [ view_parse ] --END-- [ RunTime:0.026769s ]
INFO: [ view_filter ] --START--
INFO: Run Behavior\WriteHtmlCacheBehavior [ RunTime:0.002279s ]
INFO: [ view_filter ] --END-- [ RunTime:0.003664s ]
INFO: [ app_end ] --START--
INFO: Run Behavior\ShowPageTraceBehavior [ RunTime:0.002394s ]
INFO: [ app_end ] --END-- [ RunTime:0.003494s ]

[ 2016-03-29T23:25:18+08:00 ] ::1 /PHYMAN/index.php
INFO: [ app_init ] --START--
INFO: Run Behavior\BuildLiteBehavior [ RunTime:0.000323s ]
INFO: [ app_init ] --END-- [ RunTime:0.002997s ]
INFO: [ app_begin ] --START--
INFO: Run Behavior\ReadHtmlCacheBehavior [ RunTime:0.001080s ]
INFO: [ app_begin ] --END-- [ RunTime:0.002019s ]
INFO: [ view_parse ] --START--
INFO: [ template_filter ] --START--
INFO: Run Behavior\ContentReplaceBehavior [ RunTime:0.000479s ]
INFO: [ template_filter ] --END-- [ RunTime:0.001431s ]
INFO: Run Behavior\ParseTemplateBehavior [ RunTime:0.022849s ]
INFO: [ view_parse ] --END-- [ RunTime:0.023812s ]
INFO: [ view_filter ] --START--
INFO: Run Behavior\WriteHtmlCacheBehavior [ RunTime:0.001048s ]
INFO: [ view_filter ] --END-- [ RunTime:0.001951s ]
INFO: [ app_end ] --START--
INFO: Run Behavior\ShowPageTraceBehavior [ RunTime:0.001389s ]
INFO: [ app_end ] --END-- [ RunTime:0.002388s ]

[ 2016-03-29T23:25:23+08:00 ] ::1 /PHYMAN/index.php/Home/Noti/getList
INFO: [ app_init ] --START--
INFO: Run Behavior\BuildLiteBehavior [ RunTime:0.000222s ]
INFO: [ app_init ] --END-- [ RunTime:0.018216s ]
INFO: [ app_begin ] --START--
INFO: Run Behavior\ReadHtmlCacheBehavior [ RunTime:0.001264s ]
INFO: [ app_begin ] --END-- [ RunTime:0.002175s ]
NOTIC: [8] Use of undefined constant Vendor - assumed 'Vendor' D:\Coding\xampp\htdocs\dashboard\PHYMAN\Background\Home\Controller\NotiController.class.php 第 11 行.
NOTIC: [8] Use of undefined constant Classes - assumed 'Classes' D:\Coding\xampp\htdocs\dashboard\PHYMAN\Background\Home\Controller\NotiController.class.php 第 11 行.
NOTIC: [8] Use of undefined constant Writer - assumed 'Writer' D:\Coding\xampp\htdocs\dashboard\PHYMAN\Background\Home\Controller\NotiController.class.php 第 11 行.
NOTIC: [8] Use of undefined constant Excel5 - assumed 'Excel5' D:\Coding\xampp\htdocs\dashboard\PHYMAN\Background\Home\Controller\NotiController.class.php 第 11 行.
NOTIC: [8] Use of undefined constant php - assumed 'php' D:\Coding\xampp\htdocs\dashboard\PHYMAN\Background\Home\Controller\NotiController.class.php 第 11 行.
NOTIC: [8] Use of undefined constant Vendor - assumed 'Vendor' D:\Coding\xampp\htdocs\dashboard\PHYMAN\Background\Home\Controller\NotiController.class.php 第 12 行.
NOTIC: [8] Use of undefined constant Classes - assumed 'Classes' D:\Coding\xampp\htdocs\dashboard\PHYMAN\Background\Home\Controller\NotiController.class.php 第 12 行.
NOTIC: [8] Use of undefined constant IOFactory - assumed 'IOFactory' D:\Coding\xampp\htdocs\dashboard\PHYMAN\Background\Home\Controller\NotiController.class.php 第 12 行.
NOTIC: [8] Use of undefined constant php - assumed 'php' D:\Coding\xampp\htdocs\dashboard\PHYMAN\Background\Home\Controller\NotiController.class.php 第 12 行.
NOTIC: [8192] mysql_connect(): The mysql extension is deprecated and will be removed in the future: use mysqli or PDO instead D:\Coding\xampp\htdocs\dashboard\PHYMAN\ThinkPHP\Library\Think\Db\Driver\Mysql.class.php 第 52 行.
SQL: select id,title,date from phyman_article order by date desc [ RunTime:0.067411s ]
INFO: [ app_end ] --START--
INFO: Run Behavior\ShowPageTraceBehavior [ RunTime:0.002785s ]
INFO: [ app_end ] --END-- [ RunTime:0.003666s ]

[ 2016-03-29T23:25:23+08:00 ] ::1 /PHYMAN/index.php/Home/Noti/getList
INFO: [ app_init ] --START--
INFO: Run Behavior\BuildLiteBehavior [ RunTime:0.000182s ]
INFO: [ app_init ] --END-- [ RunTime:0.002113s ]
INFO: [ app_begin ] --START--
INFO: Run Behavior\ReadHtmlCacheBehavior [ RunTime:0.004023s ]
INFO: [ app_begin ] --END-- [ RunTime:0.006074s ]
NOTIC: [8] Use of undefined constant Vendor - assumed 'Vendor' D:\Coding\xampp\htdocs\dashboard\PHYMAN\Background\Home\Controller\NotiController.class.php 第 11 行.
NOTIC: [8] Use of undefined constant Classes - assumed 'Classes' D:\Coding\xampp\htdocs\dashboard\PHYMAN\Background\Home\Controller\NotiController.class.php 第 11 行.
NOTIC: [8] Use of undefined constant Writer - assumed 'Writer' D:\Coding\xampp\htdocs\dashboard\PHYMAN\Background\Home\Controller\NotiController.class.php 第 11 行.
NOTIC: [8] Use of undefined constant Excel5 - assumed 'Excel5' D:\Coding\xampp\htdocs\dashboard\PHYMAN\Background\Home\Controller\NotiController.class.php 第 11 行.
NOTIC: [8] Use of undefined constant php - assumed 'php' D:\Coding\xampp\htdocs\dashboard\PHYMAN\Background\Home\Controller\NotiController.class.php 第 11 行.
NOTIC: [8] Use of undefined constant Vendor - assumed 'Vendor' D:\Coding\xampp\htdocs\dashboard\PHYMAN\Background\Home\Controller\NotiController.class.php 第 12 行.
NOTIC: [8] Use of undefined constant Classes - assumed 'Classes' D:\Coding\xampp\htdocs\dashboard\PHYMAN\Background\Home\Controller\NotiController.class.php 第 12 行.
NOTIC: [8] Use of undefined constant IOFactory - assumed 'IOFactory' D:\Coding\xampp\htdocs\dashboard\PHYMAN\Background\Home\Controller\NotiController.class.php 第 12 行.
NOTIC: [8] Use of undefined constant php - assumed 'php' D:\Coding\xampp\htdocs\dashboard\PHYMAN\Background\Home\Controller\NotiController.class.php 第 12 行.
NOTIC: [8192] mysql_connect(): The mysql extension is deprecated and will be removed in the future: use mysqli or PDO instead D:\Coding\xampp\htdocs\dashboard\PHYMAN\ThinkPHP\Library\Think\Db\Driver\Mysql.class.php 第 52 行.
SQL: select id,title,date from phyman_article order by date desc [ RunTime:0.000749s ]
INFO: [ app_end ] --START--
INFO: Run Behavior\ShowPageTraceBehavior [ RunTime:0.003112s ]
INFO: [ app_end ] --END-- [ RunTime:0.004317s ]

[ 2016-03-29T23:25:44+08:00 ] ::1 /PHYMAN/index.php/Home/Admin/newNoti
INFO: [ app_init ] --START--
INFO: Run Behavior\BuildLiteBehavior [ RunTime:0.000324s ]
INFO: [ app_init ] --END-- [ RunTime:0.003520s ]
INFO: [ app_begin ] --START--
INFO: Run Behavior\ReadHtmlCacheBehavior [ RunTime:0.003433s ]
INFO: [ app_begin ] --END-- [ RunTime:0.004808s ]
NOTIC: [8] Use of undefined constant Vendor - assumed 'Vendor' D:\Coding\xampp\htdocs\dashboard\PHYMAN\Background\Home\Controller\AdminController.class.php 第 12 行.
NOTIC: [8] Use of undefined constant Classes - assumed 'Classes' D:\Coding\xampp\htdocs\dashboard\PHYMAN\Background\Home\Controller\AdminController.class.php 第 12 行.
NOTIC: [8] Use of undefined constant Writer - assumed 'Writer' D:\Coding\xampp\htdocs\dashboard\PHYMAN\Background\Home\Controller\AdminController.class.php 第 12 行.
NOTIC: [8] Use of undefined constant Excel5 - assumed 'Excel5' D:\Coding\xampp\htdocs\dashboard\PHYMAN\Background\Home\Controller\AdminController.class.php 第 12 行.
NOTIC: [8] Use of undefined constant php - assumed 'php' D:\Coding\xampp\htdocs\dashboard\PHYMAN\Background\Home\Controller\AdminController.class.php 第 12 行.
NOTIC: [8] Use of undefined constant Vendor - assumed 'Vendor' D:\Coding\xampp\htdocs\dashboard\PHYMAN\Background\Home\Controller\AdminController.class.php 第 13 行.
NOTIC: [8] Use of undefined constant Classes - assumed 'Classes' D:\Coding\xampp\htdocs\dashboard\PHYMAN\Background\Home\Controller\AdminController.class.php 第 13 行.
NOTIC: [8] Use of undefined constant IOFactory - assumed 'IOFactory' D:\Coding\xampp\htdocs\dashboard\PHYMAN\Background\Home\Controller\AdminController.class.php 第 13 行.
NOTIC: [8] Use of undefined constant php - assumed 'php' D:\Coding\xampp\htdocs\dashboard\PHYMAN\Background\Home\Controller\AdminController.class.php 第 13 行.
NOTIC: [8] Undefined property: stdClass::$jwt D:\Coding\xampp\htdocs\dashboard\PHYMAN\Background\Home\Controller\AdminController.class.php 第 134 行.
NOTIC: [8] Undefined property: stdClass::$jwt D:\Coding\xampp\htdocs\dashboard\PHYMAN\Background\Home\Controller\AdminController.class.php 第 135 行.
NOTIC: [8] Trying to get property of non-object D:\Coding\xampp\htdocs\dashboard\PHYMAN\Background\Home\Controller\AdminController.class.php 第 146 行.
NOTIC: [8192] mysql_connect(): The mysql extension is deprecated and will be removed in the future: use mysqli or PDO instead D:\Coding\xampp\htdocs\dashboard\PHYMAN\ThinkPHP\Library\Think\Db\Driver\Mysql.class.php 第 52 行.
SQL: select uuid_short(); [ RunTime:0.020204s ]
SQL: insert into phyman_article(id,title,uid,date,body,grade)
        values (96539978196058112,'1222',201522040840,'2016-03-29','111','研一') [ RunTime:0.098164s ]
NOTIC: [8] Undefined property: stdClass::$jwt D:\Coding\xampp\htdocs\dashboard\PHYMAN\Background\Home\Controller\AdminController.class.php 第 178 行.
SQL: create table phyman_article_user96539978196058112 (id bigint(12),name varchar(10),grade varchar(10),checken int(2) default 0 not null,primary key (id)) ; [ RunTime:0.287301s ]
NOTIC: [2] mysql_num_rows() expects parameter 1 to be resource, boolean given D:\Coding\xampp\htdocs\dashboard\PHYMAN\ThinkPHP\Library\Think\Db\Driver\Mysql.class.php 第 102 行.
NOTIC: [2] mysql_free_result() expects parameter 1 to be resource, boolean given D:\Coding\xampp\htdocs\dashboard\PHYMAN\ThinkPHP\Library\Think\Db\Driver\Mysql.class.php 第 73 行.
SQL: select grade from phyman_article where id=96539978196058112 [ RunTime:0.000919s ]
INFO: [ app_end ] --START--
INFO: Run Behavior\ShowPageTraceBehavior [ RunTime:0.002949s ]
INFO: [ app_end ] --END-- [ RunTime:0.004008s ]

[ 2016-03-29T23:26:20+08:00 ] ::1 /PHYMAN/index.php
INFO: [ app_init ] --START--
INFO: Run Behavior\BuildLiteBehavior [ RunTime:0.000184s ]
INFO: [ app_init ] --END-- [ RunTime:0.002097s ]
INFO: [ app_begin ] --START--
INFO: Run Behavior\ReadHtmlCacheBehavior [ RunTime:0.003566s ]
INFO: [ app_begin ] --END-- [ RunTime:0.005149s ]
INFO: [ view_parse ] --START--
INFO: [ template_filter ] --START--
INFO: Run Behavior\ContentReplaceBehavior [ RunTime:0.000608s ]
INFO: [ template_filter ] --END-- [ RunTime:0.002028s ]
INFO: Run Behavior\ParseTemplateBehavior [ RunTime:0.028139s ]
INFO: [ view_parse ] --END-- [ RunTime:0.029133s ]
INFO: [ view_filter ] --START--
INFO: Run Behavior\WriteHtmlCacheBehavior [ RunTime:0.002385s ]
INFO: [ view_filter ] --END-- [ RunTime:0.003344s ]
INFO: [ app_end ] --START--
INFO: Run Behavior\ShowPageTraceBehavior [ RunTime:0.003276s ]
INFO: [ app_end ] --END-- [ RunTime:0.004239s ]

[ 2016-03-29T23:26:22+08:00 ] ::1 /PHYMAN/index.php/Home/Noti/getList
INFO: [ app_init ] --START--
INFO: Run Behavior\BuildLiteBehavior [ RunTime:0.000357s ]
INFO: [ app_init ] --END-- [ RunTime:0.051062s ]
INFO: [ app_begin ] --START--
INFO: Run Behavior\ReadHtmlCacheBehavior [ RunTime:0.001620s ]
INFO: [ app_begin ] --END-- [ RunTime:0.002947s ]
NOTIC: [8] Use of undefined constant Vendor - assumed 'Vendor' D:\Coding\xampp\htdocs\dashboard\PHYMAN\Background\Home\Controller\NotiController.class.php 第 11 行.
NOTIC: [8] Use of undefined constant Classes - assumed 'Classes' D:\Coding\xampp\htdocs\dashboard\PHYMAN\Background\Home\Controller\NotiController.class.php 第 11 行.
NOTIC: [8] Use of undefined constant Writer - assumed 'Writer' D:\Coding\xampp\htdocs\dashboard\PHYMAN\Background\Home\Controller\NotiController.class.php 第 11 行.
NOTIC: [8] Use of undefined constant Excel5 - assumed 'Excel5' D:\Coding\xampp\htdocs\dashboard\PHYMAN\Background\Home\Controller\NotiController.class.php 第 11 行.
NOTIC: [8] Use of undefined constant php - assumed 'php' D:\Coding\xampp\htdocs\dashboard\PHYMAN\Background\Home\Controller\NotiController.class.php 第 11 行.
NOTIC: [8] Use of undefined constant Vendor - assumed 'Vendor' D:\Coding\xampp\htdocs\dashboard\PHYMAN\Background\Home\Controller\NotiController.class.php 第 12 行.
NOTIC: [8] Use of undefined constant Classes - assumed 'Classes' D:\Coding\xampp\htdocs\dashboard\PHYMAN\Background\Home\Controller\NotiController.class.php 第 12 行.
NOTIC: [8] Use of undefined constant IOFactory - assumed 'IOFactory' D:\Coding\xampp\htdocs\dashboard\PHYMAN\Background\Home\Controller\NotiController.class.php 第 12 行.
NOTIC: [8] Use of undefined constant php - assumed 'php' D:\Coding\xampp\htdocs\dashboard\PHYMAN\Background\Home\Controller\NotiController.class.php 第 12 行.
NOTIC: [8192] mysql_connect(): The mysql extension is deprecated and will be removed in the future: use mysqli or PDO instead D:\Coding\xampp\htdocs\dashboard\PHYMAN\ThinkPHP\Library\Think\Db\Driver\Mysql.class.php 第 52 行.
SQL: select id,title,date from phyman_article order by date desc [ RunTime:0.000642s ]
INFO: [ app_end ] --START--
INFO: Run Behavior\ShowPageTraceBehavior [ RunTime:0.001797s ]
INFO: [ app_end ] --END-- [ RunTime:0.002764s ]

[ 2016-03-29T23:26:22+08:00 ] ::1 /PHYMAN/index.php/Home/Noti/getList
INFO: [ app_init ] --START--
INFO: Run Behavior\BuildLiteBehavior [ RunTime:0.000190s ]
INFO: [ app_init ] --END-- [ RunTime:0.002150s ]
INFO: [ app_begin ] --START--
INFO: Run Behavior\ReadHtmlCacheBehavior [ RunTime:0.002439s ]
INFO: [ app_begin ] --END-- [ RunTime:0.003520s ]
NOTIC: [8] Use of undefined constant Vendor - assumed 'Vendor' D:\Coding\xampp\htdocs\dashboard\PHYMAN\Background\Home\Controller\NotiController.class.php 第 11 行.
NOTIC: [8] Use of undefined constant Classes - assumed 'Classes' D:\Coding\xampp\htdocs\dashboard\PHYMAN\Background\Home\Controller\NotiController.class.php 第 11 行.
NOTIC: [8] Use of undefined constant Writer - assumed 'Writer' D:\Coding\xampp\htdocs\dashboard\PHYMAN\Background\Home\Controller\NotiController.class.php 第 11 行.
NOTIC: [8] Use of undefined constant Excel5 - assumed 'Excel5' D:\Coding\xampp\htdocs\dashboard\PHYMAN\Background\Home\Controller\NotiController.class.php 第 11 行.
NOTIC: [8] Use of undefined constant php - assumed 'php' D:\Coding\xampp\htdocs\dashboard\PHYMAN\Background\Home\Controller\NotiController.class.php 第 11 行.
NOTIC: [8] Use of undefined constant Vendor - assumed 'Vendor' D:\Coding\xampp\htdocs\dashboard\PHYMAN\Background\Home\Controller\NotiController.class.php 第 12 行.
NOTIC: [8] Use of undefined constant Classes - assumed 'Classes' D:\Coding\xampp\htdocs\dashboard\PHYMAN\Background\Home\Controller\NotiController.class.php 第 12 行.
NOTIC: [8] Use of undefined constant IOFactory - assumed 'IOFactory' D:\Coding\xampp\htdocs\dashboard\PHYMAN\Background\Home\Controller\NotiController.class.php 第 12 行.
NOTIC: [8] Use of undefined constant php - assumed 'php' D:\Coding\xampp\htdocs\dashboard\PHYMAN\Background\Home\Controller\NotiController.class.php 第 12 行.
NOTIC: [8192] mysql_connect(): The mysql extension is deprecated and will be removed in the future: use mysqli or PDO instead D:\Coding\xampp\htdocs\dashboard\PHYMAN\ThinkPHP\Library\Think\Db\Driver\Mysql.class.php 第 52 行.
SQL: select id,title,date from phyman_article order by date desc [ RunTime:0.000589s ]
INFO: [ app_end ] --START--
INFO: Run Behavior\ShowPageTraceBehavior [ RunTime:0.002986s ]
INFO: [ app_end ] --END-- [ RunTime:0.004210s ]

[ 2016-03-29T23:26:36+08:00 ] ::1 /PHYMAN/index.php/Home/Admin/newNoti
INFO: [ app_init ] --START--
INFO: Run Behavior\BuildLiteBehavior [ RunTime:0.000675s ]
INFO: [ app_init ] --END-- [ RunTime:0.003065s ]
INFO: [ app_begin ] --START--
INFO: Run Behavior\ReadHtmlCacheBehavior [ RunTime:0.003166s ]
INFO: [ app_begin ] --END-- [ RunTime:0.004768s ]
NOTIC: [8] Use of undefined constant Vendor - assumed 'Vendor' D:\Coding\xampp\htdocs\dashboard\PHYMAN\Background\Home\Controller\AdminController.class.php 第 12 行.
NOTIC: [8] Use of undefined constant Classes - assumed 'Classes' D:\Coding\xampp\htdocs\dashboard\PHYMAN\Background\Home\Controller\AdminController.class.php 第 12 行.
NOTIC: [8] Use of undefined constant Writer - assumed 'Writer' D:\Coding\xampp\htdocs\dashboard\PHYMAN\Background\Home\Controller\AdminController.class.php 第 12 行.
NOTIC: [8] Use of undefined constant Excel5 - assumed 'Excel5' D:\Coding\xampp\htdocs\dashboard\PHYMAN\Background\Home\Controller\AdminController.class.php 第 12 行.
NOTIC: [8] Use of undefined constant php - assumed 'php' D:\Coding\xampp\htdocs\dashboard\PHYMAN\Background\Home\Controller\AdminController.class.php 第 12 行.
NOTIC: [8] Use of undefined constant Vendor - assumed 'Vendor' D:\Coding\xampp\htdocs\dashboard\PHYMAN\Background\Home\Controller\AdminController.class.php 第 13 行.
NOTIC: [8] Use of undefined constant Classes - assumed 'Classes' D:\Coding\xampp\htdocs\dashboard\PHYMAN\Background\Home\Controller\AdminController.class.php 第 13 行.
NOTIC: [8] Use of undefined constant IOFactory - assumed 'IOFactory' D:\Coding\xampp\htdocs\dashboard\PHYMAN\Background\Home\Controller\AdminController.class.php 第 13 行.
NOTIC: [8] Use of undefined constant php - assumed 'php' D:\Coding\xampp\htdocs\dashboard\PHYMAN\Background\Home\Controller\AdminController.class.php 第 13 行.
NOTIC: [8] Undefined property: stdClass::$jwt D:\Coding\xampp\htdocs\dashboard\PHYMAN\Background\Home\Controller\AdminController.class.php 第 134 行.
NOTIC: [8] Undefined property: stdClass::$jwt D:\Coding\xampp\htdocs\dashboard\PHYMAN\Background\Home\Controller\AdminController.class.php 第 135 行.
NOTIC: [8] Trying to get property of non-object D:\Coding\xampp\htdocs\dashboard\PHYMAN\Background\Home\Controller\AdminController.class.php 第 146 行.
NOTIC: [8192] mysql_connect(): The mysql extension is deprecated and will be removed in the future: use mysqli or PDO instead D:\Coding\xampp\htdocs\dashboard\PHYMAN\ThinkPHP\Library\Think\Db\Driver\Mysql.class.php 第 52 行.
SQL: select uuid_short(); [ RunTime:0.000353s ]
SQL: insert into phyman_article(id,title,uid,date,body,grade)
        values (96539978196058113,'123',201522040840,'2016-03-29','111','研一') [ RunTime:0.047382s ]
NOTIC: [8] Undefined property: stdClass::$jwt D:\Coding\xampp\htdocs\dashboard\PHYMAN\Background\Home\Controller\AdminController.class.php 第 178 行.
SQL: create table phyman_article_user96539978196058113 (id bigint(12),name varchar(10),grade varchar(10),checken int(2) default 0 not null,primary key (id)) ; [ RunTime:0.250683s ]
NOTIC: [2] mysql_num_rows() expects parameter 1 to be resource, boolean given D:\Coding\xampp\htdocs\dashboard\PHYMAN\ThinkPHP\Library\Think\Db\Driver\Mysql.class.php 第 102 行.
NOTIC: [2] mysql_free_result() expects parameter 1 to be resource, boolean given D:\Coding\xampp\htdocs\dashboard\PHYMAN\ThinkPHP\Library\Think\Db\Driver\Mysql.class.php 第 73 行.
SQL: select grade from phyman_article where id=96539978196058113 [ RunTime:0.000590s ]
INFO: [ app_end ] --START--
INFO: Run Behavior\ShowPageTraceBehavior [ RunTime:0.002943s ]
INFO: [ app_end ] --END-- [ RunTime:0.004019s ]

