[ 2016-03-03T12:44:17+08:00 ] 127.0.0.1 /PHYMAN/
INFO: [ app_init ] --START--
INFO: Run Behavior\BuildLiteBehavior [ RunTime:0.000212s ]
INFO: [ app_init ] --END-- [ RunTime:0.002123s ]
INFO: [ app_begin ] --START--
INFO: Run Behavior\ReadHtmlCacheBehavior [ RunTime:0.001730s ]
INFO: [ app_begin ] --END-- [ RunTime:0.002894s ]
INFO: [ view_parse ] --START--
INFO: [ template_filter ] --START--
INFO: Run Behavior\ContentReplaceBehavior [ RunTime:0.001078s ]
INFO: [ template_filter ] --END-- [ RunTime:0.002659s ]
INFO: Run Behavior\ParseTemplateBehavior [ RunTime:0.026548s ]
INFO: [ view_parse ] --END-- [ RunTime:0.027712s ]
INFO: [ view_filter ] --START--
INFO: Run Behavior\WriteHtmlCacheBehavior [ RunTime:0.002388s ]
INFO: [ view_filter ] --END-- [ RunTime:0.003842s ]
INFO: [ app_end ] --START--
INFO: Run Behavior\ShowPageTraceBehavior [ RunTime:0.002500s ]
INFO: [ app_end ] --END-- [ RunTime:0.003969s ]

[ 2016-03-03T12:52:57+08:00 ] 127.0.0.1 /PHYMAN/
INFO: [ app_init ] --START--
INFO: Run Behavior\BuildLiteBehavior [ RunTime:0.000212s ]
INFO: [ app_init ] --END-- [ RunTime:0.002579s ]
INFO: [ app_begin ] --START--
INFO: Run Behavior\ReadHtmlCacheBehavior [ RunTime:0.001526s ]
INFO: [ app_begin ] --END-- [ RunTime:0.002633s ]
INFO: [ view_parse ] --START--
INFO: [ template_filter ] --START--
INFO: Run Behavior\ContentReplaceBehavior [ RunTime:0.000497s ]
INFO: [ template_filter ] --END-- [ RunTime:0.001602s ]
INFO: Run Behavior\ParseTemplateBehavior [ RunTime:0.023326s ]
INFO: [ view_parse ] --END-- [ RunTime:0.024553s ]
INFO: [ view_filter ] --START--
INFO: Run Behavior\WriteHtmlCacheBehavior [ RunTime:0.001605s ]
INFO: [ view_filter ] --END-- [ RunTime:0.002763s ]
INFO: [ app_end ] --START--
INFO: Run Behavior\ShowPageTraceBehavior [ RunTime:0.001730s ]
INFO: [ app_end ] --END-- [ RunTime:0.002831s ]

[ 2016-03-03T12:53:34+08:00 ] 127.0.0.1 /PHYMAN/
INFO: [ app_init ] --START--
INFO: Run Behavior\BuildLiteBehavior [ RunTime:0.000490s ]
INFO: [ app_init ] --END-- [ RunTime:0.004440s ]
INFO: [ app_begin ] --START--
INFO: Run Behavior\ReadHtmlCacheBehavior [ RunTime:0.002191s ]
INFO: [ app_begin ] --END-- [ RunTime:0.004927s ]
INFO: [ view_parse ] --START--
INFO: [ template_filter ] --START--
INFO: Run Behavior\ContentReplaceBehavior [ RunTime:0.000798s ]
INFO: [ template_filter ] --END-- [ RunTime:0.002623s ]
INFO: Run Behavior\ParseTemplateBehavior [ RunTime:0.024229s ]
INFO: [ view_parse ] --END-- [ RunTime:0.025906s ]
INFO: [ view_filter ] --START--
INFO: Run Behavior\WriteHtmlCacheBehavior [ RunTime:0.001921s ]
INFO: [ view_filter ] --END-- [ RunTime:0.004164s ]
INFO: [ app_end ] --START--
INFO: Run Behavior\ShowPageTraceBehavior [ RunTime:0.002716s ]
INFO: [ app_end ] --END-- [ RunTime:0.006243s ]

[ 2016-03-03T12:53:58+08:00 ] 127.0.0.1 /PHYMAN/
INFO: [ app_init ] --START--
INFO: Run Behavior\BuildLiteBehavior [ RunTime:0.000215s ]
INFO: [ app_init ] --END-- [ RunTime:0.002783s ]
INFO: [ app_begin ] --START--
INFO: Run Behavior\ReadHtmlCacheBehavior [ RunTime:0.002515s ]
INFO: [ app_begin ] --END-- [ RunTime:0.004052s ]
INFO: [ view_parse ] --START--
INFO: [ template_filter ] --START--
INFO: Run Behavior\ContentReplaceBehavior [ RunTime:0.000514s ]
INFO: [ template_filter ] --END-- [ RunTime:0.001670s ]
INFO: Run Behavior\ParseTemplateBehavior [ RunTime:0.027473s ]
INFO: [ view_parse ] --END-- [ RunTime:0.028579s ]
INFO: [ view_filter ] --START--
INFO: Run Behavior\WriteHtmlCacheBehavior [ RunTime:0.002735s ]
INFO: [ view_filter ] --END-- [ RunTime:0.004201s ]
INFO: [ app_end ] --START--
INFO: Run Behavior\ShowPageTraceBehavior [ RunTime:0.002336s ]
INFO: [ app_end ] --END-- [ RunTime:0.003563s ]

[ 2016-03-03T12:55:09+08:00 ] 127.0.0.1 /PHYMAN/
INFO: [ app_init ] --START--
INFO: Run Behavior\BuildLiteBehavior [ RunTime:0.000214s ]
INFO: [ app_init ] --END-- [ RunTime:0.002070s ]
INFO: [ app_begin ] --START--
INFO: Run Behavior\ReadHtmlCacheBehavior [ RunTime:0.002401s ]
INFO: [ app_begin ] --END-- [ RunTime:0.004110s ]
INFO: [ view_parse ] --START--
INFO: [ template_filter ] --START--
INFO: Run Behavior\ContentReplaceBehavior [ RunTime:0.000569s ]
INFO: [ template_filter ] --END-- [ RunTime:0.001987s ]
INFO: Run Behavior\ParseTemplateBehavior [ RunTime:0.024997s ]
INFO: [ view_parse ] --END-- [ RunTime:0.026155s ]
INFO: [ view_filter ] --START--
INFO: Run Behavior\WriteHtmlCacheBehavior [ RunTime:0.001623s ]
INFO: [ view_filter ] --END-- [ RunTime:0.002704s ]
INFO: [ app_end ] --START--
INFO: Run Behavior\ShowPageTraceBehavior [ RunTime:0.002433s ]
INFO: [ app_end ] --END-- [ RunTime:0.003634s ]

[ 2016-03-03T12:55:34+08:00 ] 127.0.0.1 /PHYMAN/index.php?m=Home&c=Index&a=login
INFO: [ app_init ] --START--
INFO: Run Behavior\BuildLiteBehavior [ RunTime:0.000420s ]
INFO: [ app_init ] --END-- [ RunTime:0.002553s ]
INFO: [ app_begin ] --START--
INFO: Run Behavior\ReadHtmlCacheBehavior [ RunTime:0.002888s ]
INFO: [ app_begin ] --END-- [ RunTime:0.005110s ]
NOTIC: [8192] mysql_connect(): The mysql extension is deprecated and will be removed in the future: use mysqli or PDO instead D:\Coding\xampp\htdocs\dashboard\PHYMAN\ThinkPHP\Library\Think\Db\Driver\Mysql.class.php 第 52 行.
SQL: select psw,authority from phyman_user where id=201522040840 [ RunTime:0.087137s ]
INFO: [ app_end ] --START--
INFO: Run Behavior\ShowPageTraceBehavior [ RunTime:0.002008s ]
INFO: [ app_end ] --END-- [ RunTime:0.003233s ]

[ 2016-03-03T12:55:35+08:00 ] 127.0.0.1 /PHYMAN/index.php/Home/Noti/getList
INFO: [ app_init ] --START--
INFO: Run Behavior\BuildLiteBehavior [ RunTime:0.000362s ]
INFO: [ app_init ] --END-- [ RunTime:0.002925s ]
INFO: [ app_begin ] --START--
INFO: Run Behavior\ReadHtmlCacheBehavior [ RunTime:0.001412s ]
INFO: [ app_begin ] --END-- [ RunTime:0.002769s ]
NOTIC: [8] Use of undefined constant Vendor - assumed 'Vendor' D:\Coding\xampp\htdocs\dashboard\PHYMAN\Background\Home\Controller\NotiController.class.php 第 11 行.
NOTIC: [8] Use of undefined constant Classes - assumed 'Classes' D:\Coding\xampp\htdocs\dashboard\PHYMAN\Background\Home\Controller\NotiController.class.php 第 11 行.
NOTIC: [8] Use of undefined constant Writer - assumed 'Writer' D:\Coding\xampp\htdocs\dashboard\PHYMAN\Background\Home\Controller\NotiController.class.php 第 11 行.
NOTIC: [8] Use of undefined constant Excel5 - assumed 'Excel5' D:\Coding\xampp\htdocs\dashboard\PHYMAN\Background\Home\Controller\NotiController.class.php 第 11 行.
NOTIC: [8] Use of undefined constant php - assumed 'php' D:\Coding\xampp\htdocs\dashboard\PHYMAN\Background\Home\Controller\NotiController.class.php 第 11 行.
NOTIC: [8] Use of undefined constant Vendor - assumed 'Vendor' D:\Coding\xampp\htdocs\dashboard\PHYMAN\Background\Home\Controller\NotiController.class.php 第 12 行.
NOTIC: [8] Use of undefined constant Classes - assumed 'Classes' D:\Coding\xampp\htdocs\dashboard\PHYMAN\Background\Home\Controller\NotiController.class.php 第 12 行.
NOTIC: [8] Use of undefined constant IOFactory - assumed 'IOFactory' D:\Coding\xampp\htdocs\dashboard\PHYMAN\Background\Home\Controller\NotiController.class.php 第 12 行.
NOTIC: [8] Use of undefined constant php - assumed 'php' D:\Coding\xampp\htdocs\dashboard\PHYMAN\Background\Home\Controller\NotiController.class.php 第 12 行.
NOTIC: [8192] mysql_connect(): The mysql extension is deprecated and will be removed in the future: use mysqli or PDO instead D:\Coding\xampp\htdocs\dashboard\PHYMAN\ThinkPHP\Library\Think\Db\Driver\Mysql.class.php 第 52 行.
SQL: select id,title,date,grade from phyman_article order by date desc [ RunTime:0.051324s ]
NOTIC: [8] Undefined variable: log D:\Coding\xampp\htdocs\dashboard\PHYMAN\Background\Home\Controller\NotiController.class.php 第 97 行.
INFO: [ view_parse ] --START--
INFO: [ template_filter ] --START--
INFO: Run Behavior\ContentReplaceBehavior [ RunTime:0.000482s ]
INFO: [ template_filter ] --END-- [ RunTime:0.001634s ]
INFO: Run Behavior\ParseTemplateBehavior [ RunTime:0.028609s ]
INFO: [ view_parse ] --END-- [ RunTime:0.030557s ]
INFO: [ view_filter ] --START--
INFO: Run Behavior\WriteHtmlCacheBehavior [ RunTime:0.004375s ]
INFO: [ view_filter ] --END-- [ RunTime:0.005889s ]
INFO: [ app_end ] --START--
INFO: Run Behavior\ShowPageTraceBehavior [ RunTime:0.003965s ]
INFO: [ app_end ] --END-- [ RunTime:0.005327s ]

[ 2016-03-03T12:55:49+08:00 ] 127.0.0.1 /PHYMAN/
INFO: [ app_init ] --START--
INFO: Run Behavior\BuildLiteBehavior [ RunTime:0.000213s ]
INFO: [ app_init ] --END-- [ RunTime:0.002476s ]
INFO: [ app_begin ] --START--
INFO: Run Behavior\ReadHtmlCacheBehavior [ RunTime:0.002809s ]
INFO: [ app_begin ] --END-- [ RunTime:0.003923s ]
INFO: [ view_parse ] --START--
INFO: [ template_filter ] --START--
INFO: Run Behavior\ContentReplaceBehavior [ RunTime:0.000503s ]
INFO: [ template_filter ] --END-- [ RunTime:0.001612s ]
INFO: Run Behavior\ParseTemplateBehavior [ RunTime:0.031238s ]
INFO: [ view_parse ] --END-- [ RunTime:0.032343s ]
INFO: [ view_filter ] --START--
INFO: Run Behavior\WriteHtmlCacheBehavior [ RunTime:0.003240s ]
INFO: [ view_filter ] --END-- [ RunTime:0.004337s ]
INFO: [ app_end ] --START--
INFO: Run Behavior\ShowPageTraceBehavior [ RunTime:0.003374s ]
INFO: [ app_end ] --END-- [ RunTime:0.004535s ]

[ 2016-03-03T12:55:52+08:00 ] 127.0.0.1 /PHYMAN/index.php/Home/Noti/getList
INFO: [ app_init ] --START--
INFO: Run Behavior\BuildLiteBehavior [ RunTime:0.000252s ]
INFO: [ app_init ] --END-- [ RunTime:0.002574s ]
INFO: [ app_begin ] --START--
INFO: Run Behavior\ReadHtmlCacheBehavior [ RunTime:0.002763s ]
INFO: [ app_begin ] --END-- [ RunTime:0.003888s ]
NOTIC: [8] Use of undefined constant Vendor - assumed 'Vendor' D:\Coding\xampp\htdocs\dashboard\PHYMAN\Background\Home\Controller\NotiController.class.php 第 11 行.
NOTIC: [8] Use of undefined constant Classes - assumed 'Classes' D:\Coding\xampp\htdocs\dashboard\PHYMAN\Background\Home\Controller\NotiController.class.php 第 11 行.
NOTIC: [8] Use of undefined constant Writer - assumed 'Writer' D:\Coding\xampp\htdocs\dashboard\PHYMAN\Background\Home\Controller\NotiController.class.php 第 11 行.
NOTIC: [8] Use of undefined constant Excel5 - assumed 'Excel5' D:\Coding\xampp\htdocs\dashboard\PHYMAN\Background\Home\Controller\NotiController.class.php 第 11 行.
NOTIC: [8] Use of undefined constant php - assumed 'php' D:\Coding\xampp\htdocs\dashboard\PHYMAN\Background\Home\Controller\NotiController.class.php 第 11 行.
NOTIC: [8] Use of undefined constant Vendor - assumed 'Vendor' D:\Coding\xampp\htdocs\dashboard\PHYMAN\Background\Home\Controller\NotiController.class.php 第 12 行.
NOTIC: [8] Use of undefined constant Classes - assumed 'Classes' D:\Coding\xampp\htdocs\dashboard\PHYMAN\Background\Home\Controller\NotiController.class.php 第 12 行.
NOTIC: [8] Use of undefined constant IOFactory - assumed 'IOFactory' D:\Coding\xampp\htdocs\dashboard\PHYMAN\Background\Home\Controller\NotiController.class.php 第 12 行.
NOTIC: [8] Use of undefined constant php - assumed 'php' D:\Coding\xampp\htdocs\dashboard\PHYMAN\Background\Home\Controller\NotiController.class.php 第 12 行.
NOTIC: [8] Undefined property: stdClass::$access_token D:\Coding\xampp\htdocs\dashboard\PHYMAN\Background\Home\Controller\NotiController.class.php 第 38 行.
NOTIC: [8] Undefined property: stdClass::$access_token D:\Coding\xampp\htdocs\dashboard\PHYMAN\Background\Home\Controller\NotiController.class.php 第 39 行.
NOTIC: [8192] mysql_connect(): The mysql extension is deprecated and will be removed in the future: use mysqli or PDO instead D:\Coding\xampp\htdocs\dashboard\PHYMAN\ThinkPHP\Library\Think\Db\Driver\Mysql.class.php 第 52 行.
SQL: select id,title,date,grade from phyman_article order by date desc [ RunTime:0.000731s ]
NOTIC: [8] Undefined property: stdClass::$username D:\Coding\xampp\htdocs\dashboard\PHYMAN\Background\Home\Controller\NotiController.class.php 第 95 行.
NOTIC: [8] Undefined property: stdClass::$access_token D:\Coding\xampp\htdocs\dashboard\PHYMAN\Background\Home\Controller\NotiController.class.php 第 98 行.
INFO: [ view_parse ] --START--
INFO: [ template_filter ] --START--
INFO: Run Behavior\ContentReplaceBehavior [ RunTime:0.000473s ]
INFO: [ template_filter ] --END-- [ RunTime:0.001635s ]
INFO: Run Behavior\ParseTemplateBehavior [ RunTime:0.027169s ]
INFO: [ view_parse ] --END-- [ RunTime:0.028285s ]
INFO: [ view_filter ] --START--
INFO: Run Behavior\WriteHtmlCacheBehavior [ RunTime:0.003115s ]
INFO: [ view_filter ] --END-- [ RunTime:0.004467s ]
INFO: [ app_end ] --START--
INFO: Run Behavior\ShowPageTraceBehavior [ RunTime:0.003901s ]
INFO: [ app_end ] --END-- [ RunTime:0.005019s ]

[ 2016-03-03T12:56:02+08:00 ] 127.0.0.1 /PHYMAN/
INFO: [ app_init ] --START--
INFO: Run Behavior\BuildLiteBehavior [ RunTime:0.000218s ]
INFO: [ app_init ] --END-- [ RunTime:0.002509s ]
INFO: [ app_begin ] --START--
INFO: Run Behavior\ReadHtmlCacheBehavior [ RunTime:0.003106s ]
INFO: [ app_begin ] --END-- [ RunTime:0.004465s ]
INFO: [ view_parse ] --START--
INFO: [ template_filter ] --START--
INFO: Run Behavior\ContentReplaceBehavior [ RunTime:0.000549s ]
INFO: [ template_filter ] --END-- [ RunTime:0.002026s ]
INFO: Run Behavior\ParseTemplateBehavior [ RunTime:0.027975s ]
INFO: [ view_parse ] --END-- [ RunTime:0.029162s ]
INFO: [ view_filter ] --START--
INFO: Run Behavior\WriteHtmlCacheBehavior [ RunTime:0.003377s ]
INFO: [ view_filter ] --END-- [ RunTime:0.004545s ]
INFO: [ app_end ] --START--
INFO: Run Behavior\ShowPageTraceBehavior [ RunTime:0.003933s ]
INFO: [ app_end ] --END-- [ RunTime:0.005031s ]

[ 2016-03-03T12:56:04+08:00 ] 127.0.0.1 /PHYMAN/index.php/Home/Noti/getList
INFO: [ app_init ] --START--
INFO: Run Behavior\BuildLiteBehavior [ RunTime:0.000212s ]
INFO: [ app_init ] --END-- [ RunTime:0.002454s ]
INFO: [ app_begin ] --START--
INFO: Run Behavior\ReadHtmlCacheBehavior [ RunTime:0.003797s ]
INFO: [ app_begin ] --END-- [ RunTime:0.006137s ]
NOTIC: [8] Use of undefined constant Vendor - assumed 'Vendor' D:\Coding\xampp\htdocs\dashboard\PHYMAN\Background\Home\Controller\NotiController.class.php 第 11 行.
NOTIC: [8] Use of undefined constant Classes - assumed 'Classes' D:\Coding\xampp\htdocs\dashboard\PHYMAN\Background\Home\Controller\NotiController.class.php 第 11 行.
NOTIC: [8] Use of undefined constant Writer - assumed 'Writer' D:\Coding\xampp\htdocs\dashboard\PHYMAN\Background\Home\Controller\NotiController.class.php 第 11 行.
NOTIC: [8] Use of undefined constant Excel5 - assumed 'Excel5' D:\Coding\xampp\htdocs\dashboard\PHYMAN\Background\Home\Controller\NotiController.class.php 第 11 行.
NOTIC: [8] Use of undefined constant php - assumed 'php' D:\Coding\xampp\htdocs\dashboard\PHYMAN\Background\Home\Controller\NotiController.class.php 第 11 行.
NOTIC: [8] Use of undefined constant Vendor - assumed 'Vendor' D:\Coding\xampp\htdocs\dashboard\PHYMAN\Background\Home\Controller\NotiController.class.php 第 12 行.
NOTIC: [8] Use of undefined constant Classes - assumed 'Classes' D:\Coding\xampp\htdocs\dashboard\PHYMAN\Background\Home\Controller\NotiController.class.php 第 12 行.
NOTIC: [8] Use of undefined constant IOFactory - assumed 'IOFactory' D:\Coding\xampp\htdocs\dashboard\PHYMAN\Background\Home\Controller\NotiController.class.php 第 12 行.
NOTIC: [8] Use of undefined constant php - assumed 'php' D:\Coding\xampp\htdocs\dashboard\PHYMAN\Background\Home\Controller\NotiController.class.php 第 12 行.
NOTIC: [8] Undefined property: stdClass::$access_token D:\Coding\xampp\htdocs\dashboard\PHYMAN\Background\Home\Controller\NotiController.class.php 第 38 行.
NOTIC: [8] Undefined property: stdClass::$access_token D:\Coding\xampp\htdocs\dashboard\PHYMAN\Background\Home\Controller\NotiController.class.php 第 39 行.
NOTIC: [8192] mysql_connect(): The mysql extension is deprecated and will be removed in the future: use mysqli or PDO instead D:\Coding\xampp\htdocs\dashboard\PHYMAN\ThinkPHP\Library\Think\Db\Driver\Mysql.class.php 第 52 行.
SQL: select id,title,date,grade from phyman_article order by date desc [ RunTime:0.000877s ]
NOTIC: [8] Undefined property: stdClass::$username D:\Coding\xampp\htdocs\dashboard\PHYMAN\Background\Home\Controller\NotiController.class.php 第 95 行.
NOTIC: [8] Undefined property: stdClass::$access_token D:\Coding\xampp\htdocs\dashboard\PHYMAN\Background\Home\Controller\NotiController.class.php 第 98 行.
INFO: [ view_parse ] --START--
INFO: [ template_filter ] --START--
INFO: Run Behavior\ContentReplaceBehavior [ RunTime:0.000496s ]
INFO: [ template_filter ] --END-- [ RunTime:0.001710s ]
INFO: Run Behavior\ParseTemplateBehavior [ RunTime:0.035208s ]
INFO: [ view_parse ] --END-- [ RunTime:0.036321s ]
INFO: [ view_filter ] --START--
INFO: Run Behavior\WriteHtmlCacheBehavior [ RunTime:0.002925s ]
INFO: [ view_filter ] --END-- [ RunTime:0.004060s ]
INFO: [ app_end ] --START--
INFO: Run Behavior\ShowPageTraceBehavior [ RunTime:0.004810s ]
INFO: [ app_end ] --END-- [ RunTime:0.006472s ]

[ 2016-03-03T12:56:09+08:00 ] 127.0.0.1 /PHYMAN/
INFO: [ app_init ] --START--
INFO: Run Behavior\BuildLiteBehavior [ RunTime:0.000212s ]
INFO: [ app_init ] --END-- [ RunTime:0.002419s ]
INFO: [ app_begin ] --START--
INFO: Run Behavior\ReadHtmlCacheBehavior [ RunTime:0.003179s ]
INFO: [ app_begin ] --END-- [ RunTime:0.004343s ]
INFO: [ view_parse ] --START--
INFO: [ template_filter ] --START--
INFO: Run Behavior\ContentReplaceBehavior [ RunTime:0.001209s ]
INFO: [ template_filter ] --END-- [ RunTime:0.002361s ]
INFO: Run Behavior\ParseTemplateBehavior [ RunTime:0.028087s ]
INFO: [ view_parse ] --END-- [ RunTime:0.029225s ]
INFO: [ view_filter ] --START--
INFO: Run Behavior\WriteHtmlCacheBehavior [ RunTime:0.003260s ]
INFO: [ view_filter ] --END-- [ RunTime:0.004406s ]
INFO: [ app_end ] --START--
INFO: Run Behavior\ShowPageTraceBehavior [ RunTime:0.003714s ]
INFO: [ app_end ] --END-- [ RunTime:0.004856s ]

[ 2016-03-03T12:56:10+08:00 ] 127.0.0.1 /PHYMAN/index.php/Home/Noti/getList
INFO: [ app_init ] --START--
INFO: Run Behavior\BuildLiteBehavior [ RunTime:0.000265s ]
INFO: [ app_init ] --END-- [ RunTime:0.002660s ]
INFO: [ app_begin ] --START--
INFO: Run Behavior\ReadHtmlCacheBehavior [ RunTime:0.003230s ]
INFO: [ app_begin ] --END-- [ RunTime:0.004368s ]
NOTIC: [8] Use of undefined constant Vendor - assumed 'Vendor' D:\Coding\xampp\htdocs\dashboard\PHYMAN\Background\Home\Controller\NotiController.class.php 第 11 行.
NOTIC: [8] Use of undefined constant Classes - assumed 'Classes' D:\Coding\xampp\htdocs\dashboard\PHYMAN\Background\Home\Controller\NotiController.class.php 第 11 行.
NOTIC: [8] Use of undefined constant Writer - assumed 'Writer' D:\Coding\xampp\htdocs\dashboard\PHYMAN\Background\Home\Controller\NotiController.class.php 第 11 行.
NOTIC: [8] Use of undefined constant Excel5 - assumed 'Excel5' D:\Coding\xampp\htdocs\dashboard\PHYMAN\Background\Home\Controller\NotiController.class.php 第 11 行.
NOTIC: [8] Use of undefined constant php - assumed 'php' D:\Coding\xampp\htdocs\dashboard\PHYMAN\Background\Home\Controller\NotiController.class.php 第 11 行.
NOTIC: [8] Use of undefined constant Vendor - assumed 'Vendor' D:\Coding\xampp\htdocs\dashboard\PHYMAN\Background\Home\Controller\NotiController.class.php 第 12 行.
NOTIC: [8] Use of undefined constant Classes - assumed 'Classes' D:\Coding\xampp\htdocs\dashboard\PHYMAN\Background\Home\Controller\NotiController.class.php 第 12 行.
NOTIC: [8] Use of undefined constant IOFactory - assumed 'IOFactory' D:\Coding\xampp\htdocs\dashboard\PHYMAN\Background\Home\Controller\NotiController.class.php 第 12 行.
NOTIC: [8] Use of undefined constant php - assumed 'php' D:\Coding\xampp\htdocs\dashboard\PHYMAN\Background\Home\Controller\NotiController.class.php 第 12 行.
NOTIC: [8] Undefined property: stdClass::$access_token D:\Coding\xampp\htdocs\dashboard\PHYMAN\Background\Home\Controller\NotiController.class.php 第 38 行.
NOTIC: [8] Undefined property: stdClass::$access_token D:\Coding\xampp\htdocs\dashboard\PHYMAN\Background\Home\Controller\NotiController.class.php 第 39 行.
NOTIC: [8192] mysql_connect(): The mysql extension is deprecated and will be removed in the future: use mysqli or PDO instead D:\Coding\xampp\htdocs\dashboard\PHYMAN\ThinkPHP\Library\Think\Db\Driver\Mysql.class.php 第 52 行.
SQL: select id,title,date,grade from phyman_article order by date desc [ RunTime:0.000690s ]
NOTIC: [8] Undefined property: stdClass::$username D:\Coding\xampp\htdocs\dashboard\PHYMAN\Background\Home\Controller\NotiController.class.php 第 95 行.
NOTIC: [8] Undefined property: stdClass::$access_token D:\Coding\xampp\htdocs\dashboard\PHYMAN\Background\Home\Controller\NotiController.class.php 第 98 行.
INFO: [ view_parse ] --START--
INFO: [ template_filter ] --START--
INFO: Run Behavior\ContentReplaceBehavior [ RunTime:0.000474s ]
INFO: [ template_filter ] --END-- [ RunTime:0.001611s ]
INFO: Run Behavior\ParseTemplateBehavior [ RunTime:0.031338s ]
INFO: [ view_parse ] --END-- [ RunTime:0.032843s ]
INFO: [ view_filter ] --START--
INFO: Run Behavior\WriteHtmlCacheBehavior [ RunTime:0.003990s ]
INFO: [ view_filter ] --END-- [ RunTime:0.005584s ]
INFO: [ app_end ] --START--
INFO: Run Behavior\ShowPageTraceBehavior [ RunTime:0.003138s ]
INFO: [ app_end ] --END-- [ RunTime:0.004244s ]

[ 2016-03-03T12:57:48+08:00 ] 127.0.0.1 /PHYMAN/index.php?m=Home&c=Index&a=login
INFO: [ app_init ] --START--
INFO: Run Behavior\BuildLiteBehavior [ RunTime:0.000211s ]
INFO: [ app_init ] --END-- [ RunTime:0.002186s ]
INFO: [ app_begin ] --START--
INFO: Run Behavior\ReadHtmlCacheBehavior [ RunTime:0.002701s ]
INFO: [ app_begin ] --END-- [ RunTime:0.004295s ]
NOTIC: [8192] mysql_connect(): The mysql extension is deprecated and will be removed in the future: use mysqli or PDO instead D:\Coding\xampp\htdocs\dashboard\PHYMAN\ThinkPHP\Library\Think\Db\Driver\Mysql.class.php 第 52 行.
SQL: select psw,authority from phyman_user where id=201522040840 [ RunTime:0.000624s ]
INFO: [ app_end ] --START--
INFO: Run Behavior\ShowPageTraceBehavior [ RunTime:0.003365s ]
INFO: [ app_end ] --END-- [ RunTime:0.005663s ]

[ 2016-03-03T12:57:49+08:00 ] 127.0.0.1 /PHYMAN/index.php/Home/Noti/getList
INFO: [ app_init ] --START--
INFO: Run Behavior\BuildLiteBehavior [ RunTime:0.000222s ]
INFO: [ app_init ] --END-- [ RunTime:0.002346s ]
INFO: [ app_begin ] --START--
INFO: Run Behavior\ReadHtmlCacheBehavior [ RunTime:0.002142s ]
INFO: [ app_begin ] --END-- [ RunTime:0.003772s ]
NOTIC: [8] Use of undefined constant Vendor - assumed 'Vendor' D:\Coding\xampp\htdocs\dashboard\PHYMAN\Background\Home\Controller\NotiController.class.php 第 11 行.
NOTIC: [8] Use of undefined constant Classes - assumed 'Classes' D:\Coding\xampp\htdocs\dashboard\PHYMAN\Background\Home\Controller\NotiController.class.php 第 11 行.
NOTIC: [8] Use of undefined constant Writer - assumed 'Writer' D:\Coding\xampp\htdocs\dashboard\PHYMAN\Background\Home\Controller\NotiController.class.php 第 11 行.
NOTIC: [8] Use of undefined constant Excel5 - assumed 'Excel5' D:\Coding\xampp\htdocs\dashboard\PHYMAN\Background\Home\Controller\NotiController.class.php 第 11 行.
NOTIC: [8] Use of undefined constant php - assumed 'php' D:\Coding\xampp\htdocs\dashboard\PHYMAN\Background\Home\Controller\NotiController.class.php 第 11 行.
NOTIC: [8] Use of undefined constant Vendor - assumed 'Vendor' D:\Coding\xampp\htdocs\dashboard\PHYMAN\Background\Home\Controller\NotiController.class.php 第 12 行.
NOTIC: [8] Use of undefined constant Classes - assumed 'Classes' D:\Coding\xampp\htdocs\dashboard\PHYMAN\Background\Home\Controller\NotiController.class.php 第 12 行.
NOTIC: [8] Use of undefined constant IOFactory - assumed 'IOFactory' D:\Coding\xampp\htdocs\dashboard\PHYMAN\Background\Home\Controller\NotiController.class.php 第 12 行.
NOTIC: [8] Use of undefined constant php - assumed 'php' D:\Coding\xampp\htdocs\dashboard\PHYMAN\Background\Home\Controller\NotiController.class.php 第 12 行.
NOTIC: [8192] mysql_connect(): The mysql extension is deprecated and will be removed in the future: use mysqli or PDO instead D:\Coding\xampp\htdocs\dashboard\PHYMAN\ThinkPHP\Library\Think\Db\Driver\Mysql.class.php 第 52 行.
SQL: select id,title,date,grade from phyman_article order by date desc [ RunTime:0.000735s ]
NOTIC: [8] Undefined variable: log D:\Coding\xampp\htdocs\dashboard\PHYMAN\Background\Home\Controller\NotiController.class.php 第 97 行.
INFO: [ view_parse ] --START--
INFO: [ template_filter ] --START--
INFO: Run Behavior\ContentReplaceBehavior [ RunTime:0.000727s ]
INFO: [ template_filter ] --END-- [ RunTime:0.002123s ]
INFO: Run Behavior\ParseTemplateBehavior [ RunTime:0.028421s ]
INFO: [ view_parse ] --END-- [ RunTime:0.029600s ]
INFO: [ view_filter ] --START--
INFO: Run Behavior\WriteHtmlCacheBehavior [ RunTime:0.002533s ]
INFO: [ view_filter ] --END-- [ RunTime:0.004581s ]
INFO: [ app_end ] --START--
INFO: Run Behavior\ShowPageTraceBehavior [ RunTime:0.003346s ]
INFO: [ app_end ] --END-- [ RunTime:0.005012s ]

[ 2016-03-03T13:00:10+08:00 ] 127.0.0.1 /PHYMAN/
INFO: [ app_init ] --START--
INFO: Run Behavior\BuildLiteBehavior [ RunTime:0.000229s ]
INFO: [ app_init ] --END-- [ RunTime:0.002766s ]
INFO: [ app_begin ] --START--
INFO: Run Behavior\ReadHtmlCacheBehavior [ RunTime:0.002590s ]
INFO: [ app_begin ] --END-- [ RunTime:0.004299s ]
INFO: [ view_parse ] --START--
INFO: [ template_filter ] --START--
INFO: Run Behavior\ContentReplaceBehavior [ RunTime:0.000568s ]
INFO: [ template_filter ] --END-- [ RunTime:0.001926s ]
INFO: Run Behavior\ParseTemplateBehavior [ RunTime:0.028200s ]
INFO: [ view_parse ] --END-- [ RunTime:0.029381s ]
INFO: [ view_filter ] --START--
INFO: Run Behavior\WriteHtmlCacheBehavior [ RunTime:0.001619s ]
INFO: [ view_filter ] --END-- [ RunTime:0.002753s ]
INFO: [ app_end ] --START--
INFO: Run Behavior\ShowPageTraceBehavior [ RunTime:0.001918s ]
INFO: [ app_end ] --END-- [ RunTime:0.003039s ]

[ 2016-03-03T13:00:13+08:00 ] 127.0.0.1 /PHYMAN/
INFO: [ app_init ] --START--
INFO: Run Behavior\BuildLiteBehavior [ RunTime:0.000365s ]
INFO: [ app_init ] --END-- [ RunTime:0.002905s ]
INFO: [ app_begin ] --START--
INFO: Run Behavior\ReadHtmlCacheBehavior [ RunTime:0.001734s ]
INFO: [ app_begin ] --END-- [ RunTime:0.002854s ]
INFO: [ view_parse ] --START--
INFO: [ template_filter ] --START--
INFO: Run Behavior\ContentReplaceBehavior [ RunTime:0.000560s ]
INFO: [ template_filter ] --END-- [ RunTime:0.001966s ]
INFO: Run Behavior\ParseTemplateBehavior [ RunTime:0.024572s ]
INFO: [ view_parse ] --END-- [ RunTime:0.025717s ]
INFO: [ view_filter ] --START--
INFO: Run Behavior\WriteHtmlCacheBehavior [ RunTime:0.002052s ]
INFO: [ view_filter ] --END-- [ RunTime:0.003352s ]
INFO: [ app_end ] --START--
INFO: Run Behavior\ShowPageTraceBehavior [ RunTime:0.001978s ]
INFO: [ app_end ] --END-- [ RunTime:0.003077s ]

[ 2016-03-03T13:00:19+08:00 ] 127.0.0.1 /PHYMAN/
INFO: [ app_init ] --START--
INFO: Run Behavior\BuildLiteBehavior [ RunTime:0.000213s ]
INFO: [ app_init ] --END-- [ RunTime:0.001963s ]
INFO: [ app_begin ] --START--
INFO: Run Behavior\ReadHtmlCacheBehavior [ RunTime:0.002187s ]
INFO: [ app_begin ] --END-- [ RunTime:0.003664s ]
INFO: [ view_parse ] --START--
INFO: [ template_filter ] --START--
INFO: Run Behavior\ContentReplaceBehavior [ RunTime:0.000510s ]
INFO: [ template_filter ] --END-- [ RunTime:0.001833s ]
INFO: Run Behavior\ParseTemplateBehavior [ RunTime:0.023020s ]
INFO: [ view_parse ] --END-- [ RunTime:0.024175s ]
INFO: [ view_filter ] --START--
INFO: Run Behavior\WriteHtmlCacheBehavior [ RunTime:0.001442s ]
INFO: [ view_filter ] --END-- [ RunTime:0.002696s ]
INFO: [ app_end ] --START--
INFO: Run Behavior\ShowPageTraceBehavior [ RunTime:0.001710s ]
INFO: [ app_end ] --END-- [ RunTime:0.002958s ]

[ 2016-03-03T13:00:32+08:00 ] 127.0.0.1 /PHYMAN/index.php?m=Home&c=Index&a=login
INFO: [ app_init ] --START--
INFO: Run Behavior\BuildLiteBehavior [ RunTime:0.000213s ]
INFO: [ app_init ] --END-- [ RunTime:0.002417s ]
INFO: [ app_begin ] --START--
INFO: Run Behavior\ReadHtmlCacheBehavior [ RunTime:0.001334s ]
INFO: [ app_begin ] --END-- [ RunTime:0.002494s ]
NOTIC: [8192] mysql_connect(): The mysql extension is deprecated and will be removed in the future: use mysqli or PDO instead D:\Coding\xampp\htdocs\dashboard\PHYMAN\ThinkPHP\Library\Think\Db\Driver\Mysql.class.php 第 52 行.
SQL: select psw,authority from phyman_user where id=201522040840 [ RunTime:0.000922s ]
INFO: [ app_end ] --START--
INFO: Run Behavior\ShowPageTraceBehavior [ RunTime:0.002061s ]
INFO: [ app_end ] --END-- [ RunTime:0.003776s ]

[ 2016-03-03T13:00:32+08:00 ] 127.0.0.1 /PHYMAN/index.php/Home/Noti/getList
INFO: [ app_init ] --START--
INFO: Run Behavior\BuildLiteBehavior [ RunTime:0.000211s ]
INFO: [ app_init ] --END-- [ RunTime:0.002183s ]
INFO: [ app_begin ] --START--
INFO: Run Behavior\ReadHtmlCacheBehavior [ RunTime:0.001294s ]
INFO: [ app_begin ] --END-- [ RunTime:0.002455s ]
NOTIC: [8] Use of undefined constant Vendor - assumed 'Vendor' D:\Coding\xampp\htdocs\dashboard\PHYMAN\Background\Home\Controller\NotiController.class.php 第 11 行.
NOTIC: [8] Use of undefined constant Classes - assumed 'Classes' D:\Coding\xampp\htdocs\dashboard\PHYMAN\Background\Home\Controller\NotiController.class.php 第 11 行.
NOTIC: [8] Use of undefined constant Writer - assumed 'Writer' D:\Coding\xampp\htdocs\dashboard\PHYMAN\Background\Home\Controller\NotiController.class.php 第 11 行.
NOTIC: [8] Use of undefined constant Excel5 - assumed 'Excel5' D:\Coding\xampp\htdocs\dashboard\PHYMAN\Background\Home\Controller\NotiController.class.php 第 11 行.
NOTIC: [8] Use of undefined constant php - assumed 'php' D:\Coding\xampp\htdocs\dashboard\PHYMAN\Background\Home\Controller\NotiController.class.php 第 11 行.
NOTIC: [8] Use of undefined constant Vendor - assumed 'Vendor' D:\Coding\xampp\htdocs\dashboard\PHYMAN\Background\Home\Controller\NotiController.class.php 第 12 行.
NOTIC: [8] Use of undefined constant Classes - assumed 'Classes' D:\Coding\xampp\htdocs\dashboard\PHYMAN\Background\Home\Controller\NotiController.class.php 第 12 行.
NOTIC: [8] Use of undefined constant IOFactory - assumed 'IOFactory' D:\Coding\xampp\htdocs\dashboard\PHYMAN\Background\Home\Controller\NotiController.class.php 第 12 行.
NOTIC: [8] Use of undefined constant php - assumed 'php' D:\Coding\xampp\htdocs\dashboard\PHYMAN\Background\Home\Controller\NotiController.class.php 第 12 行.
NOTIC: [8192] mysql_connect(): The mysql extension is deprecated and will be removed in the future: use mysqli or PDO instead D:\Coding\xampp\htdocs\dashboard\PHYMAN\ThinkPHP\Library\Think\Db\Driver\Mysql.class.php 第 52 行.
SQL: select id,title,date,grade from phyman_article order by date desc [ RunTime:0.000797s ]
INFO: [ app_end ] --START--
INFO: Run Behavior\ShowPageTraceBehavior [ RunTime:0.005151s ]
INFO: [ app_end ] --END-- [ RunTime:0.006826s ]

[ 2016-03-03T13:01:05+08:00 ] 127.0.0.1 /PHYMAN/
INFO: [ app_init ] --START--
INFO: Run Behavior\BuildLiteBehavior [ RunTime:0.000229s ]
INFO: [ app_init ] --END-- [ RunTime:0.004265s ]
INFO: [ app_begin ] --START--
INFO: Run Behavior\ReadHtmlCacheBehavior [ RunTime:0.003202s ]
INFO: [ app_begin ] --END-- [ RunTime:0.004735s ]
INFO: [ view_parse ] --START--
INFO: [ template_filter ] --START--
INFO: Run Behavior\ContentReplaceBehavior [ RunTime:0.000507s ]
INFO: [ template_filter ] --END-- [ RunTime:0.001785s ]
INFO: Run Behavior\ParseTemplateBehavior [ RunTime:0.029882s ]
INFO: [ view_parse ] --END-- [ RunTime:0.030997s ]
INFO: [ view_filter ] --START--
INFO: Run Behavior\WriteHtmlCacheBehavior [ RunTime:0.003372s ]
INFO: [ view_filter ] --END-- [ RunTime:0.004476s ]
INFO: [ app_end ] --START--
INFO: Run Behavior\ShowPageTraceBehavior [ RunTime:0.003156s ]
INFO: [ app_end ] --END-- [ RunTime:0.004282s ]

[ 2016-03-03T13:01:10+08:00 ] 127.0.0.1 /PHYMAN/
INFO: [ app_init ] --START--
INFO: Run Behavior\BuildLiteBehavior [ RunTime:0.000400s ]
INFO: [ app_init ] --END-- [ RunTime:0.003238s ]
INFO: [ app_begin ] --START--
INFO: Run Behavior\ReadHtmlCacheBehavior [ RunTime:0.001743s ]
INFO: [ app_begin ] --END-- [ RunTime:0.002972s ]
INFO: [ view_parse ] --START--
INFO: [ template_filter ] --START--
INFO: Run Behavior\ContentReplaceBehavior [ RunTime:0.000486s ]
INFO: [ template_filter ] --END-- [ RunTime:0.001687s ]
INFO: Run Behavior\ParseTemplateBehavior [ RunTime:0.024950s ]
INFO: [ view_parse ] --END-- [ RunTime:0.026215s ]
INFO: [ view_filter ] --START--
INFO: Run Behavior\WriteHtmlCacheBehavior [ RunTime:0.001842s ]
INFO: [ view_filter ] --END-- [ RunTime:0.003499s ]
INFO: [ app_end ] --START--
INFO: Run Behavior\ShowPageTraceBehavior [ RunTime:0.002751s ]
INFO: [ app_end ] --END-- [ RunTime:0.004458s ]

[ 2016-03-03T13:01:39+08:00 ] 127.0.0.1 /PHYMAN/index.php?m=Home&c=Index&a=login
INFO: [ app_init ] --START--
INFO: Run Behavior\BuildLiteBehavior [ RunTime:0.000253s ]
INFO: [ app_init ] --END-- [ RunTime:0.002376s ]
INFO: [ app_begin ] --START--
INFO: Run Behavior\ReadHtmlCacheBehavior [ RunTime:0.002028s ]
INFO: [ app_begin ] --END-- [ RunTime:0.003596s ]
NOTIC: [8192] mysql_connect(): The mysql extension is deprecated and will be removed in the future: use mysqli or PDO instead D:\Coding\xampp\htdocs\dashboard\PHYMAN\ThinkPHP\Library\Think\Db\Driver\Mysql.class.php 第 52 行.
SQL: select psw,authority from phyman_user where id=201522040840 [ RunTime:0.000881s ]
INFO: [ app_end ] --START--
INFO: Run Behavior\ShowPageTraceBehavior [ RunTime:0.002466s ]
INFO: [ app_end ] --END-- [ RunTime:0.004047s ]

[ 2016-03-03T13:01:39+08:00 ] 127.0.0.1 /PHYMAN/index.php/Home/Noti/getList
INFO: [ app_init ] --START--
INFO: Run Behavior\BuildLiteBehavior [ RunTime:0.000374s ]
INFO: [ app_init ] --END-- [ RunTime:0.003557s ]
INFO: [ app_begin ] --START--
INFO: Run Behavior\ReadHtmlCacheBehavior [ RunTime:0.002184s ]
INFO: [ app_begin ] --END-- [ RunTime:0.003804s ]
NOTIC: [8] Use of undefined constant Vendor - assumed 'Vendor' D:\Coding\xampp\htdocs\dashboard\PHYMAN\Background\Home\Controller\NotiController.class.php 第 11 行.
NOTIC: [8] Use of undefined constant Classes - assumed 'Classes' D:\Coding\xampp\htdocs\dashboard\PHYMAN\Background\Home\Controller\NotiController.class.php 第 11 行.
NOTIC: [8] Use of undefined constant Writer - assumed 'Writer' D:\Coding\xampp\htdocs\dashboard\PHYMAN\Background\Home\Controller\NotiController.class.php 第 11 行.
NOTIC: [8] Use of undefined constant Excel5 - assumed 'Excel5' D:\Coding\xampp\htdocs\dashboard\PHYMAN\Background\Home\Controller\NotiController.class.php 第 11 行.
NOTIC: [8] Use of undefined constant php - assumed 'php' D:\Coding\xampp\htdocs\dashboard\PHYMAN\Background\Home\Controller\NotiController.class.php 第 11 行.
NOTIC: [8] Use of undefined constant Vendor - assumed 'Vendor' D:\Coding\xampp\htdocs\dashboard\PHYMAN\Background\Home\Controller\NotiController.class.php 第 12 行.
NOTIC: [8] Use of undefined constant Classes - assumed 'Classes' D:\Coding\xampp\htdocs\dashboard\PHYMAN\Background\Home\Controller\NotiController.class.php 第 12 行.
NOTIC: [8] Use of undefined constant IOFactory - assumed 'IOFactory' D:\Coding\xampp\htdocs\dashboard\PHYMAN\Background\Home\Controller\NotiController.class.php 第 12 行.
NOTIC: [8] Use of undefined constant php - assumed 'php' D:\Coding\xampp\htdocs\dashboard\PHYMAN\Background\Home\Controller\NotiController.class.php 第 12 行.
NOTIC: [8192] mysql_connect(): The mysql extension is deprecated and will be removed in the future: use mysqli or PDO instead D:\Coding\xampp\htdocs\dashboard\PHYMAN\ThinkPHP\Library\Think\Db\Driver\Mysql.class.php 第 52 行.
SQL: select id,title,date,grade from phyman_article order by date desc [ RunTime:0.000860s ]
INFO: [ app_end ] --START--
INFO: Run Behavior\ShowPageTraceBehavior [ RunTime:0.002642s ]
INFO: [ app_end ] --END-- [ RunTime:0.003828s ]

[ 2016-03-03T13:01:48+08:00 ] 127.0.0.1 /PHYMAN/
INFO: [ app_init ] --START--
INFO: Run Behavior\BuildLiteBehavior [ RunTime:0.000250s ]
INFO: [ app_init ] --END-- [ RunTime:0.002741s ]
INFO: [ app_begin ] --START--
INFO: Run Behavior\ReadHtmlCacheBehavior [ RunTime:0.001741s ]
INFO: [ app_begin ] --END-- [ RunTime:0.002854s ]
INFO: [ view_parse ] --START--
INFO: [ template_filter ] --START--
INFO: Run Behavior\ContentReplaceBehavior [ RunTime:0.000504s ]
INFO: [ template_filter ] --END-- [ RunTime:0.001651s ]
INFO: Run Behavior\ParseTemplateBehavior [ RunTime:0.041299s ]
INFO: [ view_parse ] --END-- [ RunTime:0.042560s ]
INFO: [ view_filter ] --START--
INFO: Run Behavior\WriteHtmlCacheBehavior [ RunTime:0.001789s ]
INFO: [ view_filter ] --END-- [ RunTime:0.002968s ]
INFO: [ app_end ] --START--
INFO: Run Behavior\ShowPageTraceBehavior [ RunTime:0.001945s ]
INFO: [ app_end ] --END-- [ RunTime:0.003053s ]

[ 2016-03-03T13:01:50+08:00 ] 127.0.0.1 /PHYMAN/index.php/Home/Noti/getList
INFO: [ app_init ] --START--
INFO: Run Behavior\BuildLiteBehavior [ RunTime:0.000224s ]
INFO: [ app_init ] --END-- [ RunTime:0.002125s ]
INFO: [ app_begin ] --START--
INFO: Run Behavior\ReadHtmlCacheBehavior [ RunTime:0.001766s ]
INFO: [ app_begin ] --END-- [ RunTime:0.003028s ]
NOTIC: [8] Use of undefined constant Vendor - assumed 'Vendor' D:\Coding\xampp\htdocs\dashboard\PHYMAN\Background\Home\Controller\NotiController.class.php 第 11 行.
NOTIC: [8] Use of undefined constant Classes - assumed 'Classes' D:\Coding\xampp\htdocs\dashboard\PHYMAN\Background\Home\Controller\NotiController.class.php 第 11 行.
NOTIC: [8] Use of undefined constant Writer - assumed 'Writer' D:\Coding\xampp\htdocs\dashboard\PHYMAN\Background\Home\Controller\NotiController.class.php 第 11 行.
NOTIC: [8] Use of undefined constant Excel5 - assumed 'Excel5' D:\Coding\xampp\htdocs\dashboard\PHYMAN\Background\Home\Controller\NotiController.class.php 第 11 行.
NOTIC: [8] Use of undefined constant php - assumed 'php' D:\Coding\xampp\htdocs\dashboard\PHYMAN\Background\Home\Controller\NotiController.class.php 第 11 行.
NOTIC: [8] Use of undefined constant Vendor - assumed 'Vendor' D:\Coding\xampp\htdocs\dashboard\PHYMAN\Background\Home\Controller\NotiController.class.php 第 12 行.
NOTIC: [8] Use of undefined constant Classes - assumed 'Classes' D:\Coding\xampp\htdocs\dashboard\PHYMAN\Background\Home\Controller\NotiController.class.php 第 12 行.
NOTIC: [8] Use of undefined constant IOFactory - assumed 'IOFactory' D:\Coding\xampp\htdocs\dashboard\PHYMAN\Background\Home\Controller\NotiController.class.php 第 12 行.
NOTIC: [8] Use of undefined constant php - assumed 'php' D:\Coding\xampp\htdocs\dashboard\PHYMAN\Background\Home\Controller\NotiController.class.php 第 12 行.
NOTIC: [8] Undefined property: stdClass::$access_token D:\Coding\xampp\htdocs\dashboard\PHYMAN\Background\Home\Controller\NotiController.class.php 第 38 行.
NOTIC: [8] Undefined property: stdClass::$access_token D:\Coding\xampp\htdocs\dashboard\PHYMAN\Background\Home\Controller\NotiController.class.php 第 39 行.
NOTIC: [8192] mysql_connect(): The mysql extension is deprecated and will be removed in the future: use mysqli or PDO instead D:\Coding\xampp\htdocs\dashboard\PHYMAN\ThinkPHP\Library\Think\Db\Driver\Mysql.class.php 第 52 行.
SQL: select id,title,date,grade from phyman_article order by date desc [ RunTime:0.000782s ]
NOTIC: [8] Undefined property: stdClass::$username D:\Coding\xampp\htdocs\dashboard\PHYMAN\Background\Home\Controller\NotiController.class.php 第 95 行.
NOTIC: [8] Undefined property: stdClass::$access_token D:\Coding\xampp\htdocs\dashboard\PHYMAN\Background\Home\Controller\NotiController.class.php 第 98 行.
INFO: [ app_end ] --START--
INFO: Run Behavior\ShowPageTraceBehavior [ RunTime:0.002065s ]
INFO: [ app_end ] --END-- [ RunTime:0.003224s ]

